

 system info:
 ------------
 molecule          = c10h12
 point group       = C2h
 basis set         = 631g

 localization      = ibo
 assignment        = iao

 electrons         = 72
 occupied orbitals = 36
 virtual orbitals  = 78
 total orbitals    = 114

 git version: 40b1069d275b9fbec033b1d1273def79934bab4f


 ** hartree-fock

  MO  |   canonical   |   localized   |     atom(s)    |   bond length
------------------------------------------------------------------------
   0  |    -41.798    |    -41.855    |       C       |           
   1  |    -41.572    |    -41.855    |       C       |           
   2  |    -41.533    |    -41.617    |       C       |           
   3  |    -41.136    |    -41.617    |       C       |           
   4  |    -41.061    |    -41.108    |       C       |           
   5  |    -41.043    |    -41.108    |       C       |           
   6  |    -40.876    |    -40.073    |       C       |           
   7  |    -40.271    |    -40.073    |       C       |           
   8  |    -38.248    |    -38.240    |       C       |           
   9  |    -38.248    |    -38.240    |       C       |           
  10  |    -17.390    |    -33.693    |     C & C     |      1.359
  11  |    -16.664    |    -32.742    |     C & C     |      1.357
  12  |    -16.302    |    -32.742    |     C & C     |      1.357
  13  |    -16.299    |    -28.629    |     C & C     |      1.344
  14  |    -16.067    |    -28.629    |     C & C     |      1.344
  15  |    -15.879    |    -17.679    |     C & C     |      1.438
  16  |    -15.719    |    -17.679    |     C & C     |      1.438
  17  |    -15.352    |    -16.549    |     C & C     |      1.446
  18  |    -15.305    |    -16.549    |     C & C     |      1.446
  19  |    -15.175    |    -15.377    |     C & H     |      1.090
  20  |    -15.036    |    -15.377    |     C & H     |      1.090
  21  |    -15.033    |    -15.148    |     C & H     |      1.091
  22  |    -14.648    |    -15.148    |     C & H     |      1.091
  23  |    -14.602    |    -14.672    |     C & H     |      1.090
  24  |    -14.590    |    -14.672    |     C & H     |      1.090
  25  |    -14.582    |    -13.697    |     C & H     |      1.090
  26  |    -14.551    |    -13.697    |     C & H     |      1.090
  27  |    -14.412    |    -12.244    |     C & H     |      1.087
  28  |    -14.407    |    -12.244    |     C & H     |      1.087
  29  |    -14.364    |    -11.797    |     C & H     |      1.085
  30  |    -14.314    |    -11.797    |     C & H     |      1.085
  31  |    -14.240    |
  32  |    -14.137    |
  33  |    -14.087    |
  34  |    -13.928    |
  35  |    -13.678    |
------------------------------------------------------------------------
------------------------------------------------------------------------
  sum |   -796.547    |   -796.547    |
------------------------------------------------------------------------
  nuc |   +411.103    |   +411.103    |
------------------------------------------------------------------------
------------------------------------------------------------------------
  sum |   -385.44423  |   -385.44423  |

 *** HF reference energy = -385.44423


