

 system info:
 ------------
 molecule          = c12h14
 point group       = C2h
 basis set         = 631g

 localization      = ibo
 assignment        = iao

 electrons         = 86
 occupied orbitals = 43
 virtual orbitals  = 93
 total orbitals    = 136

 git version: 40b1069d275b9fbec033b1d1273def79934bab4f


 ** hartree-fock

  MO  |   canonical   |   localized   |     atom(s)    |   bond length
------------------------------------------------------------------------
   0  |    -42.843    |    -42.920    |       C       |           
   1  |    -42.721    |    -42.920    |       C       |           
   2  |    -42.553    |    -42.761    |       C       |           
   3  |    -42.438    |    -42.761    |       C       |           
   4  |    -42.428    |    -42.402    |       C       |           
   5  |    -42.216    |    -42.402    |       C       |           
   6  |    -41.742    |    -41.803    |       C       |           
   7  |    -41.740    |    -41.803    |       C       |           
   8  |    -41.466    |    -40.695    |       C       |           
   9  |    -41.000    |    -40.695    |       C       |           
  10  |    -38.812    |    -38.804    |       C       |           
  11  |    -38.812    |    -38.804    |       C       |           
  12  |    -18.455    |    -35.655    |     C & C     |      1.361
  13  |    -17.752    |    -35.655    |     C & C     |      1.361
  14  |    -17.408    |    -34.220    |     C & C     |      1.358
  15  |    -17.350    |    -34.220    |     C & C     |      1.358
  16  |    -17.176    |    -29.816    |     C & C     |      1.344
  17  |    -17.023    |    -29.816    |     C & C     |      1.344
  18  |    -17.003    |    -18.865    |     C & C     |      1.434
  19  |    -16.634    |    -18.526    |     C & C     |      1.436
  20  |    -16.462    |    -18.526    |     C & C     |      1.436
  21  |    -16.419    |    -17.207    |     C & C     |      1.446
  22  |    -16.293    |    -17.207    |     C & C     |      1.446
  23  |    -16.221    |    -16.430    |     C & H     |      1.090
  24  |    -16.166    |    -16.430    |     C & H     |      1.090
  25  |    -15.963    |    -16.275    |     C & H     |      1.090
  26  |    -15.653    |    -16.275    |     C & H     |      1.090
  27  |    -15.650    |    -15.929    |     C & H     |      1.091
  28  |    -15.645    |    -15.929    |     C & H     |      1.091
  29  |    -15.552    |    -15.363    |     C & H     |      1.090
  30  |    -15.483    |    -15.363    |     C & H     |      1.090
  31  |    -15.461    |    -14.317    |     C & H     |      1.090
  32  |    -15.448    |    -14.317    |     C & H     |      1.090
  33  |    -15.441    |    -12.804    |     C & H     |      1.087
  34  |    -15.432    |    -12.804    |     C & H     |      1.087
  35  |    -15.258    |    -12.336    |     C & H     |      1.085
  36  |    -15.256    |    -12.336    |     C & H     |      1.085
  37  |    -15.252    |
  38  |    -15.186    |
  39  |    -15.127    |
  40  |    -14.993    |
  41  |    -14.892    |
  42  |    -14.566    |
------------------------------------------------------------------------
------------------------------------------------------------------------
  sum |   -995.390    |   -995.390    |
------------------------------------------------------------------------
  nuc |   +533.085    |   +533.085    |
------------------------------------------------------------------------
------------------------------------------------------------------------
  sum |   -462.30442  |   -462.30442  |

 *** HF reference energy = -462.30442


