

 system info:
 ------------
 molecule          = c14h16
 point group       = C2h
 basis set         = 631g

 localization      = ibo
 assignment        = iao

 electrons         = 100
 occupied orbitals = 50
 virtual orbitals  = 108
 total orbitals    = 158

 git version: 40b1069d275b9fbec033b1d1273def79934bab4f


 ** hartree-fock

  MO  |   canonical   |   localized   |     atom(s)    |   bond length
------------------------------------------------------------------------
   0  |    -43.739    |    -43.827    |       C       |           
   1  |    -43.564    |    -43.827    |       C       |           
   2  |    -43.537    |    -43.706    |       C       |           
   3  |    -43.492    |    -43.706    |       C       |           
   4  |    -43.266    |    -43.456    |       C       |           
   5  |    -43.261    |    -43.456    |       C       |           
   6  |    -43.157    |    -43.024    |       C       |           
   7  |    -43.132    |    -43.024    |       C       |           
   8  |    -42.303    |    -42.367    |       C       |           
   9  |    -42.303    |    -42.367    |       C       |           
  10  |    -41.803    |    -41.209    |       C       |           
  11  |    -41.605    |    -41.209    |       C       |           
  12  |    -39.287    |    -39.279    |       C       |           
  13  |    -39.287    |    -39.279    |       C       |           
  14  |    -19.361    |    -37.616    |     C & C     |      1.363
  15  |    -18.675    |    -37.133    |     C & C     |      1.362
  16  |    -18.347    |    -37.133    |     C & C     |      1.362
  17  |    -18.256    |    -35.405    |     C & C     |      1.358
  18  |    -18.131    |    -35.405    |     C & C     |      1.358
  19  |    -17.965    |    -30.806    |     C & C     |      1.344
  20  |    -17.964    |    -30.806    |     C & C     |      1.344
  21  |    -17.860    |    -19.712    |     C & C     |      1.432
  22  |    -17.673    |    -19.712    |     C & C     |      1.432
  23  |    -17.418    |    -19.185    |     C & C     |      1.435
  24  |    -17.326    |    -19.185    |     C & C     |      1.435
  25  |    -17.224    |    -17.746    |     C & C     |      1.446
  26  |    -17.216    |    -17.746    |     C & C     |      1.446
  27  |    -17.014    |    -17.328    |     C & H     |      1.090
  28  |    -16.798    |    -17.328    |     C & H     |      1.090
  29  |    -16.692    |    -17.211    |     C & H     |      1.090
  30  |    -16.581    |    -17.211    |     C & H     |      1.090
  31  |    -16.573    |    -16.966    |     C & H     |      1.090
  32  |    -16.535    |    -16.966    |     C & H     |      1.090
  33  |    -16.474    |    -16.549    |     C & H     |      1.091
  34  |    -16.413    |    -16.549    |     C & H     |      1.091
  35  |    -16.403    |    -15.925    |     C & H     |      1.090
  36  |    -16.388    |    -15.925    |     C & H     |      1.090
  37  |    -16.262    |    -14.831    |     C & H     |      1.090
  38  |    -16.210    |    -14.831    |     C & H     |      1.090
  39  |    -16.188    |    -13.276    |     C & H     |      1.087
  40  |    -16.167    |    -13.276    |     C & H     |      1.087
  41  |    -16.164    |    -12.793    |     C & H     |      1.085
  42  |    -16.161    |    -12.793    |     C & H     |      1.085
  43  |    -16.131    |
  44  |    -16.044    |
  45  |    -15.972    |
  46  |    -15.954    |
  47  |    -15.770    |
  48  |    -15.746    |
  49  |    -15.295    |
------------------------------------------------------------------------
------------------------------------------------------------------------
  sum |  -1201.086    |  -1201.086    |
------------------------------------------------------------------------
  nuc |   +661.922    |   +661.922    |
------------------------------------------------------------------------
------------------------------------------------------------------------
  sum |   -539.16455  |   -539.16455  |

 *** HF reference energy = -539.16455


