

 system info:
 ------------
 molecule          = c16h18
 point group       = C2h
 basis set         = 631g

 localization      = ibo
 assignment        = iao

 electrons         = 114
 occupied orbitals = 57
 virtual orbitals  = 123
 total orbitals    = 180

 git version: 40b1069d275b9fbec033b1d1273def79934bab4f


 ** hartree-fock

  MO  |   canonical   |   localized   |     atom(s)    |   bond length
------------------------------------------------------------------------
   0  |    -44.516    |    -44.613    |       C       |           
   1  |    -44.339    |    -44.613    |       C       |           
   2  |    -44.262    |    -44.522    |       C       |           
   3  |    -44.236    |    -44.522    |       C       |           
   4  |    -44.205    |    -44.328    |       C       |           
   5  |    -44.190    |    -44.328    |       C       |           
   6  |    -44.055    |    -44.020    |       C       |           
   7  |    -43.896    |    -44.020    |       C       |           
   8  |    -43.774    |    -43.539    |       C       |           
   9  |    -43.712    |    -43.539    |       C       |           
  10  |    -42.778    |    -42.842    |       C       |           
  11  |    -42.778    |    -42.842    |       C       |           
  12  |    -42.169    |    -41.648    |       C       |           
  13  |    -42.099    |    -41.648    |       C       |           
  14  |    -39.696    |    -39.688    |       C       |           
  15  |    -39.696    |    -39.688    |       C       |           
  16  |    -20.148    |    -39.093    |     C & C     |      1.364
  17  |    -19.475    |    -39.093    |     C & C     |      1.364
  18  |    -19.160    |    -38.318    |     C & C     |      1.362
  19  |    -19.053    |    -38.318    |     C & C     |      1.362
  20  |    -18.957    |    -36.395    |     C & C     |      1.358
  21  |    -18.804    |    -36.395    |     C & C     |      1.358
  22  |    -18.802    |    -31.656    |     C & C     |      1.344
  23  |    -18.725    |    -31.656    |     C & C     |      1.344
  24  |    -18.672    |    -20.561    |     C & C     |      1.431
  25  |    -18.603    |    -20.373    |     C & C     |      1.432
  26  |    -18.244    |    -20.373    |     C & C     |      1.432
  27  |    -18.115    |    -19.725    |     C & C     |      1.435
  28  |    -18.075    |    -19.725    |     C & C     |      1.435
  29  |    -17.993    |    -18.203    |     C & C     |      1.446
  30  |    -17.961    |    -18.203    |     C & C     |      1.446
  31  |    -17.657    |    -18.110    |     C & H     |      1.090
  32  |    -17.589    |    -18.110    |     C & H     |      1.090
  33  |    -17.519    |    -18.020    |     C & H     |      1.090
  34  |    -17.389    |    -18.020    |     C & H     |      1.090
  35  |    -17.352    |    -17.831    |     C & H     |      1.090
  36  |    -17.307    |    -17.831    |     C & H     |      1.090
  37  |    -17.297    |    -17.528    |     C & H     |      1.090
  38  |    -17.230    |    -17.528    |     C & H     |      1.090
  39  |    -17.138    |    -17.063    |     C & H     |      1.091
  40  |    -17.110    |    -17.063    |     C & H     |      1.091
  41  |    -17.055    |    -16.398    |     C & H     |      1.090
  42  |    -17.037    |    -16.398    |     C & H     |      1.090
  43  |    -16.987    |    -15.270    |     C & H     |      1.090
  44  |    -16.969    |    -15.270    |     C & H     |      1.090
  45  |    -16.967    |    -13.684    |     C & H     |      1.087
  46  |    -16.873    |    -13.684    |     C & H     |      1.087
  47  |    -16.854    |    -13.189    |     C & H     |      1.085
  48  |    -16.795    |    -13.189    |     C & H     |      1.085
  49  |    -16.788    |
  50  |    -16.778    |
  51  |    -16.727    |
  52  |    -16.607    |
  53  |    -16.566    |
  54  |    -16.509    |
  55  |    -16.475    |
  56  |    -15.911    |
------------------------------------------------------------------------
------------------------------------------------------------------------
  sum |  -1412.673    |  -1412.673    |
------------------------------------------------------------------------
  nuc |   +796.649    |   +796.649    |
------------------------------------------------------------------------
------------------------------------------------------------------------
  sum |   -616.02462  |   -616.02462  |

 *** HF reference energy = -616.02462


