

 system info:
 ------------
 molecule          = c2h4
 point group       = D2h
 basis set         = 631g

 localization      = ibo
 assignment        = iao

 electrons         = 16
 occupied orbitals = 8
 virtual orbitals  = 18
 total orbitals    = 26

 git version: 40b1069d275b9fbec033b1d1273def79934bab4f


 ** hartree-fock

  MO  |   canonical   |   localized   |     atom(s)    |   bond length
------------------------------------------------------------------------
   0  |    -33.021    |    -33.021    |       C       |           
   1  |    -33.020    |    -33.021    |       C       |           
   2  |     -8.999    |    -16.649    |     C & C     |      1.326
   3  |     -7.734    |     -7.135    |     C & H     |      1.098
   4  |     -7.445    |     -7.135    |     C & H     |      1.098
   5  |     -7.240    |     -7.135    |     C & H     |      1.098
   6  |     -7.163    |     -7.135    |     C & H     |      1.098
   7  |     -6.605    |
------------------------------------------------------------------------
------------------------------------------------------------------------
  sum |   -111.229    |   -111.229    |
------------------------------------------------------------------------
  nuc |    +33.226    |    +33.226    |
------------------------------------------------------------------------
------------------------------------------------------------------------
  sum |    -78.00269  |    -78.00269  |

 *** HF reference energy = -78.00269


