

 system info:
 ------------
 molecule          = c4h6
 point group       = C2h
 basis set         = 631g

 localization      = ibo
 assignment        = iao

 electrons         = 30
 occupied orbitals = 15
 virtual orbitals  = 33
 total orbitals    = 48

 git version: 40b1069d275b9fbec033b1d1273def79934bab4f


 ** hartree-fock

  MO  |   canonical   |   localized   |     atom(s)    |   bond length
------------------------------------------------------------------------
   0  |    -36.450    |    -36.453    |       C       |           
   1  |    -36.450    |    -36.453    |       C       |           
   2  |    -35.328    |    -35.324    |       C       |           
   3  |    -35.327    |    -35.324    |       C       |           
   4  |    -12.104    |    -22.193    |     C & C     |      1.326
   5  |    -11.622    |    -22.193    |     C & C     |      1.326
   6  |    -10.504    |    -12.218    |     C & C     |      1.540
   7  |    -10.452    |    -10.172    |     C & H     |      1.098
   8  |    -10.138    |    -10.172    |     C & H     |      1.098
   9  |    -10.121    |     -9.345    |     C & H     |      1.098
  10  |    -10.116    |     -9.345    |     C & H     |      1.098
  11  |    -10.074    |     -9.064    |     C & H     |      1.098
  12  |     -9.714    |     -9.064    |     C & H     |      1.098
  13  |     -9.681    |
  14  |     -9.240    |
------------------------------------------------------------------------
------------------------------------------------------------------------
  sum |   -257.320    |   -257.320    |
------------------------------------------------------------------------
  nuc |   +102.462    |   +102.462    |
------------------------------------------------------------------------
------------------------------------------------------------------------
  sum |   -154.85853  |   -154.85853  |

 *** HF reference energy = -154.85853


