

 system info:
 ------------
 molecule          = c6h8
 point group       = C2h
 basis set         = 631g

 localization      = ibo
 assignment        = iao

 electrons         = 44
 occupied orbitals = 22
 virtual orbitals  = 48
 total orbitals    = 70

 git version: 40b1069d275b9fbec033b1d1273def79934bab4f


 ** hartree-fock

  MO  |   canonical   |   localized   |     atom(s)    |   bond length
------------------------------------------------------------------------
   0  |    -38.860    |    -38.901    |       C       |           
   1  |    -38.591    |    -38.901    |       C       |           
   2  |    -38.530    |    -38.226    |       C       |           
   3  |    -38.260    |    -38.226    |       C       |           
   4  |    -36.647    |    -36.640    |       C       |           
   5  |    -36.647    |    -36.640    |       C       |           
   6  |    -14.463    |    -27.861    |     C & C     |      1.352
   7  |    -13.668    |    -25.182    |     C & C     |      1.343
   8  |    -13.546    |    -25.182    |     C & C     |      1.343
   9  |    -12.841    |    -14.523    |     C & C     |      1.450
  10  |    -12.430    |    -14.523    |     C & C     |      1.450
  11  |    -12.415    |    -12.495    |     C & H     |      1.090
  12  |    -12.354    |    -12.495    |     C & H     |      1.090
  13  |    -12.352    |    -11.864    |     C & H     |      1.090
  14  |    -12.346    |    -11.864    |     C & H     |      1.090
  15  |    -12.051    |    -10.661    |     C & H     |      1.087
  16  |    -11.904    |    -10.661    |     C & H     |      1.087
  17  |    -11.751    |    -10.298    |     C & H     |      1.085
  18  |    -11.597    |    -10.298    |     C & H     |      1.085
  19  |    -11.565    |
  20  |    -11.466    |
  21  |    -11.152    |
------------------------------------------------------------------------
------------------------------------------------------------------------
  sum |   -425.440    |   -425.440    |
------------------------------------------------------------------------
  nuc |   +193.716    |   +193.716    |
------------------------------------------------------------------------
------------------------------------------------------------------------
  sum |   -231.72367  |   -231.72367  |

 *** HF reference energy = -231.72367


