

 system info:
 ------------
 molecule          = c8h10
 point group       = C2h
 basis set         = 631g

 localization      = ibo
 assignment        = iao

 electrons         = 58
 occupied orbitals = 29
 virtual orbitals  = 63
 total orbitals    = 92

 git version: 40b1069d275b9fbec033b1d1273def79934bab4f


 ** hartree-fock

  MO  |   canonical   |   localized   |     atom(s)    |   bond length
------------------------------------------------------------------------
   0  |    -40.491    |    -40.552    |       C       |           
   1  |    -40.326    |    -40.552    |       C       |           
   2  |    -40.192    |    -40.203    |       C       |           
   3  |    -40.118    |    -40.203    |       C       |           
   4  |    -39.519    |    -39.289    |       C       |           
   5  |    -39.428    |    -39.289    |       C       |           
   6  |    -37.552    |    -37.545    |       C       |           
   7  |    -37.552    |    -37.545    |       C       |           
   8  |    -16.099    |    -30.779    |     C & C     |      1.355
   9  |    -15.342    |    -30.779    |     C & C     |      1.355
  10  |    -15.062    |    -27.149    |     C & C     |      1.343
  11  |    -14.960    |    -27.149    |     C & C     |      1.343
  12  |    -14.528    |    -16.495    |     C & C     |      1.441
  13  |    -14.284    |    -15.704    |     C & C     |      1.447
  14  |    -14.103    |    -15.704    |     C & C     |      1.447
  15  |    -14.097    |    -14.096    |     C & H     |      1.090
  16  |    -14.061    |    -14.096    |     C & H     |      1.090
  17  |    -13.744    |    -13.775    |     C & H     |      1.090
  18  |    -13.564    |    -13.775    |     C & H     |      1.090
  19  |    -13.428    |    -12.916    |     C & H     |      1.090
  20  |    -13.316    |    -12.916    |     C & H     |      1.090
  21  |    -13.236    |    -11.555    |     C & H     |      1.087
  22  |    -13.221    |    -11.555    |     C & H     |      1.087
  23  |    -13.177    |    -11.140    |     C & H     |      1.085
  24  |    -13.137    |    -11.140    |     C & H     |      1.085
  25  |    -13.056    |
  26  |    -12.913    |
  27  |    -12.825    |
  28  |    -12.569    |
------------------------------------------------------------------------
------------------------------------------------------------------------
  sum |   -605.900    |   -605.900    |
------------------------------------------------------------------------
  nuc |   +297.316    |   +297.316    |
------------------------------------------------------------------------
------------------------------------------------------------------------
  sum |   -308.58397  |   -308.58397  |

 *** HF reference energy = -308.58397


