

 system info:
 ------------
 molecule          = h2o
 point group       = C2v
 basis set         = ccpvdz

 localization      = ibo
 assignment        = iao
 xc functional     = pbe

 electrons         = 10
 occupied orbitals = 5
 virtual orbitals  = 19
 total orbitals    = 24

 git version: 6ffb74d1558618696df1601a384a1915186eee3a




 ** hartree-fock
 ---------------

------------------------------------------------------------------------
                         ground-state energy                          
------------------------------------------------------------------------
  MO  |   canonical   |   localized   |     atom(s)   |   bond length
------------------------------------------------------------------------
------------------------------------------------------------------------
   0  |    -53.638    |    -69.297    |       O       |           
   1  |     -9.315    |     -8.253    |     O & H     |      0.900
   2  |     -7.642    |     -8.253    |     H & O     |      0.900
   3  |     -7.614    |
   4  |     -7.593    |
------------------------------------------------------------------------
------------------------------------------------------------------------
  sum |    -85.802    |    -85.802    |
------------------------------------------------------------------------
  nuc |     +9.780    |     +9.780    |
------------------------------------------------------------------------
------------------------------------------------------------------------
  tot |    -76.02174  |    -76.02174  |

 *** HF reference energy = -76.02174


----------------------------------------------------------------------------------------------------------------
                                     ground-state dipole moment                                     
----------------------------------------------------------------------------------------------------------------
  MO  |             canonical             |            localized              |     atom(s)   |   bond length
----------------------------------------------------------------------------------------------------------------
      |     x     /     y     /     z     |     x     /     y     /     z     |
----------------------------------------------------------------------------------------------------------------
----------------------------------------------------------------------------------------------------------------
   0  |    0.000  /    0.000  /    0.417  |    0.000  /    0.000  /    2.275  |       O       |           
   1  |    0.000  /    0.000  /   -0.281  |    1.591  /    0.000  /   -0.744  |     O & H     |      0.900
   2  |    0.000  /    0.000  /    0.319  |   -1.591  /    0.000  /   -0.744  |     H & O     |      0.900
   3  |    0.000  /    0.000  /    0.712  |
   4  |    0.000  /    0.000  /   -0.379  |
----------------------------------------------------------------------------------------------------------------
----------------------------------------------------------------------------------------------------------------
  sum |    0.000  /    0.000  /    0.788  |    0.000  /    0.000  /    0.788  |
----------------------------------------------------------------------------------------------------------------
  nuc |    0.000  /    0.000  /    0.000  |    0.000  /    0.000  /    0.000  |
----------------------------------------------------------------------------------------------------------------
----------------------------------------------------------------------------------------------------------------
  tot |    0.000  /    0.000  /   -0.788  |    0.000  /    0.000  /   -0.788  |

 *** HF reference dipole moment =    0.000  /    0.000  /   -0.788




 ** dft
 ------

------------------------------------------------------------------------
                         ground-state energy                          
------------------------------------------------------------------------
  MO  |   canonical   |   localized   |     atom(s)   |   bond length
------------------------------------------------------------------------
------------------------------------------------------------------------
   0  |    -48.741    |    -62.358    |       O       |           
   1  |     -8.061    |     -7.203    |     H & O     |      0.900
   2  |     -6.661    |     -7.203    |     O & H     |      0.900
   3  |     -6.656    |
   4  |     -6.647    |
------------------------------------------------------------------------
------------------------------------------------------------------------
  sum |    -76.765    |    -76.765    |
------------------------------------------------------------------------
  nuc |     +9.780    |     +9.780    |
  xc  |     -9.338    |     -9.338    |
------------------------------------------------------------------------
------------------------------------------------------------------------
  tot |    -76.32211  |    -76.32211  |

 *** DFT reference energy = -76.32211


----------------------------------------------------------------------------------------------------------------
                                     ground-state dipole moment                                     
----------------------------------------------------------------------------------------------------------------
  MO  |             canonical             |            localized              |     atom(s)   |   bond length
----------------------------------------------------------------------------------------------------------------
      |     x     /     y     /     z     |     x     /     y     /     z     |
----------------------------------------------------------------------------------------------------------------
----------------------------------------------------------------------------------------------------------------
   0  |    0.000  /    0.000  /    0.417  |    0.000  /    0.000  /    2.256  |       O       |           
   1  |    0.000  /    0.000  /   -0.428  |   -1.598  /    0.000  /   -0.765  |     H & O     |      0.900
   2  |    0.000  /    0.000  /    0.312  |    1.598  /    0.000  /   -0.765  |     O & H     |      0.900
   3  |    0.000  /    0.000  /   -0.402  |
   4  |    0.000  /    0.000  /    0.827  |
----------------------------------------------------------------------------------------------------
----------------------------------------------------------------------------------------------------
  sum |    0.000  /    0.000  /    0.726  |    0.000  /    0.000  /    0.726  |
----------------------------------------------------------------------------------------------------
  nuc |    0.000  /    0.000  /    0.000  |    0.000  /    0.000  /    0.000  |
----------------------------------------------------------------------------------------------------
----------------------------------------------------------------------------------------------------
  tot |    0.000  /    0.000  /   -0.726  |    0.000  /    0.000  /   -0.726  |

 *** DFT reference dipole moment =    0.000  /    0.000  /   -0.726


