

 system info:
 ------------
 molecule          = h2o
 point group       = C2v
 basis set         = ccpvdz

 localization      = ibo
 assignment        = iao
 xc functional     = pbe

 electrons         = 10
 occupied orbitals = 5
 virtual orbitals  = 19
 total orbitals    = 24

 git version: 6ffb74d1558618696df1601a384a1915186eee3a




 ** hartree-fock
 ---------------

------------------------------------------------------------------------
                         ground-state energy                          
------------------------------------------------------------------------
  MO  |   canonical   |   localized   |     atom(s)   |   bond length
------------------------------------------------------------------------
------------------------------------------------------------------------
   0  |    -53.130    |    -69.146    |       O       |           
   1  |     -8.698    |     -5.413    |     O & H     |      2.000
   2  |     -7.332    |     -5.413    |     H & O     |      2.000
   3  |     -5.428    |
   4  |     -5.386    |
------------------------------------------------------------------------
------------------------------------------------------------------------
  sum |    -79.973    |    -79.973    |
------------------------------------------------------------------------
  nuc |     +4.401    |     +4.401    |
------------------------------------------------------------------------
------------------------------------------------------------------------
  tot |    -75.57225  |    -75.57225  |

 *** HF reference energy = -75.57225


----------------------------------------------------------------------------------------------------------------
                                     ground-state dipole moment                                     
----------------------------------------------------------------------------------------------------------------
  MO  |             canonical             |            localized              |     atom(s)   |   bond length
----------------------------------------------------------------------------------------------------------------
      |     x     /     y     /     z     |     x     /     y     /     z     |
----------------------------------------------------------------------------------------------------------------
----------------------------------------------------------------------------------------------------------------
   0  |    0.000  /    0.000  /    0.928  |    0.000  /    0.000  /    3.193  |       O       |           
   1  |    0.000  /    0.000  /    0.898  |    2.651  /    0.000  /   -1.194  |     O & H     |      2.000
   2  |    0.000  /    0.000  /    0.919  |   -2.651  /    0.000  /   -1.194  |     H & O     |      2.000
   3  |    0.000  /    0.000  /   -0.886  |
   4  |    0.000  /    0.000  /   -1.054  |
----------------------------------------------------------------------------------------------------------------
----------------------------------------------------------------------------------------------------------------
  sum |    0.000  /    0.000  /    0.805  |    0.000  /    0.000  /    0.805  |
----------------------------------------------------------------------------------------------------------------
  nuc |    0.000  /    0.000  /    0.000  |    0.000  /    0.000  /    0.000  |
----------------------------------------------------------------------------------------------------------------
----------------------------------------------------------------------------------------------------------------
  tot |    0.000  /    0.000  /   -0.805  |    0.000  /    0.000  /   -0.805  |

 *** HF reference dipole moment =    0.000  /    0.000  /   -0.805




 ** dft
 ------

------------------------------------------------------------------------
                         ground-state energy                          
------------------------------------------------------------------------
  MO  |   canonical   |   localized   |     atom(s)   |   bond length
------------------------------------------------------------------------
------------------------------------------------------------------------
   0  |    -48.196    |    -61.939    |       O       |           
   1  |     -7.494    |     -4.813    |     H & O     |      2.000
   2  |     -6.262    |     -4.813    |     O & H     |      2.000
   3  |     -4.807    |
   4  |     -4.807    |
------------------------------------------------------------------------
------------------------------------------------------------------------
  sum |    -71.565    |    -71.565    |
------------------------------------------------------------------------
  nuc |     +4.401    |     +4.401    |
  xc  |     -8.845    |     -8.845    |
------------------------------------------------------------------------
------------------------------------------------------------------------
  tot |    -76.00875  |    -76.00875  |

 *** DFT reference energy = -76.00875


----------------------------------------------------------------------------------------------------------------
                                     ground-state dipole moment                                     
----------------------------------------------------------------------------------------------------------------
  MO  |             canonical             |            localized              |     atom(s)   |   bond length
----------------------------------------------------------------------------------------------------------------
      |     x     /     y     /     z     |     x     /     y     /     z     |
----------------------------------------------------------------------------------------------------------------
----------------------------------------------------------------------------------------------------------------
   0  |    0.000  /    0.000  /    0.929  |    0.000  /    0.000  /    3.085  |       O       |           
   1  |    0.000  /    0.000  /    0.819  |   -2.717  /    0.000  /   -1.233  |     H & O     |      2.000
   2  |    0.000  /    0.000  /    0.919  |    2.717  /    0.000  /   -1.233  |     O & H     |      2.000
   3  |    0.000  /    0.000  /   -1.035  |
   4  |    0.000  /    0.000  /   -1.014  |
----------------------------------------------------------------------------------------------------
----------------------------------------------------------------------------------------------------
  sum |    0.000  /    0.000  /    0.618  |    0.000  /    0.000  /    0.618  |
----------------------------------------------------------------------------------------------------
  nuc |    0.000  /    0.000  /    0.000  |    0.000  /    0.000  /    0.000  |
----------------------------------------------------------------------------------------------------
----------------------------------------------------------------------------------------------------
  tot |    0.000  /    0.000  /   -0.618  |    0.000  /    0.000  /   -0.618  |

 *** DFT reference dipole moment =    0.000  /    0.000  /   -0.618


