

 system info:
 ------------
 molecule          = h2o
 point group       = C2v
 basis set         = ccpvdz

 localization      = ibo
 assignment        = iao
 xc functional     = pbe

 electrons         = 10
 occupied orbitals = 5
 virtual orbitals  = 19
 total orbitals    = 24

 git version: 6ffb74d1558618696df1601a384a1915186eee3a




 ** hartree-fock
 ---------------

------------------------------------------------------------------------
                         ground-state energy                          
------------------------------------------------------------------------
  MO  |   canonical   |   localized   |     atom(s)   |   bond length
------------------------------------------------------------------------
------------------------------------------------------------------------
   0  |    -54.043    |    -70.179    |       O       |           
   1  |    -10.207    |     -9.485    |     O & H     |      0.650
   2  |     -8.759    |     -9.485    |     H & O     |      0.650
   3  |     -8.150    |
   4  |     -7.989    |
------------------------------------------------------------------------
------------------------------------------------------------------------
  sum |    -89.148    |    -89.148    |
------------------------------------------------------------------------
  nuc |    +13.542    |    +13.542    |
------------------------------------------------------------------------
------------------------------------------------------------------------
  tot |    -75.60638  |    -75.60638  |

 *** HF reference energy = -75.60638


----------------------------------------------------------------------------------------------------------------
                                     ground-state dipole moment                                     
----------------------------------------------------------------------------------------------------------------
  MO  |             canonical             |            localized              |     atom(s)   |   bond length
----------------------------------------------------------------------------------------------------------------
      |     x     /     y     /     z     |     x     /     y     /     z     |
----------------------------------------------------------------------------------------------------------------
----------------------------------------------------------------------------------------------------------------
   0  |    0.000  /    0.000  /    0.301  |    0.000  /    0.000  /    1.568  |       O       |           
   1  |    0.000  /    0.000  /   -0.551  |    1.447  /    0.000  /   -0.444  |     O & H     |      0.650
   2  |    0.000  /    0.000  /   -0.282  |   -1.447  /    0.000  /   -0.444  |     H & O     |      0.650
   3  |    0.000  /    0.000  /    1.033  |
   4  |    0.000  /    0.000  /    0.179  |
----------------------------------------------------------------------------------------------------------------
----------------------------------------------------------------------------------------------------------------
  sum |    0.000  /    0.000  /    0.680  |    0.000  /    0.000  /    0.680  |
----------------------------------------------------------------------------------------------------------------
  nuc |    0.000  /    0.000  /    0.000  |    0.000  /    0.000  /    0.000  |
----------------------------------------------------------------------------------------------------------------
----------------------------------------------------------------------------------------------------------------
  tot |    0.000  /    0.000  /   -0.680  |    0.000  /    0.000  /   -0.680  |

 *** HF reference dipole moment =    0.000  /    0.000  /   -0.680




 ** dft
 ------

------------------------------------------------------------------------
                         ground-state energy                          
------------------------------------------------------------------------
  MO  |   canonical   |   localized   |     atom(s)   |   bond length
------------------------------------------------------------------------
------------------------------------------------------------------------
   0  |    -49.142    |    -63.235    |       O       |           
   1  |     -8.853    |     -8.254    |     H & O     |      0.650
   2  |     -7.656    |     -8.254    |     O & H     |      0.650
   3  |     -7.102    |
   4  |     -6.989    |
------------------------------------------------------------------------
------------------------------------------------------------------------
  sum |    -79.743    |    -79.743    |
------------------------------------------------------------------------
  nuc |    +13.542    |    +13.542    |
  xc  |     -9.685    |     -9.685    |
------------------------------------------------------------------------
------------------------------------------------------------------------
  tot |    -75.88554  |    -75.88554  |

 *** DFT reference energy = -75.88554


----------------------------------------------------------------------------------------------------------------
                                     ground-state dipole moment                                     
----------------------------------------------------------------------------------------------------------------
  MO  |             canonical             |            localized              |     atom(s)   |   bond length
----------------------------------------------------------------------------------------------------------------
      |     x     /     y     /     z     |     x     /     y     /     z     |
----------------------------------------------------------------------------------------------------------------
----------------------------------------------------------------------------------------------------------------
   0  |    0.000  /    0.000  /    0.301  |    0.000  /    0.000  /    1.559  |       O       |           
   1  |    0.000  /    0.000  /   -0.630  |   -1.456  /    0.000  /   -0.445  |     H & O     |      0.650
   2  |    0.000  /    0.000  /   -0.288  |    1.456  /    0.000  /   -0.445  |     O & H     |      0.650
   3  |    0.000  /    0.000  /    1.104  |
   4  |    0.000  /    0.000  /    0.181  |
----------------------------------------------------------------------------------------------------
----------------------------------------------------------------------------------------------------
  sum |    0.000  /    0.000  /    0.669  |    0.000  /    0.000  /    0.669  |
----------------------------------------------------------------------------------------------------
  nuc |    0.000  /    0.000  /    0.000  |    0.000  /    0.000  /    0.000  |
----------------------------------------------------------------------------------------------------
----------------------------------------------------------------------------------------------------
  tot |    0.000  /    0.000  /   -0.669  |    0.000  /    0.000  /   -0.669  |

 *** DFT reference dipole moment =    0.000  /    0.000  /   -0.669


