

 system info:
 ------------
 molecule          = h2o
 point group       = C2v
 basis set         = ccpvdz

 localization      = ibo
 assignment        = iao
 xc functional     = pbe

 electrons         = 10
 occupied orbitals = 5
 virtual orbitals  = 19
 total orbitals    = 24

 git version: 6ffb74d1558618696df1601a384a1915186eee3a




 ** hartree-fock
 ---------------

------------------------------------------------------------------------
                         ground-state energy                          
------------------------------------------------------------------------
  MO  |   canonical   |   localized   |     atom(s)   |   bond length
------------------------------------------------------------------------
------------------------------------------------------------------------
   0  |    -53.765    |    -69.508    |       O       |           
   1  |     -9.600    |     -8.727    |     O & H     |      0.800
   2  |     -8.013    |     -8.727    |     H & O     |      0.800
   3  |     -7.831    |
   4  |     -7.753    |
------------------------------------------------------------------------
------------------------------------------------------------------------
  sum |    -86.962    |    -86.962    |
------------------------------------------------------------------------
  nuc |    +11.003    |    +11.003    |
------------------------------------------------------------------------
------------------------------------------------------------------------
  tot |    -75.95940  |    -75.95940  |

 *** HF reference energy = -75.95940


----------------------------------------------------------------------------------------------------------------
                                     ground-state dipole moment                                     
----------------------------------------------------------------------------------------------------------------
  MO  |             canonical             |            localized              |     atom(s)   |   bond length
----------------------------------------------------------------------------------------------------------------
      |     x     /     y     /     z     |     x     /     y     /     z     |
----------------------------------------------------------------------------------------------------------------
----------------------------------------------------------------------------------------------------------------
   0  |    0.000  /    0.000  /    0.371  |    0.000  /    0.000  /    2.029  |       O       |           
   1  |    0.000  /    0.000  /   -0.404  |    1.538  /    0.000  /   -0.642  |     O & H     |      0.800
   2  |    0.000  /    0.000  /   -0.340  |   -1.538  /    0.000  /   -0.642  |     H & O     |      0.800
   3  |    0.000  /    0.000  /    0.857  |
   4  |    0.000  /    0.000  /    0.260  |
----------------------------------------------------------------------------------------------------------------
----------------------------------------------------------------------------------------------------------------
  sum |    0.000  /    0.000  /    0.744  |    0.000  /    0.000  /    0.744  |
----------------------------------------------------------------------------------------------------------------
  nuc |    0.000  /    0.000  /    0.000  |    0.000  /    0.000  /    0.000  |
----------------------------------------------------------------------------------------------------------------
----------------------------------------------------------------------------------------------------------------
  tot |    0.000  /    0.000  /   -0.744  |    0.000  /    0.000  /   -0.744  |

 *** HF reference dipole moment =    0.000  /    0.000  /   -0.744




 ** dft
 ------

------------------------------------------------------------------------
                         ground-state energy                          
------------------------------------------------------------------------
  MO  |   canonical   |   localized   |     atom(s)   |   bond length
------------------------------------------------------------------------
------------------------------------------------------------------------
   0  |    -48.868    |    -62.578    |       O       |           
   1  |     -8.316    |     -7.610    |     O & H     |      0.800
   2  |     -7.014    |     -7.610    |     H & O     |      0.800
   3  |     -6.830    |
   4  |     -6.770    |
------------------------------------------------------------------------
------------------------------------------------------------------------
  sum |    -77.798    |    -77.798    |
------------------------------------------------------------------------
  nuc |    +11.003    |    +11.003    |
  xc  |     -9.455    |     -9.455    |
------------------------------------------------------------------------
------------------------------------------------------------------------
  tot |    -76.25005  |    -76.25005  |

 *** DFT reference energy = -76.25005


----------------------------------------------------------------------------------------------------------------
                                     ground-state dipole moment                                     
----------------------------------------------------------------------------------------------------------------
  MO  |             canonical             |            localized              |     atom(s)   |   bond length
----------------------------------------------------------------------------------------------------------------
      |     x     /     y     /     z     |     x     /     y     /     z     |
----------------------------------------------------------------------------------------------------------------
----------------------------------------------------------------------------------------------------------------
   0  |    0.000  /    0.000  /    0.371  |    0.000  /    0.000  /    2.016  |       O       |           
   1  |    0.000  /    0.000  /   -0.523  |    1.545  /    0.000  /   -0.656  |     O & H     |      0.800
   2  |    0.000  /    0.000  /   -0.355  |   -1.545  /    0.000  /   -0.656  |     H & O     |      0.800
   3  |    0.000  /    0.000  /    0.955  |
   4  |    0.000  /    0.000  /    0.257  |
----------------------------------------------------------------------------------------------------
----------------------------------------------------------------------------------------------------
  sum |    0.000  /    0.000  /    0.705  |    0.000  /    0.000  /    0.705  |
----------------------------------------------------------------------------------------------------
  nuc |    0.000  /    0.000  /    0.000  |    0.000  /    0.000  /    0.000  |
----------------------------------------------------------------------------------------------------
----------------------------------------------------------------------------------------------------
  tot |    0.000  /    0.000  /   -0.705  |    0.000  /    0.000  /   -0.705  |

 *** DFT reference dipole moment =    0.000  /    0.000  /   -0.705


