

 system info:
 ------------
 molecule          = h2o
 point group       = C2v
 basis set         = ccpvdz

 localization      = ibo
 assignment        = iao
 xc functional     = pbe

 electrons         = 10
 occupied orbitals = 5
 virtual orbitals  = 19
 total orbitals    = 24

 git version: 6ffb74d1558618696df1601a384a1915186eee3a




 ** hartree-fock
 ---------------

------------------------------------------------------------------------
                         ground-state energy                          
------------------------------------------------------------------------
  MO  |   canonical   |   localized   |     atom(s)   |   bond length
------------------------------------------------------------------------
------------------------------------------------------------------------
   0  |    -53.176    |    -69.206    |       O       |           
   1  |     -8.723    |     -5.666    |     H & O     |      1.800
   2  |     -7.356    |     -5.666    |     O & H     |      1.800
   3  |     -5.717    |
   4  |     -5.567    |
------------------------------------------------------------------------
------------------------------------------------------------------------
  sum |    -80.539    |    -80.539    |
------------------------------------------------------------------------
  nuc |     +4.890    |     +4.890    |
------------------------------------------------------------------------
------------------------------------------------------------------------
  tot |    -75.64867  |    -75.64867  |

 *** HF reference energy = -75.64867


----------------------------------------------------------------------------------------------------------------
                                     ground-state dipole moment                                     
----------------------------------------------------------------------------------------------------------------
  MO  |             canonical             |            localized              |     atom(s)   |   bond length
----------------------------------------------------------------------------------------------------------------
      |     x     /     y     /     z     |     x     /     y     /     z     |
----------------------------------------------------------------------------------------------------------------
----------------------------------------------------------------------------------------------------------------
   0  |    0.000  /    0.000  /    0.836  |    0.000  /    0.000  /    3.053  |       O       |           
   1  |    0.000  /    0.000  /    0.765  |   -2.397  /    0.000  /   -1.110  |     H & O     |      1.800
   2  |    0.000  /    0.000  /    0.821  |    2.397  /    0.000  /   -1.110  |     O & H     |      1.800
   3  |    0.000  /    0.000  /   -0.764  |
   4  |    0.000  /    0.000  /   -0.825  |
----------------------------------------------------------------------------------------------------------------
----------------------------------------------------------------------------------------------------------------
  sum |    0.000  /    0.000  /    0.833  |    0.000  /    0.000  /    0.833  |
----------------------------------------------------------------------------------------------------------------
  nuc |    0.000  /    0.000  /    0.000  |    0.000  /    0.000  /    0.000  |
----------------------------------------------------------------------------------------------------------------
----------------------------------------------------------------------------------------------------------------
  tot |    0.000  /    0.000  /   -0.833  |    0.000  /    0.000  /   -0.833  |

 *** HF reference dipole moment =    0.000  /    0.000  /   -0.833




 ** dft
 ------

------------------------------------------------------------------------
                         ground-state energy                          
------------------------------------------------------------------------
  MO  |   canonical   |   localized   |     atom(s)   |   bond length
------------------------------------------------------------------------
------------------------------------------------------------------------
   0  |    -48.249    |    -62.040    |       O       |           
   1  |     -7.524    |     -5.018    |     O & H     |      1.800
   2  |     -6.299    |     -5.018    |     H & O     |      1.800
   3  |     -5.025    |
   4  |     -4.980    |
------------------------------------------------------------------------
------------------------------------------------------------------------
  sum |    -72.077    |    -72.077    |
------------------------------------------------------------------------
  nuc |     +4.890    |     +4.890    |
  xc  |     -8.876    |     -8.876    |
------------------------------------------------------------------------
------------------------------------------------------------------------
  tot |    -76.06201  |    -76.06201  |

 *** DFT reference energy = -76.06201


----------------------------------------------------------------------------------------------------------------
                                     ground-state dipole moment                                     
----------------------------------------------------------------------------------------------------------------
  MO  |             canonical             |            localized              |     atom(s)   |   bond length
----------------------------------------------------------------------------------------------------------------
      |     x     /     y     /     z     |     x     /     y     /     z     |
----------------------------------------------------------------------------------------------------------------
----------------------------------------------------------------------------------------------------------------
   0  |    0.000  /    0.000  /    0.836  |    0.000  /    0.000  /    2.921  |       O       |           
   1  |    0.000  /    0.000  /    0.662  |    2.456  /    0.000  /   -1.141  |     O & H     |      1.800
   2  |    0.000  /    0.000  /    0.820  |   -2.456  /    0.000  /   -1.141  |     H & O     |      1.800
   3  |    0.000  /    0.000  /   -0.796  |
   4  |    0.000  /    0.000  /   -0.882  |
----------------------------------------------------------------------------------------------------
----------------------------------------------------------------------------------------------------
  sum |    0.000  /    0.000  /    0.639  |    0.000  /    0.000  /    0.639  |
----------------------------------------------------------------------------------------------------
  nuc |    0.000  /    0.000  /    0.000  |    0.000  /    0.000  /    0.000  |
----------------------------------------------------------------------------------------------------
----------------------------------------------------------------------------------------------------
  tot |    0.000  /    0.000  /   -0.639  |    0.000  /    0.000  /   -0.639  |

 *** DFT reference dipole moment =    0.000  /    0.000  /   -0.639


