

 system info:
 ------------
 molecule          = c6h6
 point group       = D2h
 basis set         = ccpvdz

 localization      = ibo
 assignment        = iao

 electrons         = 42
 occupied orbitals = 21
 virtual orbitals  = 93
 total orbitals    = 114

 git version: 6ffb74d1558618696df1601a384a1915186eee3a




 ** hartree-fock
 ---------------

------------------------------------------------------------------------
                         ground-state energy                          
------------------------------------------------------------------------
  MO  |   canonical   |   localized   |     atom(s)   |   bond length
------------------------------------------------------------------------
------------------------------------------------------------------------
   0  |    -38.916    |    -38.915    |       C       |           
   1  |    -38.916    |    -38.915    |       C       |           
   2  |    -38.916    |    -38.915    |       C       |           
   3  |    -38.915    |    -38.915    |       C       |           
   4  |    -38.915    |    -38.915    |       C       |           
   5  |    -38.915    |    -38.915    |       C       |           
   6  |    -15.454    |    -27.950    |     C & C     |      1.395
   7  |    -14.661    |    -27.950    |     C & C     |      1.395
   8  |    -14.661    |    -27.950    |     C & C     |      1.395
   9  |    -14.352    |    -15.136    |     C & C     |      1.395
  10  |    -13.636    |    -15.136    |     C & C     |      1.395
  11  |    -13.636    |    -15.136    |     C & C     |      1.395
  12  |    -13.094    |    -11.898    |     C & H     |      1.087
  13  |    -12.833    |    -11.898    |     C & H     |      1.087
  14  |    -12.833    |    -11.898    |     C & H     |      1.087
  15  |    -12.809    |    -11.898    |     C & H     |      1.087
  16  |    -12.770    |    -11.898    |     C & H     |      1.087
  17  |    -12.770    |    -11.898    |     C & H     |      1.087
  18  |    -12.674    |
  19  |    -12.674    |
  20  |    -11.791    |
------------------------------------------------------------------------
------------------------------------------------------------------------
  sum |   -434.138    |   -434.138    |
------------------------------------------------------------------------
  nuc |   +203.416    |   +203.416    |
------------------------------------------------------------------------
------------------------------------------------------------------------
  tot |   -230.72202  |   -230.72202  |

 *** HF reference energy = -230.72202


----------------------------------------------------------------------------------------------------------------
                                     ground-state dipole moment                                     
----------------------------------------------------------------------------------------------------------------
  MO  |             canonical             |            localized              |     atom(s)   |   bond length
----------------------------------------------------------------------------------------------------------------
      |     x     /     y     /     z     |     x     /     y     /     z     |
----------------------------------------------------------------------------------------------------------------
----------------------------------------------------------------------------------------------------------------
   0  |    0.000  /    0.000  /   -0.000  |   -2.636  /   -4.565  /   -0.000  |       C       |           
   1  |    0.000  /    0.000  /   -0.000  |    2.636  /    4.565  /   -0.000  |       C       |           
   2  |    0.000  /    0.000  /    0.000  |    2.636  /   -4.565  /   -0.000  |       C       |           
   3  |    0.000  /    0.000  /   -0.000  |   -5.272  /   -0.000  /    0.000  |       C       |           
   4  |    0.000  /    0.000  /    0.000  |   -2.636  /    4.565  /   -0.000  |       C       |           
   5  |    0.000  /    0.000  /   -0.000  |    5.272  /    0.000  /    0.000  |       C       |           
   6  |   -0.000  /   -0.000  /   -0.000  |    1.629  /   -7.779  /   -0.000  |     C & C     |      1.395
   7  |   -0.000  /    0.000  /    0.000  |   -7.551  /    2.479  /    0.000  |     C & C     |      1.395
   8  |   -0.000  /   -0.000  /   -0.000  |    5.922  /    5.300  /    0.000  |     C & C     |      1.395
   9  |    0.000  /    0.000  /   -0.000  |   -3.995  /   -2.307  /    0.000  |     C & C     |      1.395
  10  |    0.000  /   -0.000  /    0.000  |   -0.000  /    4.613  /   -0.000  |     C & C     |      1.395
  11  |   -0.000  /    0.000  /   -0.000  |    3.995  /   -2.307  /   -0.000  |     C & C     |      1.395
  12  |    0.000  /    0.000  /   -0.000  |   -4.031  /   -6.982  /    0.000  |     C & H     |      1.087
  13  |   -0.000  /   -0.000  /   -0.000  |    4.031  /    6.982  /   -0.000  |     C & H     |      1.087
  14  |   -0.000  /    0.000  /    0.000  |   -8.062  /   -0.000  /    0.000  |     C & H     |      1.087
  15  |   -0.000  /   -0.000  /    0.000  |    4.031  /   -6.982  /   -0.000  |     C & H     |      1.087
  16  |    0.000  /    0.000  /    0.000  |   -4.031  /    6.982  /   -0.000  |     C & H     |      1.087
  17  |    0.000  /   -0.000  /   -0.000  |    8.062  /    0.000  /    0.000  |     C & H     |      1.087
  18  |    0.000  /    0.000  /   -0.000  |
  19  |    0.000  /    0.000  /    0.000  |
  20  |    0.000  /    0.000  /    0.000  |
----------------------------------------------------------------------------------------------------------------
----------------------------------------------------------------------------------------------------------------
  sum |   -0.000  /   -0.000  /    0.000  |    0.000  /    0.000  /   -0.000  |
----------------------------------------------------------------------------------------------------------------
  nuc |    0.000  /    0.000  /    0.000  |    0.000  /    0.000  /    0.000  |
----------------------------------------------------------------------------------------------------------------
----------------------------------------------------------------------------------------------------------------
  tot |    0.000  /    0.000  /   -0.000  |   -0.000  /   -0.000  /    0.000  |

 *** HF reference dipole moment =    0.000  /    0.000  /   -0.000


