

 system info:
 ------------
 molecule          = h2o
 point group       = C2v
 basis set         = ccpvdz

 localization      = ibo
 assignment        = iao
 xc functional     = pbe

 electrons         = 10
 occupied orbitals = 5
 virtual orbitals  = 19
 total orbitals    = 24

 git version: 6ffb74d1558618696df1601a384a1915186eee3a




 ** hartree-fock
 ---------------

------------------------------------------------------------------------
                         ground-state energy                          
------------------------------------------------------------------------
  MO  |   canonical   |   localized   |     atom(s)   |   bond length
------------------------------------------------------------------------
------------------------------------------------------------------------
   0  |    -52.961    |    -68.731    |       O       |           
   1  |     -8.573    |     -4.768    |     H & O     |      3.000
   2  |     -7.195    |     -4.768    |     O & H     |      3.000
   3  |     -4.776    |
   4  |     -4.762    |
------------------------------------------------------------------------
------------------------------------------------------------------------
  sum |    -78.268    |    -78.268    |
------------------------------------------------------------------------
  nuc |     +2.934    |     +2.934    |
------------------------------------------------------------------------
------------------------------------------------------------------------
  tot |    -75.33371  |    -75.33371  |

 *** HF reference energy = -75.33371


----------------------------------------------------------------------------------------------------------------
                                     ground-state dipole moment                                     
----------------------------------------------------------------------------------------------------------------
  MO  |             canonical             |            localized              |     atom(s)   |   bond length
----------------------------------------------------------------------------------------------------------------
      |     x     /     y     /     z     |     x     /     y     /     z     |
----------------------------------------------------------------------------------------------------------------
----------------------------------------------------------------------------------------------------------------
   0  |    0.000  /    0.000  /    1.393  |    0.000  /    0.000  /    4.298  |       O       |           
   1  |    0.000  /    0.000  /    1.401  |   -4.004  /    0.000  /   -1.741  |     H & O     |      3.000
   2  |    0.000  /    0.000  /    1.391  |    4.004  /    0.000  /   -1.741  |     O & H     |      3.000
   3  |    0.000  /    0.000  /   -1.699  |
   4  |    0.000  /    0.000  /   -1.671  |
----------------------------------------------------------------------------------------------------------------
----------------------------------------------------------------------------------------------------------------
  sum |    0.000  /    0.000  /    0.815  |    0.000  /    0.000  /    0.815  |
----------------------------------------------------------------------------------------------------------------
  nuc |    0.000  /    0.000  /    0.000  |    0.000  /    0.000  /    0.000  |
----------------------------------------------------------------------------------------------------------------
----------------------------------------------------------------------------------------------------------------
  tot |    0.000  /    0.000  /   -0.815  |    0.000  /    0.000  /   -0.815  |

 *** HF reference dipole moment =    0.000  /    0.000  /   -0.815




 ** dft
 ------

------------------------------------------------------------------------
                         ground-state energy                          
------------------------------------------------------------------------
  MO  |   canonical   |   localized   |     atom(s)   |   bond length
------------------------------------------------------------------------
------------------------------------------------------------------------
   0  |    -48.017    |    -61.480    |       O       |           
   1  |     -7.352    |     -4.255    |     O & H     |      3.000
   2  |     -6.111    |     -4.255    |     H & O     |      3.000
   3  |     -4.272    |
   4  |     -4.237    |
------------------------------------------------------------------------
------------------------------------------------------------------------
  sum |    -69.989    |    -69.989    |
------------------------------------------------------------------------
  nuc |     +2.934    |     +2.934    |
  xc  |     -8.814    |     -8.814    |
------------------------------------------------------------------------
------------------------------------------------------------------------
  tot |    -75.86879  |    -75.86879  |

 *** DFT reference energy = -75.86879


----------------------------------------------------------------------------------------------------------------
                                     ground-state dipole moment                                     
----------------------------------------------------------------------------------------------------------------
  MO  |             canonical             |            localized              |     atom(s)   |   bond length
----------------------------------------------------------------------------------------------------------------
      |     x     /     y     /     z     |     x     /     y     /     z     |
----------------------------------------------------------------------------------------------------------------
----------------------------------------------------------------------------------------------------------------
   0  |    0.000  /    0.000  /    1.393  |    0.000  /    0.000  /    4.232  |       O       |           
   1  |    0.000  /    0.000  /    1.377  |    4.111  /    0.000  /   -1.817  |     O & H     |      3.000
   2  |    0.000  /    0.000  /    1.392  |   -4.111  /    0.000  /   -1.817  |     H & O     |      3.000
   3  |    0.000  /    0.000  /   -1.743  |
   4  |    0.000  /    0.000  /   -1.821  |
----------------------------------------------------------------------------------------------------
----------------------------------------------------------------------------------------------------
  sum |    0.000  /    0.000  /    0.598  |    0.000  /    0.000  /    0.598  |
----------------------------------------------------------------------------------------------------
  nuc |    0.000  /    0.000  /    0.000  |    0.000  /    0.000  /    0.000  |
----------------------------------------------------------------------------------------------------
----------------------------------------------------------------------------------------------------
  tot |    0.000  /    0.000  /   -0.598  |    0.000  /    0.000  /   -0.598  |

 *** DFT reference dipole moment =    0.000  /    0.000  /   -0.598


