

 system info:
 ------------
 molecule          = h2o
 point group       = C2v
 basis set         = ccpvdz

 localization      = ibo
 assignment        = iao
 xc functional     = pbe

 electrons         = 10
 occupied orbitals = 5
 virtual orbitals  = 19
 total orbitals    = 24

 git version: 6ffb74d1558618696df1601a384a1915186eee3a




 ** hartree-fock
 ---------------

------------------------------------------------------------------------
                         ground-state energy                          
------------------------------------------------------------------------
  MO  |   canonical   |   localized   |     atom(s)   |   bond length
------------------------------------------------------------------------
------------------------------------------------------------------------
   0  |    -52.989    |    -68.808    |       O       |           
   1  |     -8.595    |     -4.851    |     O & H     |      2.800
   2  |     -7.222    |     -4.851    |     H & O     |      2.800
   3  |     -4.867    |
   4  |     -4.837    |
------------------------------------------------------------------------
------------------------------------------------------------------------
  sum |    -78.510    |    -78.510    |
------------------------------------------------------------------------
  nuc |     +3.144    |     +3.144    |
------------------------------------------------------------------------
------------------------------------------------------------------------
  tot |    -75.36658  |    -75.36658  |

 *** HF reference energy = -75.36658


----------------------------------------------------------------------------------------------------------------
                                     ground-state dipole moment                                     
----------------------------------------------------------------------------------------------------------------
  MO  |             canonical             |            localized              |     atom(s)   |   bond length
----------------------------------------------------------------------------------------------------------------
      |     x     /     y     /     z     |     x     /     y     /     z     |
----------------------------------------------------------------------------------------------------------------
----------------------------------------------------------------------------------------------------------------
   0  |    0.000  /    0.000  /    1.300  |    0.000  /    0.000  /    4.053  |       O       |           
   1  |    0.000  /    0.000  /    1.308  |    3.728  /    0.000  /   -1.625  |     O & H     |      2.800
   2  |    0.000  /    0.000  /    1.297  |   -3.728  /    0.000  /   -1.625  |     H & O     |      2.800
   3  |    0.000  /    0.000  /   -1.564  |
   4  |    0.000  /    0.000  /   -1.538  |
----------------------------------------------------------------------------------------------------------------
----------------------------------------------------------------------------------------------------------------
  sum |    0.000  /    0.000  /    0.804  |    0.000  /    0.000  /    0.804  |
----------------------------------------------------------------------------------------------------------------
  nuc |    0.000  /    0.000  /    0.000  |    0.000  /    0.000  /    0.000  |
----------------------------------------------------------------------------------------------------------------
----------------------------------------------------------------------------------------------------------------
  tot |    0.000  /    0.000  /   -0.804  |    0.000  /    0.000  /   -0.804  |

 *** HF reference dipole moment =    0.000  /    0.000  /   -0.804




 ** dft
 ------

------------------------------------------------------------------------
                         ground-state energy                          
------------------------------------------------------------------------
  MO  |   canonical   |   localized   |     atom(s)   |   bond length
------------------------------------------------------------------------
------------------------------------------------------------------------
   0  |    -48.045    |    -61.557    |       O       |           
   1  |     -7.376    |     -4.330    |     O & H     |      2.800
   2  |     -6.137    |     -4.330    |     H & O     |      2.800
   3  |     -4.350    |
   4  |     -4.309    |
------------------------------------------------------------------------
------------------------------------------------------------------------
  sum |    -70.217    |    -70.217    |
------------------------------------------------------------------------
  nuc |     +3.144    |     +3.144    |
  xc  |     -8.811    |     -8.811    |
------------------------------------------------------------------------
------------------------------------------------------------------------
  tot |    -75.88476  |    -75.88476  |

 *** DFT reference energy = -75.88476


----------------------------------------------------------------------------------------------------------------
                                     ground-state dipole moment                                     
----------------------------------------------------------------------------------------------------------------
  MO  |             canonical             |            localized              |     atom(s)   |   bond length
----------------------------------------------------------------------------------------------------------------
      |     x     /     y     /     z     |     x     /     y     /     z     |
----------------------------------------------------------------------------------------------------------------
----------------------------------------------------------------------------------------------------------------
   0  |    0.000  /    0.000  /    1.300  |    0.000  /    0.000  /    3.978  |       O       |           
   1  |    0.000  /    0.000  /    1.278  |    3.827  /    0.000  /   -1.692  |     O & H     |      2.800
   2  |    0.000  /    0.000  /    1.298  |   -3.827  /    0.000  /   -1.692  |     H & O     |      2.800
   3  |    0.000  /    0.000  /   -1.595  |
   4  |    0.000  /    0.000  /   -1.689  |
----------------------------------------------------------------------------------------------------
----------------------------------------------------------------------------------------------------
  sum |    0.000  /    0.000  /    0.593  |    0.000  /    0.000  /    0.593  |
----------------------------------------------------------------------------------------------------
  nuc |    0.000  /    0.000  /    0.000  |    0.000  /    0.000  /    0.000  |
----------------------------------------------------------------------------------------------------
----------------------------------------------------------------------------------------------------
  tot |    0.000  /    0.000  /   -0.593  |    0.000  /    0.000  /   -0.593  |

 *** DFT reference dipole moment =    0.000  /    0.000  /   -0.593


