

 system info:
 ------------
 molecule          = h2o
 point group       = C2v
 basis set         = ccpvdz

 localization      = ibo
 assignment        = iao
 xc functional     = pbe

 electrons         = 10
 occupied orbitals = 5
 virtual orbitals  = 19
 total orbitals    = 24

 git version: 6ffb74d1558618696df1601a384a1915186eee3a




 ** hartree-fock
 ---------------

------------------------------------------------------------------------
                         ground-state energy                          
------------------------------------------------------------------------
  MO  |   canonical   |   localized   |     atom(s)   |   bond length
------------------------------------------------------------------------
------------------------------------------------------------------------
   0  |    -52.975    |    -68.769    |       O       |           
   1  |     -8.584    |     -4.808    |     O & H     |      2.900
   2  |     -7.208    |     -4.808    |     H & O     |      2.900
   3  |     -4.820    |
   4  |     -4.798    |
------------------------------------------------------------------------
------------------------------------------------------------------------
  sum |    -78.385    |    -78.385    |
------------------------------------------------------------------------
  nuc |     +3.035    |     +3.035    |
------------------------------------------------------------------------
------------------------------------------------------------------------
  tot |    -75.34942  |    -75.34942  |

 *** HF reference energy = -75.34942


----------------------------------------------------------------------------------------------------------------
                                     ground-state dipole moment                                     
----------------------------------------------------------------------------------------------------------------
  MO  |             canonical             |            localized              |     atom(s)   |   bond length
----------------------------------------------------------------------------------------------------------------
      |     x     /     y     /     z     |     x     /     y     /     z     |
----------------------------------------------------------------------------------------------------------------
----------------------------------------------------------------------------------------------------------------
   0  |    0.000  /    0.000  /    1.346  |    0.000  /    0.000  /    4.174  |       O       |           
   1  |    0.000  /    0.000  /    1.355  |    3.866  /    0.000  /   -1.683  |     O & H     |      2.900
   2  |    0.000  /    0.000  /    1.344  |   -3.866  /    0.000  /   -1.683  |     H & O     |      2.900
   3  |    0.000  /    0.000  /   -1.632  |
   4  |    0.000  /    0.000  /   -1.605  |
----------------------------------------------------------------------------------------------------------------
----------------------------------------------------------------------------------------------------------------
  sum |    0.000  /    0.000  /    0.809  |    0.000  /    0.000  /    0.809  |
----------------------------------------------------------------------------------------------------------------
  nuc |    0.000  /    0.000  /    0.000  |    0.000  /    0.000  /    0.000  |
----------------------------------------------------------------------------------------------------------------
----------------------------------------------------------------------------------------------------------------
  tot |    0.000  /    0.000  /   -0.809  |    0.000  /    0.000  /   -0.809  |

 *** HF reference dipole moment =    0.000  /    0.000  /   -0.809




 ** dft
 ------

------------------------------------------------------------------------
                         ground-state energy                          
------------------------------------------------------------------------
  MO  |   canonical   |   localized   |     atom(s)   |   bond length
------------------------------------------------------------------------
------------------------------------------------------------------------
   0  |    -48.030    |    -61.518    |       O       |           
   1  |     -7.364    |     -4.291    |     O & H     |      2.900
   2  |     -6.124    |     -4.291    |     H & O     |      2.900
   3  |     -4.310    |
   4  |     -4.271    |
------------------------------------------------------------------------
------------------------------------------------------------------------
  sum |    -70.099    |    -70.099    |
------------------------------------------------------------------------
  nuc |     +3.035    |     +3.035    |
  xc  |     -8.812    |     -8.812    |
------------------------------------------------------------------------
------------------------------------------------------------------------
  tot |    -75.87625  |    -75.87625  |

 *** DFT reference energy = -75.87625


----------------------------------------------------------------------------------------------------------------
                                     ground-state dipole moment                                     
----------------------------------------------------------------------------------------------------------------
  MO  |             canonical             |            localized              |     atom(s)   |   bond length
----------------------------------------------------------------------------------------------------------------
      |     x     /     y     /     z     |     x     /     y     /     z     |
----------------------------------------------------------------------------------------------------------------
----------------------------------------------------------------------------------------------------------------
   0  |    0.000  /    0.000  /    1.347  |    0.000  /    0.000  /    4.104  |       O       |           
   1  |    0.000  /    0.000  /    1.328  |    3.969  /    0.000  /   -1.754  |     O & H     |      2.900
   2  |    0.000  /    0.000  /    1.345  |   -3.969  /    0.000  /   -1.754  |     H & O     |      2.900
   3  |    0.000  /    0.000  /   -1.669  |
   4  |    0.000  /    0.000  /   -1.756  |
----------------------------------------------------------------------------------------------------
----------------------------------------------------------------------------------------------------
  sum |    0.000  /    0.000  /    0.595  |    0.000  /    0.000  /    0.595  |
----------------------------------------------------------------------------------------------------
  nuc |    0.000  /    0.000  /    0.000  |    0.000  /    0.000  /    0.000  |
----------------------------------------------------------------------------------------------------
----------------------------------------------------------------------------------------------------
  tot |    0.000  /    0.000  /   -0.595  |    0.000  /    0.000  /   -0.595  |

 *** DFT reference dipole moment =    0.000  /    0.000  /   -0.595


