

 system info:
 ------------
 molecule          = h2o
 point group       = C2v
 basis set         = ccpvdz

 localization      = ibo
 assignment        = iao
 xc functional     = pbe

 electrons         = 10
 occupied orbitals = 5
 virtual orbitals  = 19
 total orbitals    = 24

 git version: 6ffb74d1558618696df1601a384a1915186eee3a




 ** hartree-fock
 ---------------

------------------------------------------------------------------------
                         ground-state energy                          
------------------------------------------------------------------------
  MO  |   canonical   |   localized   |     atom(s)   |   bond length
------------------------------------------------------------------------
------------------------------------------------------------------------
   0  |    -53.069    |    -69.015    |       O       |           
   1  |     -8.657    |     -5.145    |     O & H     |      2.300
   2  |     -7.290    |     -5.145    |     H & O     |      2.300
   3  |     -5.216    |
   4  |     -5.073    |
------------------------------------------------------------------------
------------------------------------------------------------------------
  sum |    -79.306    |    -79.306    |
------------------------------------------------------------------------
  nuc |     +3.827    |     +3.827    |
------------------------------------------------------------------------
------------------------------------------------------------------------
  tot |    -75.47856  |    -75.47856  |

 *** HF reference energy = -75.47856


----------------------------------------------------------------------------------------------------------------
                                     ground-state dipole moment                                     
----------------------------------------------------------------------------------------------------------------
  MO  |             canonical             |            localized              |     atom(s)   |   bond length
----------------------------------------------------------------------------------------------------------------
      |     x     /     y     /     z     |     x     /     y     /     z     |
----------------------------------------------------------------------------------------------------------------
----------------------------------------------------------------------------------------------------------------
   0  |    0.000  /    0.000  /    1.068  |    0.000  /    0.000  /    3.497  |       O       |           
   1  |    0.000  /    0.000  /    1.065  |    3.043  /    0.000  /   -1.347  |     O & H     |      2.300
   2  |    0.000  /    0.000  /    1.062  |   -3.043  /    0.000  /   -1.347  |     H & O     |      2.300
   3  |    0.000  /    0.000  /   -1.171  |
   4  |    0.000  /    0.000  /   -1.222  |
----------------------------------------------------------------------------------------------------------------
----------------------------------------------------------------------------------------------------------------
  sum |    0.000  /    0.000  /    0.802  |    0.000  /    0.000  /    0.802  |
----------------------------------------------------------------------------------------------------------------
  nuc |    0.000  /    0.000  /    0.000  |    0.000  /    0.000  /    0.000  |
----------------------------------------------------------------------------------------------------------------
----------------------------------------------------------------------------------------------------------------
  tot |    0.000  /    0.000  /   -0.802  |    0.000  /    0.000  /   -0.802  |

 *** HF reference dipole moment =    0.000  /    0.000  /   -0.802




 ** dft
 ------

------------------------------------------------------------------------
                         ground-state energy                          
------------------------------------------------------------------------
  MO  |   canonical   |   localized   |     atom(s)   |   bond length
------------------------------------------------------------------------
------------------------------------------------------------------------
   0  |    -48.130    |    -61.784    |       O       |           
   1  |     -7.447    |     -4.585    |     H & O     |      2.300
   2  |     -6.211    |     -4.585    |     O & H     |      2.300
   3  |     -4.602    |
   4  |     -4.566    |
------------------------------------------------------------------------
------------------------------------------------------------------------
  sum |    -70.955    |    -70.955    |
------------------------------------------------------------------------
  nuc |     +3.827    |     +3.827    |
  xc  |     -8.820    |     -8.820    |
------------------------------------------------------------------------
------------------------------------------------------------------------
  tot |    -75.94790  |    -75.94790  |

 *** DFT reference energy = -75.94790


----------------------------------------------------------------------------------------------------------------
                                     ground-state dipole moment                                     
----------------------------------------------------------------------------------------------------------------
  MO  |             canonical             |            localized              |     atom(s)   |   bond length
----------------------------------------------------------------------------------------------------------------
      |     x     /     y     /     z     |     x     /     y     /     z     |
----------------------------------------------------------------------------------------------------------------
----------------------------------------------------------------------------------------------------------------
   0  |    0.000  /    0.000  /    1.068  |    0.000  /    0.000  /    3.386  |       O       |           
   1  |    0.000  /    0.000  /    1.011  |   -3.123  /    0.000  /   -1.393  |     H & O     |      2.300
   2  |    0.000  /    0.000  /    1.063  |    3.123  /    0.000  /   -1.393  |     O & H     |      2.300
   3  |    0.000  /    0.000  /   -1.225  |
   4  |    0.000  /    0.000  /   -1.317  |
----------------------------------------------------------------------------------------------------
----------------------------------------------------------------------------------------------------
  sum |    0.000  /    0.000  /    0.600  |    0.000  /    0.000  /    0.600  |
----------------------------------------------------------------------------------------------------
  nuc |    0.000  /    0.000  /    0.000  |    0.000  /    0.000  /    0.000  |
----------------------------------------------------------------------------------------------------
----------------------------------------------------------------------------------------------------
  tot |    0.000  /    0.000  /   -0.600  |    0.000  /    0.000  /   -0.600  |

 *** DFT reference dipole moment =    0.000  /    0.000  /   -0.600


