

 system info:
 ------------
 molecule          = h2o
 point group       = C2v
 basis set         = ccpvdz

 localization      = ibo
 assignment        = iao
 xc functional     = pbe

 electrons         = 10
 occupied orbitals = 5
 virtual orbitals  = 19
 total orbitals    = 24

 git version: 6ffb74d1558618696df1601a384a1915186eee3a




 ** hartree-fock
 ---------------

------------------------------------------------------------------------
                         ground-state energy                          
------------------------------------------------------------------------
  MO  |   canonical   |   localized   |     atom(s)   |   bond length
------------------------------------------------------------------------
------------------------------------------------------------------------
   0  |    -53.263    |    -69.240    |       O       |           
   1  |     -8.768    |     -6.207    |     H & O     |      1.500
   2  |     -7.393    |     -6.207    |     O & H     |      1.500
   3  |     -6.250    |
   4  |     -5.981    |
------------------------------------------------------------------------
------------------------------------------------------------------------
  sum |    -81.655    |    -81.655    |
------------------------------------------------------------------------
  nuc |     +5.868    |     +5.868    |
------------------------------------------------------------------------
------------------------------------------------------------------------
  tot |    -75.78675  |    -75.78675  |

 *** HF reference energy = -75.78675


----------------------------------------------------------------------------------------------------------------
                                     ground-state dipole moment                                     
----------------------------------------------------------------------------------------------------------------
  MO  |             canonical             |            localized              |     atom(s)   |   bond length
----------------------------------------------------------------------------------------------------------------
      |     x     /     y     /     z     |     x     /     y     /     z     |
----------------------------------------------------------------------------------------------------------------
----------------------------------------------------------------------------------------------------------------
   0  |    0.000  /    0.000  /    0.696  |    0.000  /    0.000  /    2.885  |       O       |           
   1  |    0.000  /    0.000  /    0.506  |   -2.049  /    0.000  /   -1.008  |     H & O     |      1.500
   2  |    0.000  /    0.000  /    0.667  |    2.049  /    0.000  /   -1.008  |     O & H     |      1.500
   3  |    0.000  /    0.000  /   -0.339  |
   4  |    0.000  /    0.000  /   -0.660  |
----------------------------------------------------------------------------------------------------------------
----------------------------------------------------------------------------------------------------------------
  sum |    0.000  /    0.000  /    0.870  |    0.000  /    0.000  /    0.870  |
----------------------------------------------------------------------------------------------------------------
  nuc |    0.000  /    0.000  /    0.000  |    0.000  /    0.000  /    0.000  |
----------------------------------------------------------------------------------------------------------------
----------------------------------------------------------------------------------------------------------------
  tot |    0.000  /    0.000  /   -0.870  |    0.000  /    0.000  /   -0.870  |

 *** HF reference dipole moment =    0.000  /    0.000  /   -0.870




 ** dft
 ------

------------------------------------------------------------------------
                         ground-state energy                          
------------------------------------------------------------------------
  MO  |   canonical   |   localized   |     atom(s)   |   bond length
------------------------------------------------------------------------
------------------------------------------------------------------------
   0  |    -48.348    |    -62.159    |       O       |           
   1  |     -7.570    |     -5.459    |     H & O     |      1.500
   2  |     -6.363    |     -5.459    |     O & H     |      1.500
   3  |     -5.469    |
   4  |     -5.326    |
------------------------------------------------------------------------
------------------------------------------------------------------------
  sum |    -73.076    |    -73.076    |
------------------------------------------------------------------------
  nuc |     +5.868    |     +5.868    |
  xc  |     -8.955    |     -8.955    |
------------------------------------------------------------------------
------------------------------------------------------------------------
  tot |    -76.16308  |    -76.16308  |

 *** DFT reference energy = -76.16308


----------------------------------------------------------------------------------------------------------------
                                     ground-state dipole moment                                     
----------------------------------------------------------------------------------------------------------------
  MO  |             canonical             |            localized              |     atom(s)   |   bond length
----------------------------------------------------------------------------------------------------------------
      |     x     /     y     /     z     |     x     /     y     /     z     |
----------------------------------------------------------------------------------------------------------------
----------------------------------------------------------------------------------------------------------------
   0  |    0.000  /    0.000  /    0.696  |    0.000  /    0.000  /    2.749  |       O       |           
   1  |    0.000  /    0.000  /    0.354  |   -2.093  /    0.000  /   -1.032  |     H & O     |      1.500
   2  |    0.000  /    0.000  /    0.662  |    2.093  /    0.000  /   -1.032  |     O & H     |      1.500
   3  |    0.000  /    0.000  /   -0.321  |
   4  |    0.000  /    0.000  /   -0.706  |
----------------------------------------------------------------------------------------------------
----------------------------------------------------------------------------------------------------
  sum |    0.000  /    0.000  /    0.686  |    0.000  /    0.000  /    0.686  |
----------------------------------------------------------------------------------------------------
  nuc |    0.000  /    0.000  /    0.000  |    0.000  /    0.000  /    0.000  |
----------------------------------------------------------------------------------------------------
----------------------------------------------------------------------------------------------------
  tot |    0.000  /    0.000  /   -0.686  |    0.000  /    0.000  /   -0.686  |

 *** DFT reference dipole moment =    0.000  /    0.000  /   -0.686


