

 system info:
 ------------
 molecule          = h2o
 point group       = C2v
 basis set         = ccpvdz

 localization      = ibo
 assignment        = iao
 xc functional     = pbe

 electrons         = 10
 occupied orbitals = 5
 virtual orbitals  = 19
 total orbitals    = 24

 git version: 6ffb74d1558618696df1601a384a1915186eee3a




 ** hartree-fock
 ---------------

------------------------------------------------------------------------
                         ground-state energy                          
------------------------------------------------------------------------
  MO  |   canonical   |   localized   |     atom(s)   |   bond length
------------------------------------------------------------------------
------------------------------------------------------------------------
   0  |    -53.539    |    -69.198    |       O       |           
   1  |     -9.112    |     -7.813    |     O & H     |      1.000
   2  |     -7.559    |     -7.813    |     H & O     |      1.000
   3  |     -7.388    |
   4  |     -7.226    |
------------------------------------------------------------------------
------------------------------------------------------------------------
  sum |    -84.824    |    -84.824    |
------------------------------------------------------------------------
  nuc |     +8.802    |     +8.802    |
------------------------------------------------------------------------
------------------------------------------------------------------------
  tot |    -76.02144  |    -76.02144  |

 *** HF reference energy = -76.02144


----------------------------------------------------------------------------------------------------------------
                                     ground-state dipole moment                                     
----------------------------------------------------------------------------------------------------------------
  MO  |             canonical             |            localized              |     atom(s)   |   bond length
----------------------------------------------------------------------------------------------------------------
      |     x     /     y     /     z     |     x     /     y     /     z     |
----------------------------------------------------------------------------------------------------------------
----------------------------------------------------------------------------------------------------------------
   0  |    0.000  /    0.000  /    0.464  |    0.000  /    0.000  /    2.469  |       O       |           
   1  |    0.000  /    0.000  /   -0.144  |    1.646  /    0.000  /   -0.821  |     O & H     |      1.000
   2  |    0.000  /    0.000  /    0.379  |   -1.646  /    0.000  /   -0.821  |     H & O     |      1.000
   3  |    0.000  /    0.000  /    0.548  |
   4  |    0.000  /    0.000  /   -0.421  |
----------------------------------------------------------------------------------------------------------------
----------------------------------------------------------------------------------------------------------------
  sum |    0.000  /    0.000  /    0.826  |    0.000  /    0.000  /    0.826  |
----------------------------------------------------------------------------------------------------------------
  nuc |    0.000  /    0.000  /    0.000  |    0.000  /    0.000  /    0.000  |
----------------------------------------------------------------------------------------------------------------
----------------------------------------------------------------------------------------------------------------
  tot |    0.000  /    0.000  /   -0.826  |    0.000  /    0.000  /   -0.826  |

 *** HF reference dipole moment =    0.000  /    0.000  /   -0.826




 ** dft
 ------

------------------------------------------------------------------------
                         ground-state energy                          
------------------------------------------------------------------------
  MO  |   canonical   |   localized   |     atom(s)   |   bond length
------------------------------------------------------------------------
------------------------------------------------------------------------
   0  |    -48.640    |    -62.247    |       O       |           
   1  |     -7.876    |     -6.824    |     H & O     |      1.000
   2  |     -6.576    |     -6.824    |     O & H     |      1.000
   3  |     -6.456    |
   4  |     -6.345    |
------------------------------------------------------------------------
------------------------------------------------------------------------
  sum |    -75.894    |    -75.894    |
------------------------------------------------------------------------
  nuc |     +8.802    |     +8.802    |
  xc  |     -9.241    |     -9.241    |
------------------------------------------------------------------------
------------------------------------------------------------------------
  tot |    -76.33304  |    -76.33304  |

 *** DFT reference energy = -76.33304


----------------------------------------------------------------------------------------------------------------
                                     ground-state dipole moment                                     
----------------------------------------------------------------------------------------------------------------
  MO  |             canonical             |            localized              |     atom(s)   |   bond length
----------------------------------------------------------------------------------------------------------------
      |     x     /     y     /     z     |     x     /     y     /     z     |
----------------------------------------------------------------------------------------------------------------
----------------------------------------------------------------------------------------------------------------
   0  |    0.000  /    0.000  /    0.464  |    0.000  /    0.000  /    2.435  |       O       |           
   1  |    0.000  /    0.000  /   -0.315  |   -1.654  /    0.000  /   -0.848  |     H & O     |      1.000
   2  |    0.000  /    0.000  /    0.370  |    1.654  /    0.000  /   -0.848  |     O & H     |      1.000
   3  |    0.000  /    0.000  /    0.671  |
   4  |    0.000  /    0.000  /   -0.451  |
----------------------------------------------------------------------------------------------------
----------------------------------------------------------------------------------------------------
  sum |    0.000  /    0.000  /    0.739  |    0.000  /    0.000  /    0.739  |
----------------------------------------------------------------------------------------------------
  nuc |    0.000  /    0.000  /    0.000  |    0.000  /    0.000  /    0.000  |
----------------------------------------------------------------------------------------------------
----------------------------------------------------------------------------------------------------
  tot |    0.000  /    0.000  /   -0.739  |    0.000  /    0.000  /   -0.739  |

 *** DFT reference dipole moment =    0.000  /    0.000  /   -0.739


