

 system info:
 ------------
 molecule          = h2o
 point group       = C2v
 basis set         = ccpvdz

 localization      = ibo
 assignment        = iao
 xc functional     = pbe

 electrons         = 10
 occupied orbitals = 5
 virtual orbitals  = 19
 total orbitals    = 24

 git version: 6ffb74d1558618696df1601a384a1915186eee3a




 ** hartree-fock
 ---------------

------------------------------------------------------------------------
                         ground-state energy                          
------------------------------------------------------------------------
  MO  |   canonical   |   localized   |     atom(s)   |   bond length
------------------------------------------------------------------------
------------------------------------------------------------------------
   0  |    -53.111    |    -69.143    |       O       |           
   1  |     -8.697    |     -5.294    |     H & O     |      2.100
   2  |     -7.326    |     -5.294    |     O & H     |      2.100
   3  |     -6.021    |
   4  |     -4.576    |
------------------------------------------------------------------------
------------------------------------------------------------------------
  sum |    -79.731    |    -79.731    |
------------------------------------------------------------------------
  nuc |     +4.191    |     +4.191    |
------------------------------------------------------------------------
------------------------------------------------------------------------
  tot |    -75.53909  |    -75.53909  |

 *** HF reference energy = -75.53909


----------------------------------------------------------------------------------------------------------------
                                     ground-state dipole moment                                     
----------------------------------------------------------------------------------------------------------------
  MO  |             canonical             |            localized              |     atom(s)   |   bond length
----------------------------------------------------------------------------------------------------------------
      |     x     /     y     /     z     |     x     /     y     /     z     |
----------------------------------------------------------------------------------------------------------------
----------------------------------------------------------------------------------------------------------------
   0  |    0.000  /    0.000  /    0.975  |    0.000  /    0.000  /    3.176  |       O       |           
   1  |    0.000  /    0.000  /    0.960  |   -2.616  /    0.000  /   -1.244  |     H & O     |      2.100
   2  |    0.000  /    0.000  /    0.967  |    2.616  /    0.000  /   -1.244  |     O & H     |      2.100
   3  |    0.000  /    0.000  /   -0.251  |
   4  |    0.000  /    0.000  /   -1.964  |
----------------------------------------------------------------------------------------------------------------
----------------------------------------------------------------------------------------------------------------
  sum |    0.000  /    0.000  /    0.687  |    0.000  /    0.000  /    0.687  |
----------------------------------------------------------------------------------------------------------------
  nuc |    0.000  /    0.000  /    0.000  |    0.000  /    0.000  /    0.000  |
----------------------------------------------------------------------------------------------------------------
----------------------------------------------------------------------------------------------------------------
  tot |    0.000  /    0.000  /   -0.687  |    0.000  /    0.000  /   -0.687  |

 *** HF reference dipole moment =    0.000  /    0.000  /   -0.687




 ** dft
 ------

------------------------------------------------------------------------
                         ground-state energy                          
------------------------------------------------------------------------
  MO  |   canonical   |   localized   |     atom(s)   |   bond length
------------------------------------------------------------------------
------------------------------------------------------------------------
   0  |    -48.172    |    -61.886    |       O       |           
   1  |     -7.478    |     -4.729    |     O & H     |      2.100
   2  |     -6.244    |     -4.729    |     H & O     |      2.100
   3  |     -4.732    |
   4  |     -4.717    |
------------------------------------------------------------------------
------------------------------------------------------------------------
  sum |    -71.343    |    -71.343    |
------------------------------------------------------------------------
  nuc |     +4.191    |     +4.191    |
  xc  |     -8.834    |     -8.834    |
------------------------------------------------------------------------
------------------------------------------------------------------------
  tot |    -75.98609  |    -75.98609  |

 *** DFT reference energy = -75.98609


----------------------------------------------------------------------------------------------------------------
                                     ground-state dipole moment                                     
----------------------------------------------------------------------------------------------------------------
  MO  |             canonical             |            localized              |     atom(s)   |   bond length
----------------------------------------------------------------------------------------------------------------
      |     x     /     y     /     z     |     x     /     y     /     z     |
----------------------------------------------------------------------------------------------------------------
----------------------------------------------------------------------------------------------------------------
   0  |    0.000  /    0.000  /    0.975  |    0.000  /    0.000  /    3.179  |       O       |           
   1  |    0.000  /    0.000  /    0.887  |    2.851  /    0.000  /   -1.284  |     O & H     |      2.100
   2  |    0.000  /    0.000  /    0.967  |   -2.851  /    0.000  /   -1.284  |     H & O     |      2.100
   3  |    0.000  /    0.000  /   -1.082  |
   4  |    0.000  /    0.000  /   -1.137  |
----------------------------------------------------------------------------------------------------
----------------------------------------------------------------------------------------------------
  sum |    0.000  /    0.000  /    0.610  |    0.000  /    0.000  /    0.610  |
----------------------------------------------------------------------------------------------------
  nuc |    0.000  /    0.000  /    0.000  |    0.000  /    0.000  /    0.000  |
----------------------------------------------------------------------------------------------------
----------------------------------------------------------------------------------------------------
  tot |    0.000  /    0.000  /   -0.610  |    0.000  /    0.000  /   -0.610  |

 *** DFT reference dipole moment =    0.000  /    0.000  /   -0.610


