

 system info:
 ------------
 molecule          = h2o
 point group       = C2v
 basis set         = ccpvdz

 localization      = ibo
 assignment        = iao
 xc functional     = pbe

 electrons         = 10
 occupied orbitals = 5
 virtual orbitals  = 19
 total orbitals    = 24

 git version: 6ffb74d1558618696df1601a384a1915186eee3a




 ** hartree-fock
 ---------------

------------------------------------------------------------------------
                         ground-state energy                          
------------------------------------------------------------------------
  MO  |   canonical   |   localized   |     atom(s)   |   bond length
------------------------------------------------------------------------
------------------------------------------------------------------------
   0  |    -53.396    |    -69.182    |       O       |           
   1  |     -8.884    |     -7.048    |     H & O     |      1.200
   2  |     -7.458    |     -7.048    |     O & H     |      1.200
   3  |     -6.916    |
   4  |     -6.625    |
------------------------------------------------------------------------
------------------------------------------------------------------------
  sum |    -83.279    |    -83.279    |
------------------------------------------------------------------------
  nuc |     +7.335    |     +7.335    |
------------------------------------------------------------------------
------------------------------------------------------------------------
  tot |    -75.94346  |    -75.94346  |

 *** HF reference energy = -75.94346


----------------------------------------------------------------------------------------------------------------
                                     ground-state dipole moment                                     
----------------------------------------------------------------------------------------------------------------
  MO  |             canonical             |            localized              |     atom(s)   |   bond length
----------------------------------------------------------------------------------------------------------------
      |     x     /     y     /     z     |     x     /     y     /     z     |
----------------------------------------------------------------------------------------------------------------
----------------------------------------------------------------------------------------------------------------
   0  |    0.000  /    0.000  /    0.557  |    0.000  /    0.000  /    2.713  |       O       |           
   1  |    0.000  /    0.000  /    0.141  |   -1.776  /    0.000  /   -0.920  |     H & O     |      1.200
   2  |    0.000  /    0.000  /    0.499  |    1.776  /    0.000  /   -0.920  |     O & H     |      1.200
   3  |    0.000  /    0.000  /    0.187  |
   4  |    0.000  /    0.000  /   -0.511  |
----------------------------------------------------------------------------------------------------------------
----------------------------------------------------------------------------------------------------------------
  sum |    0.000  /    0.000  /    0.873  |    0.000  /    0.000  /    0.873  |
----------------------------------------------------------------------------------------------------------------
  nuc |    0.000  /    0.000  /    0.000  |    0.000  /    0.000  /    0.000  |
----------------------------------------------------------------------------------------------------------------
----------------------------------------------------------------------------------------------------------------
  tot |    0.000  /    0.000  /   -0.873  |    0.000  /    0.000  /   -0.873  |

 *** HF reference dipole moment =    0.000  /    0.000  /   -0.873




 ** dft
 ------

------------------------------------------------------------------------
                         ground-state energy                          
------------------------------------------------------------------------
  MO  |   canonical   |   localized   |     atom(s)   |   bond length
------------------------------------------------------------------------
------------------------------------------------------------------------
   0  |    -48.493    |    -62.193    |       O       |           
   1  |     -7.670    |     -6.164    |     O & H     |      1.200
   2  |     -6.460    |     -6.164    |     H & O     |      1.200
   3  |     -6.051    |
   4  |     -5.846    |
------------------------------------------------------------------------
------------------------------------------------------------------------
  sum |    -74.520    |    -74.520    |
------------------------------------------------------------------------
  nuc |     +7.335    |     +7.335    |
  xc  |     -9.095    |     -9.095    |
------------------------------------------------------------------------
------------------------------------------------------------------------
  tot |    -76.28042  |    -76.28042  |

 *** DFT reference energy = -76.28042


----------------------------------------------------------------------------------------------------------------
                                     ground-state dipole moment                                     
----------------------------------------------------------------------------------------------------------------
  MO  |             canonical             |            localized              |     atom(s)   |   bond length
----------------------------------------------------------------------------------------------------------------
      |     x     /     y     /     z     |     x     /     y     /     z     |
----------------------------------------------------------------------------------------------------------------
----------------------------------------------------------------------------------------------------------------
   0  |    0.000  /    0.000  /    0.557  |    0.000  /    0.000  /    2.628  |       O       |           
   1  |    0.000  /    0.000  /   -0.049  |    1.795  /    0.000  /   -0.947  |     O & H     |      1.200
   2  |    0.000  /    0.000  /    0.489  |   -1.795  /    0.000  /   -0.947  |     H & O     |      1.200
   3  |    0.000  /    0.000  /    0.288  |
   4  |    0.000  /    0.000  /   -0.551  |
----------------------------------------------------------------------------------------------------
----------------------------------------------------------------------------------------------------
  sum |    0.000  /    0.000  /    0.733  |    0.000  /    0.000  /    0.733  |
----------------------------------------------------------------------------------------------------
  nuc |    0.000  /    0.000  /    0.000  |    0.000  /    0.000  /    0.000  |
----------------------------------------------------------------------------------------------------
----------------------------------------------------------------------------------------------------
  tot |    0.000  /    0.000  /   -0.733  |    0.000  /    0.000  /   -0.733  |

 *** DFT reference dipole moment =    0.000  /    0.000  /   -0.733


