

 system info:
 ------------
 molecule          = h2o
 point group       = C2v
 basis set         = ccpvdz

 localization      = ibo
 assignment        = iao
 xc functional     = pbe

 electrons         = 10
 occupied orbitals = 5
 virtual orbitals  = 19
 total orbitals    = 24

 git version: 6ffb74d1558618696df1601a384a1915186eee3a




 ** hartree-fock
 ---------------

------------------------------------------------------------------------
                         ground-state energy                          
------------------------------------------------------------------------
  MO  |   canonical   |   localized   |     atom(s)   |   bond length
------------------------------------------------------------------------
------------------------------------------------------------------------
   0  |    -53.497    |    -69.178    |       O       |           
   1  |     -9.036    |     -7.607    |     H & O     |      1.050
   2  |     -7.527    |     -7.607    |     O & H     |      1.050
   3  |     -7.271    |
   4  |     -7.060    |
------------------------------------------------------------------------
------------------------------------------------------------------------
  sum |    -84.391    |    -84.391    |
------------------------------------------------------------------------
  nuc |     +8.383    |     +8.383    |
------------------------------------------------------------------------
------------------------------------------------------------------------
  tot |    -76.00823  |    -76.00823  |

 *** HF reference energy = -76.00823


----------------------------------------------------------------------------------------------------------------
                                     ground-state dipole moment                                     
----------------------------------------------------------------------------------------------------------------
  MO  |             canonical             |            localized              |     atom(s)   |   bond length
----------------------------------------------------------------------------------------------------------------
      |     x     /     y     /     z     |     x     /     y     /     z     |
----------------------------------------------------------------------------------------------------------------
----------------------------------------------------------------------------------------------------------------
   0  |    0.000  /    0.000  /    0.487  |    0.000  /    0.000  /    2.547  |       O       |           
   1  |    0.000  /    0.000  /   -0.073  |   -1.675  /    0.000  /   -0.852  |     H & O     |      1.050
   2  |    0.000  /    0.000  /    0.410  |    1.675  /    0.000  /   -0.852  |     O & H     |      1.050
   3  |    0.000  /    0.000  /    0.461  |
   4  |    0.000  /    0.000  /   -0.443  |
----------------------------------------------------------------------------------------------------------------
----------------------------------------------------------------------------------------------------------------
  sum |    0.000  /    0.000  /    0.842  |    0.000  /    0.000  /    0.842  |
----------------------------------------------------------------------------------------------------------------
  nuc |    0.000  /    0.000  /    0.000  |    0.000  /    0.000  /    0.000  |
----------------------------------------------------------------------------------------------------------------
----------------------------------------------------------------------------------------------------------------
  tot |    0.000  /    0.000  /   -0.842  |    0.000  /    0.000  /   -0.842  |

 *** HF reference dipole moment =    0.000  /    0.000  /   -0.842




 ** dft
 ------

------------------------------------------------------------------------
                         ground-state energy                          
------------------------------------------------------------------------
  MO  |   canonical   |   localized   |     atom(s)   |   bond length
------------------------------------------------------------------------
------------------------------------------------------------------------
   0  |    -48.598    |    -62.219    |       O       |           
   1  |     -7.807    |     -6.645    |     O & H     |      1.050
   2  |     -6.541    |     -6.645    |     H & O     |      1.050
   3  |     -6.358    |
   4  |     -6.206    |
------------------------------------------------------------------------
------------------------------------------------------------------------
  sum |    -75.509    |    -75.509    |
------------------------------------------------------------------------
  nuc |     +8.383    |     +8.383    |
  xc  |     -9.200    |     -9.200    |
------------------------------------------------------------------------
------------------------------------------------------------------------
  tot |    -76.32589  |    -76.32589  |

 *** DFT reference energy = -76.32589


----------------------------------------------------------------------------------------------------------------
                                     ground-state dipole moment                                     
----------------------------------------------------------------------------------------------------------------
  MO  |             canonical             |            localized              |     atom(s)   |   bond length
----------------------------------------------------------------------------------------------------------------
      |     x     /     y     /     z     |     x     /     y     /     z     |
----------------------------------------------------------------------------------------------------------------
----------------------------------------------------------------------------------------------------------------
   0  |    0.000  /    0.000  /    0.487  |    0.000  /    0.000  /    2.502  |       O       |           
   1  |    0.000  /    0.000  /   -0.253  |    1.685  /    0.000  /   -0.880  |     O & H     |      1.050
   2  |    0.000  /    0.000  /    0.400  |   -1.685  /    0.000  /   -0.880  |     H & O     |      1.050
   3  |    0.000  /    0.000  /    0.583  |
   4  |    0.000  /    0.000  /   -0.476  |
----------------------------------------------------------------------------------------------------
----------------------------------------------------------------------------------------------------
  sum |    0.000  /    0.000  /    0.741  |    0.000  /    0.000  /    0.741  |
----------------------------------------------------------------------------------------------------
  nuc |    0.000  /    0.000  /    0.000  |    0.000  /    0.000  /    0.000  |
----------------------------------------------------------------------------------------------------
----------------------------------------------------------------------------------------------------
  tot |    0.000  /    0.000  /   -0.741  |    0.000  /    0.000  /   -0.741  |

 *** DFT reference dipole moment =    0.000  /    0.000  /   -0.741


