

 system info:
 ------------
 molecule          = h2o
 point group       = C2v
 basis set         = ccpvdz

 localization      = ibo
 assignment        = iao
 xc functional     = pbe

 electrons         = 10
 occupied orbitals = 5
 virtual orbitals  = 19
 total orbitals    = 24

 git version: 6ffb74d1558618696df1601a384a1915186eee3a




 ** hartree-fock
 ---------------

------------------------------------------------------------------------
                         ground-state energy                          
------------------------------------------------------------------------
  MO  |   canonical   |   localized   |     atom(s)   |   bond length
------------------------------------------------------------------------
------------------------------------------------------------------------
   0  |    -53.088    |    -69.055    |       O       |           
   1  |     -8.669    |     -5.227    |     H & O     |      2.200
   2  |     -7.303    |     -5.227    |     O & H     |      2.200
   3  |     -5.336    |
   4  |     -5.112    |
------------------------------------------------------------------------
------------------------------------------------------------------------
  sum |    -79.508    |    -79.508    |
------------------------------------------------------------------------
  nuc |     +4.001    |     +4.001    |
------------------------------------------------------------------------
------------------------------------------------------------------------
  tot |    -75.50720  |    -75.50720  |

 *** HF reference energy = -75.50720


----------------------------------------------------------------------------------------------------------------
                                     ground-state dipole moment                                     
----------------------------------------------------------------------------------------------------------------
  MO  |             canonical             |            localized              |     atom(s)   |   bond length
----------------------------------------------------------------------------------------------------------------
      |     x     /     y     /     z     |     x     /     y     /     z     |
----------------------------------------------------------------------------------------------------------------
----------------------------------------------------------------------------------------------------------------
   0  |    0.000  /    0.000  /    1.021  |    0.000  /    0.000  /    3.403  |       O       |           
   1  |    0.000  /    0.000  /    1.012  |    2.907  /    0.000  /   -1.297  |     H & O     |      2.200
   2  |    0.000  /    0.000  /    1.015  |   -2.907  /    0.000  /   -1.297  |     O & H     |      2.200
   3  |    0.000  /    0.000  /   -1.054  |
   4  |    0.000  /    0.000  /   -1.185  |
----------------------------------------------------------------------------------------------------------------
----------------------------------------------------------------------------------------------------------------
  sum |    0.000  /    0.000  /    0.808  |    0.000  /    0.000  /    0.808  |
----------------------------------------------------------------------------------------------------------------
  nuc |    0.000  /    0.000  /    0.000  |    0.000  /    0.000  /    0.000  |
----------------------------------------------------------------------------------------------------------------
----------------------------------------------------------------------------------------------------------------
  tot |    0.000  /    0.000  /   -0.808  |    0.000  /    0.000  /   -0.808  |

 *** HF reference dipole moment =    0.000  /    0.000  /   -0.808




 ** dft
 ------

------------------------------------------------------------------------
                         ground-state energy                          
------------------------------------------------------------------------
  MO  |   canonical   |   localized   |     atom(s)   |   bond length
------------------------------------------------------------------------
------------------------------------------------------------------------
   0  |    -48.150    |    -61.835    |       O       |           
   1  |     -7.462    |     -4.653    |     O & H     |      2.200
   2  |     -6.227    |     -4.653    |     H & O     |      2.200
   3  |     -4.664    |
   4  |     -4.637    |
------------------------------------------------------------------------
------------------------------------------------------------------------
  sum |    -71.141    |    -71.141    |
------------------------------------------------------------------------
  nuc |     +4.001    |     +4.001    |
  xc  |     -8.826    |     -8.826    |
------------------------------------------------------------------------
------------------------------------------------------------------------
  tot |    -75.96587  |    -75.96587  |

 *** DFT reference energy = -75.96587


----------------------------------------------------------------------------------------------------------------
                                     ground-state dipole moment                                     
----------------------------------------------------------------------------------------------------------------
  MO  |             canonical             |            localized              |     atom(s)   |   bond length
----------------------------------------------------------------------------------------------------------------
      |     x     /     y     /     z     |     x     /     y     /     z     |
----------------------------------------------------------------------------------------------------------------
----------------------------------------------------------------------------------------------------------------
   0  |    0.000  /    0.000  /    1.021  |    0.000  /    0.000  /    3.279  |       O       |           
   1  |    0.000  /    0.000  /    0.951  |   -2.986  /    0.000  /   -1.338  |     O & H     |      2.200
   2  |    0.000  /    0.000  /    1.015  |    2.986  /    0.000  /   -1.338  |     H & O     |      2.200
   3  |    0.000  /    0.000  /   -1.153  |
   4  |    0.000  /    0.000  /   -1.231  |
----------------------------------------------------------------------------------------------------
----------------------------------------------------------------------------------------------------
  sum |    0.000  /    0.000  /    0.604  |    0.000  /    0.000  /    0.604  |
----------------------------------------------------------------------------------------------------
  nuc |    0.000  /    0.000  /    0.000  |    0.000  /    0.000  /    0.000  |
----------------------------------------------------------------------------------------------------
----------------------------------------------------------------------------------------------------
  tot |    0.000  /    0.000  /   -0.604  |    0.000  /    0.000  /   -0.604  |

 *** DFT reference dipole moment =    0.000  /    0.000  /   -0.604


