

 system info:
 ------------
 molecule          = h2o
 point group       = C2v
 basis set         = ccpvdz

 localization      = ibo
 assignment        = iao
 xc functional     = pbe

 electrons         = 10
 occupied orbitals = 5
 virtual orbitals  = 19
 total orbitals    = 24

 git version: 6ffb74d1558618696df1601a384a1915186eee3a




 ** hartree-fock
 ---------------

------------------------------------------------------------------------
                         ground-state energy                          
------------------------------------------------------------------------
  MO  |   canonical   |   localized   |     atom(s)   |   bond length
------------------------------------------------------------------------
------------------------------------------------------------------------
   0  |    -53.368    |    -69.193    |       O       |           
   1  |     -8.852    |     -6.883    |     H & O     |      1.250
   2  |     -7.443    |     -6.883    |     O & H     |      1.250
   3  |     -6.798    |
   4  |     -6.498    |
------------------------------------------------------------------------
------------------------------------------------------------------------
  sum |    -82.960    |    -82.960    |
------------------------------------------------------------------------
  nuc |     +7.042    |     +7.042    |
------------------------------------------------------------------------
------------------------------------------------------------------------
  tot |    -75.91782  |    -75.91782  |

 *** HF reference energy = -75.91782


----------------------------------------------------------------------------------------------------------------
                                     ground-state dipole moment                                     
----------------------------------------------------------------------------------------------------------------
  MO  |             canonical             |            localized              |     atom(s)   |   bond length
----------------------------------------------------------------------------------------------------------------
      |     x     /     y     /     z     |     x     /     y     /     z     |
----------------------------------------------------------------------------------------------------------------
----------------------------------------------------------------------------------------------------------------
   0  |    0.000  /    0.000  /    0.580  |    0.000  /    0.000  /    2.751  |       O       |           
   1  |    0.000  /    0.000  /    0.209  |   -1.815  /    0.000  /   -0.937  |     H & O     |      1.250
   2  |    0.000  /    0.000  /    0.528  |    1.815  /    0.000  /   -0.937  |     O & H     |      1.250
   3  |    0.000  /    0.000  /    0.094  |
   4  |    0.000  /    0.000  /   -0.534  |
----------------------------------------------------------------------------------------------------------------
----------------------------------------------------------------------------------------------------------------
  sum |    0.000  /    0.000  /    0.877  |    0.000  /    0.000  /    0.877  |
----------------------------------------------------------------------------------------------------------------
  nuc |    0.000  /    0.000  /    0.000  |    0.000  /    0.000  /    0.000  |
----------------------------------------------------------------------------------------------------------------
----------------------------------------------------------------------------------------------------------------
  tot |    0.000  /    0.000  /   -0.877  |    0.000  /    0.000  /   -0.877  |

 *** HF reference dipole moment =    0.000  /    0.000  /   -0.877




 ** dft
 ------

------------------------------------------------------------------------
                         ground-state energy                          
------------------------------------------------------------------------
  MO  |   canonical   |   localized   |     atom(s)   |   bond length
------------------------------------------------------------------------
------------------------------------------------------------------------
   0  |    -48.463    |    -62.191    |       O       |           
   1  |     -7.643    |     -6.023    |     H & O     |      1.250
   2  |     -6.439    |     -6.023    |     O & H     |      1.250
   3  |     -5.949    |
   4  |     -5.743    |
------------------------------------------------------------------------
------------------------------------------------------------------------
  sum |    -74.237    |    -74.237    |
------------------------------------------------------------------------
  nuc |     +7.042    |     +7.042    |
  xc  |     -9.066    |     -9.066    |
------------------------------------------------------------------------
------------------------------------------------------------------------
  tot |    -76.26138  |    -76.26138  |

 *** DFT reference energy = -76.26138


----------------------------------------------------------------------------------------------------------------
                                     ground-state dipole moment                                     
----------------------------------------------------------------------------------------------------------------
  MO  |             canonical             |            localized              |     atom(s)   |   bond length
----------------------------------------------------------------------------------------------------------------
      |     x     /     y     /     z     |     x     /     y     /     z     |
----------------------------------------------------------------------------------------------------------------
----------------------------------------------------------------------------------------------------------------
   0  |    0.000  /    0.000  /    0.580  |    0.000  /    0.000  /    2.653  |       O       |           
   1  |    0.000  /    0.000  /    0.021  |   -1.838  /    0.000  /   -0.963  |     H & O     |      1.250
   2  |    0.000  /    0.000  /    0.519  |    1.838  /    0.000  /   -0.963  |     O & H     |      1.250
   3  |    0.000  /    0.000  /    0.183  |
   4  |    0.000  /    0.000  /   -0.577  |
----------------------------------------------------------------------------------------------------
----------------------------------------------------------------------------------------------------
  sum |    0.000  /    0.000  /    0.727  |    0.000  /    0.000  /    0.727  |
----------------------------------------------------------------------------------------------------
  nuc |    0.000  /    0.000  /    0.000  |    0.000  /    0.000  /    0.000  |
----------------------------------------------------------------------------------------------------
----------------------------------------------------------------------------------------------------
  tot |    0.000  /    0.000  /   -0.727  |    0.000  /    0.000  /   -0.727  |

 *** DFT reference dipole moment =    0.000  /    0.000  /   -0.727


