

 system info:
 ------------
 molecule          = h2o
 point group       = C2v
 basis set         = ccpvdz

 localization      = ibo
 assignment        = iao
 xc functional     = pbe

 electrons         = 10
 occupied orbitals = 5
 virtual orbitals  = 19
 total orbitals    = 24

 git version: 6ffb74d1558618696df1601a384a1915186eee3a




 ** hartree-fock
 ---------------

------------------------------------------------------------------------
                         ground-state energy                          
------------------------------------------------------------------------
  MO  |   canonical   |   localized   |     atom(s)   |   bond length
------------------------------------------------------------------------
------------------------------------------------------------------------
   0  |    -53.052    |    -68.973    |       O       |           
   1  |     -8.644    |     -5.073    |     H & O     |      2.400
   2  |     -7.276    |     -5.073    |     O & H     |      2.400
   3  |     -5.125    |
   4  |     -5.022    |
------------------------------------------------------------------------
------------------------------------------------------------------------
  sum |    -79.120    |    -79.120    |
------------------------------------------------------------------------
  nuc |     +3.668    |     +3.668    |
------------------------------------------------------------------------
------------------------------------------------------------------------
  tot |    -75.45221  |    -75.45221  |

 *** HF reference energy = -75.45221


----------------------------------------------------------------------------------------------------------------
                                     ground-state dipole moment                                     
----------------------------------------------------------------------------------------------------------------
  MO  |             canonical             |            localized              |     atom(s)   |   bond length
----------------------------------------------------------------------------------------------------------------
      |     x     /     y     /     z     |     x     /     y     /     z     |
----------------------------------------------------------------------------------------------------------------
----------------------------------------------------------------------------------------------------------------
   0  |    0.000  /    0.000  /    1.114  |    0.000  /    0.000  /    3.599  |       O       |           
   1  |    0.000  /    0.000  /    1.116  |   -3.179  /    0.000  /   -1.400  |     H & O     |      2.400
   2  |    0.000  /    0.000  /    1.110  |    3.179  /    0.000  /   -1.400  |     O & H     |      2.400
   3  |    0.000  /    0.000  /   -1.262  |
   4  |    0.000  /    0.000  /   -1.279  |
----------------------------------------------------------------------------------------------------------------
----------------------------------------------------------------------------------------------------------------
  sum |    0.000  /    0.000  /    0.799  |    0.000  /    0.000  /    0.799  |
----------------------------------------------------------------------------------------------------------------
  nuc |    0.000  /    0.000  /    0.000  |    0.000  /    0.000  /    0.000  |
----------------------------------------------------------------------------------------------------------------
----------------------------------------------------------------------------------------------------------------
  tot |    0.000  /    0.000  /   -0.799  |    0.000  /    0.000  /   -0.799  |

 *** HF reference dipole moment =    0.000  /    0.000  /   -0.799




 ** dft
 ------

------------------------------------------------------------------------
                         ground-state energy                          
------------------------------------------------------------------------
  MO  |   canonical   |   localized   |     atom(s)   |   bond length
------------------------------------------------------------------------
------------------------------------------------------------------------
   0  |    -48.110    |    -61.735    |       O       |           
   1  |     -7.432    |     -4.524    |     H & O     |      2.400
   2  |     -6.195    |     -4.524    |     O & H     |      2.400
   3  |     -4.544    |
   4  |     -4.502    |
------------------------------------------------------------------------
------------------------------------------------------------------------
  sum |    -70.784    |    -70.784    |
------------------------------------------------------------------------
  nuc |     +3.668    |     +3.668    |
  xc  |     -8.816    |     -8.816    |
------------------------------------------------------------------------
------------------------------------------------------------------------
  tot |    -75.93196  |    -75.93196  |

 *** DFT reference energy = -75.93196


----------------------------------------------------------------------------------------------------------------
                                     ground-state dipole moment                                     
----------------------------------------------------------------------------------------------------------------
  MO  |             canonical             |            localized              |     atom(s)   |   bond length
----------------------------------------------------------------------------------------------------------------
      |     x     /     y     /     z     |     x     /     y     /     z     |
----------------------------------------------------------------------------------------------------------------
----------------------------------------------------------------------------------------------------------------
   0  |    0.000  /    0.000  /    1.114  |    0.000  /    0.000  /    3.497  |       O       |           
   1  |    0.000  /    0.000  /    1.068  |   -3.262  /    0.000  /   -1.450  |     H & O     |      2.400
   2  |    0.000  /    0.000  /    1.111  |    3.262  /    0.000  /   -1.450  |     O & H     |      2.400
   3  |    0.000  /    0.000  /   -1.297  |
   4  |    0.000  /    0.000  /   -1.399  |
----------------------------------------------------------------------------------------------------
----------------------------------------------------------------------------------------------------
  sum |    0.000  /    0.000  /    0.597  |    0.000  /    0.000  /    0.597  |
----------------------------------------------------------------------------------------------------
  nuc |    0.000  /    0.000  /    0.000  |    0.000  /    0.000  /    0.000  |
----------------------------------------------------------------------------------------------------
----------------------------------------------------------------------------------------------------
  tot |    0.000  /    0.000  /   -0.597  |    0.000  /    0.000  /   -0.597  |

 *** DFT reference dipole moment =    0.000  /    0.000  /   -0.597


