

 system info:
 ------------
 molecule          = h2o
 point group       = C2v
 basis set         = ccpvdz

 localization      = ibo
 assignment        = iao
 xc functional     = pbe

 electrons         = 10
 occupied orbitals = 5
 virtual orbitals  = 19
 total orbitals    = 24

 git version: 6ffb74d1558618696df1601a384a1915186eee3a




 ** hartree-fock
 ---------------

------------------------------------------------------------------------
                         ground-state energy                          
------------------------------------------------------------------------
  MO  |   canonical   |   localized   |     atom(s)   |   bond length
------------------------------------------------------------------------
------------------------------------------------------------------------
   0  |    -53.698    |    -69.385    |       O       |           
   1  |     -9.446    |     -8.486    |     H & O     |      0.850
   2  |     -7.796    |     -8.486    |     O & H     |      0.850
   3  |     -7.723    |
   4  |     -7.693    |
------------------------------------------------------------------------
------------------------------------------------------------------------
  sum |    -86.357    |    -86.357    |
------------------------------------------------------------------------
  nuc |    +10.355    |    +10.355    |
------------------------------------------------------------------------
------------------------------------------------------------------------
  tot |    -76.00119  |    -76.00119  |

 *** HF reference energy = -76.00119


----------------------------------------------------------------------------------------------------------------
                                     ground-state dipole moment                                     
----------------------------------------------------------------------------------------------------------------
  MO  |             canonical             |            localized              |     atom(s)   |   bond length
----------------------------------------------------------------------------------------------------------------
      |     x     /     y     /     z     |     x     /     y     /     z     |
----------------------------------------------------------------------------------------------------------------
----------------------------------------------------------------------------------------------------------------
   0  |    0.000  /    0.000  /    0.394  |    0.000  /    0.000  /    2.159  |       O       |           
   1  |    0.000  /    0.000  /   -0.345  |   -1.565  /    0.000  /   -0.696  |     H & O     |      0.850
   2  |    0.000  /    0.000  /   -0.359  |    1.565  /    0.000  /   -0.696  |     O & H     |      0.850
   3  |    0.000  /    0.000  /    0.787  |
   4  |    0.000  /    0.000  /    0.290  |
----------------------------------------------------------------------------------------------------------------
----------------------------------------------------------------------------------------------------------------
  sum |    0.000  /    0.000  /    0.766  |    0.000  /    0.000  /    0.766  |
----------------------------------------------------------------------------------------------------------------
  nuc |    0.000  /    0.000  /    0.000  |    0.000  /    0.000  /    0.000  |
----------------------------------------------------------------------------------------------------------------
----------------------------------------------------------------------------------------------------------------
  tot |    0.000  /    0.000  /   -0.766  |    0.000  /    0.000  /   -0.766  |

 *** HF reference dipole moment =    0.000  /    0.000  /   -0.766




 ** dft
 ------

------------------------------------------------------------------------
                         ground-state energy                          
------------------------------------------------------------------------
  MO  |   canonical   |   localized   |     atom(s)   |   bond length
------------------------------------------------------------------------
------------------------------------------------------------------------
   0  |    -48.800    |    -62.452    |       O       |           
   1  |     -8.179    |     -7.403    |     O & H     |      0.850
   2  |     -6.829    |     -7.403    |     H & O     |      0.850
   3  |     -6.739    |
   4  |     -6.712    |
------------------------------------------------------------------------
------------------------------------------------------------------------
  sum |    -77.259    |    -77.259    |
------------------------------------------------------------------------
  nuc |    +10.355    |    +10.355    |
  xc  |     -9.393    |     -9.393    |
------------------------------------------------------------------------
------------------------------------------------------------------------
  tot |    -76.29650  |    -76.29650  |

 *** DFT reference energy = -76.29650


----------------------------------------------------------------------------------------------------------------
                                     ground-state dipole moment                                     
----------------------------------------------------------------------------------------------------------------
  MO  |             canonical             |            localized              |     atom(s)   |   bond length
----------------------------------------------------------------------------------------------------------------
      |     x     /     y     /     z     |     x     /     y     /     z     |
----------------------------------------------------------------------------------------------------------------
----------------------------------------------------------------------------------------------------------------
   0  |    0.000  /    0.000  /    0.394  |    0.000  /    0.000  /    2.143  |       O       |           
   1  |    0.000  /    0.000  /   -0.478  |    1.572  /    0.000  /   -0.714  |     O & H     |      0.850
   2  |    0.000  /    0.000  /   -0.379  |   -1.572  /    0.000  /   -0.714  |     H & O     |      0.850
   3  |    0.000  /    0.000  /    0.895  |
   4  |    0.000  /    0.000  /    0.284  |
----------------------------------------------------------------------------------------------------
----------------------------------------------------------------------------------------------------
  sum |    0.000  /    0.000  /    0.716  |    0.000  /    0.000  /    0.716  |
----------------------------------------------------------------------------------------------------
  nuc |    0.000  /    0.000  /    0.000  |    0.000  /    0.000  /    0.000  |
----------------------------------------------------------------------------------------------------
----------------------------------------------------------------------------------------------------
  tot |    0.000  /    0.000  /   -0.716  |    0.000  /    0.000  /   -0.716  |

 *** DFT reference dipole moment =    0.000  /    0.000  /   -0.716


