

 system info:
 ------------
 molecule          = h2o
 point group       = C2v
 basis set         = ccpvdz

 localization      = ibo
 assignment        = iao
 xc functional     = pbe

 electrons         = 10
 occupied orbitals = 5
 virtual orbitals  = 19
 total orbitals    = 24

 git version: 6ffb74d1558618696df1601a384a1915186eee3a




 ** hartree-fock
 ---------------

------------------------------------------------------------------------
                         ground-state energy                          
------------------------------------------------------------------------
  MO  |   canonical   |   localized   |     atom(s)   |   bond length
------------------------------------------------------------------------
------------------------------------------------------------------------
   0  |    -53.035    |    -68.931    |       O       |           
   1  |     -8.632    |     -5.009    |     O & H     |      2.500
   2  |     -7.263    |     -5.009    |     H & O     |      2.500
   3  |     -5.048    |
   4  |     -4.972    |
------------------------------------------------------------------------
------------------------------------------------------------------------
  sum |    -78.949    |    -78.949    |
------------------------------------------------------------------------
  nuc |     +3.521    |     +3.521    |
------------------------------------------------------------------------
------------------------------------------------------------------------
  tot |    -75.42799  |    -75.42799  |

 *** HF reference energy = -75.42799


----------------------------------------------------------------------------------------------------------------
                                     ground-state dipole moment                                     
----------------------------------------------------------------------------------------------------------------
  MO  |             canonical             |            localized              |     atom(s)   |   bond length
----------------------------------------------------------------------------------------------------------------
      |     x     /     y     /     z     |     x     /     y     /     z     |
----------------------------------------------------------------------------------------------------------------
----------------------------------------------------------------------------------------------------------------
   0  |    0.000  /    0.000  /    1.161  |    0.000  /    0.000  /    3.707  |       O       |           
   1  |    0.000  /    0.000  /    1.166  |    3.315  /    0.000  /   -1.454  |     O & H     |      2.500
   2  |    0.000  /    0.000  /    1.157  |   -3.315  /    0.000  /   -1.454  |     H & O     |      2.500
   3  |    0.000  /    0.000  /   -1.343  |
   4  |    0.000  /    0.000  /   -1.341  |
----------------------------------------------------------------------------------------------------------------
----------------------------------------------------------------------------------------------------------------
  sum |    0.000  /    0.000  /    0.798  |    0.000  /    0.000  /    0.798  |
----------------------------------------------------------------------------------------------------------------
  nuc |    0.000  /    0.000  /    0.000  |    0.000  /    0.000  /    0.000  |
----------------------------------------------------------------------------------------------------------------
----------------------------------------------------------------------------------------------------------------
  tot |    0.000  /    0.000  /   -0.798  |    0.000  /    0.000  /   -0.798  |

 *** HF reference dipole moment =    0.000  /    0.000  /   -0.798




 ** dft
 ------

------------------------------------------------------------------------
                         ground-state energy                          
------------------------------------------------------------------------
  MO  |   canonical   |   localized   |     atom(s)   |   bond length
------------------------------------------------------------------------
------------------------------------------------------------------------
   0  |    -48.092    |    -61.688    |       O       |           
   1  |     -7.417    |     -4.469    |     O & H     |      2.500
   2  |     -6.180    |     -4.469    |     H & O     |      2.500
   3  |     -4.490    |
   4  |     -4.446    |
------------------------------------------------------------------------
------------------------------------------------------------------------
  sum |    -70.626    |    -70.626    |
------------------------------------------------------------------------
  nuc |     +3.521    |     +3.521    |
  xc  |     -8.813    |     -8.813    |
------------------------------------------------------------------------
------------------------------------------------------------------------
  tot |    -75.91787  |    -75.91787  |

 *** DFT reference energy = -75.91787


----------------------------------------------------------------------------------------------------------------
                                     ground-state dipole moment                                     
----------------------------------------------------------------------------------------------------------------
  MO  |             canonical             |            localized              |     atom(s)   |   bond length
----------------------------------------------------------------------------------------------------------------
      |     x     /     y     /     z     |     x     /     y     /     z     |
----------------------------------------------------------------------------------------------------------------
----------------------------------------------------------------------------------------------------------------
   0  |    0.000  /    0.000  /    1.161  |    0.000  /    0.000  /    3.613  |       O       |           
   1  |    0.000  /    0.000  /    1.123  |    3.402  /    0.000  /   -1.509  |     O & H     |      2.500
   2  |    0.000  /    0.000  /    1.158  |   -3.402  /    0.000  /   -1.509  |     H & O     |      2.500
   3  |    0.000  /    0.000  /   -1.371  |
   4  |    0.000  /    0.000  /   -1.476  |
----------------------------------------------------------------------------------------------------
----------------------------------------------------------------------------------------------------
  sum |    0.000  /    0.000  /    0.595  |    0.000  /    0.000  /    0.595  |
----------------------------------------------------------------------------------------------------
  nuc |    0.000  /    0.000  /    0.000  |    0.000  /    0.000  /    0.000  |
----------------------------------------------------------------------------------------------------
----------------------------------------------------------------------------------------------------
  tot |    0.000  /    0.000  /   -0.595  |    0.000  /    0.000  /   -0.595  |

 *** DFT reference dipole moment =    0.000  /    0.000  /   -0.595


