

 system info:
 ------------
 molecule          = h2o
 point group       = C2v
 basis set         = ccpvdz

 localization      = ibo
 assignment        = iao
 xc functional     = pbe

 electrons         = 10
 occupied orbitals = 5
 virtual orbitals  = 19
 total orbitals    = 24

 git version: 6ffb74d1558618696df1601a384a1915186eee3a




 ** hartree-fock
 ---------------

------------------------------------------------------------------------
                         ground-state energy                          
------------------------------------------------------------------------
  MO  |   canonical   |   localized   |     atom(s)   |   bond length
------------------------------------------------------------------------
------------------------------------------------------------------------
   0  |    -53.202    |    -69.228    |       O       |           
   1  |     -8.736    |     -5.821    |     H & O     |      1.700
   2  |     -7.368    |     -5.821    |     O & H     |      1.700
   3  |     -5.880    |
   4  |     -5.684    |
------------------------------------------------------------------------
------------------------------------------------------------------------
  sum |    -80.869    |    -80.869    |
------------------------------------------------------------------------
  nuc |     +5.178    |     +5.178    |
------------------------------------------------------------------------
------------------------------------------------------------------------
  tot |    -75.69155  |    -75.69155  |

 *** HF reference energy = -75.69155


----------------------------------------------------------------------------------------------------------------
                                     ground-state dipole moment                                     
----------------------------------------------------------------------------------------------------------------
  MO  |             canonical             |            localized              |     atom(s)   |   bond length
----------------------------------------------------------------------------------------------------------------
      |     x     /     y     /     z     |     x     /     y     /     z     |
----------------------------------------------------------------------------------------------------------------
----------------------------------------------------------------------------------------------------------------
   0  |    0.000  /    0.000  /    0.789  |    0.000  /    0.000  /    2.990  |       O       |           
   1  |    0.000  /    0.000  /    0.688  |   -2.275  /    0.000  /   -1.072  |     H & O     |      1.700
   2  |    0.000  /    0.000  /    0.771  |    2.275  /    0.000  /   -1.072  |     O & H     |      1.700
   3  |    0.000  /    0.000  /   -0.633  |
   4  |    0.000  /    0.000  /   -0.770  |
----------------------------------------------------------------------------------------------------------------
----------------------------------------------------------------------------------------------------------------
  sum |    0.000  /    0.000  /    0.846  |    0.000  /    0.000  /    0.846  |
----------------------------------------------------------------------------------------------------------------
  nuc |    0.000  /    0.000  /    0.000  |    0.000  /    0.000  /    0.000  |
----------------------------------------------------------------------------------------------------------------
----------------------------------------------------------------------------------------------------------------
  tot |    0.000  /    0.000  /   -0.846  |    0.000  /    0.000  /   -0.846  |

 *** HF reference dipole moment =    0.000  /    0.000  /   -0.846




 ** dft
 ------

------------------------------------------------------------------------
                         ground-state energy                          
------------------------------------------------------------------------
  MO  |   canonical   |   localized   |     atom(s)   |   bond length
------------------------------------------------------------------------
------------------------------------------------------------------------
   0  |    -48.279    |    -62.087    |       O       |           
   1  |     -7.539    |     -5.144    |     H & O     |      1.700
   2  |     -6.319    |     -5.144    |     O & H     |      1.700
   3  |     -5.156    |
   4  |     -5.081    |
------------------------------------------------------------------------
------------------------------------------------------------------------
  sum |    -72.374    |    -72.374    |
------------------------------------------------------------------------
  nuc |     +5.178    |     +5.178    |
  xc  |     -8.897    |     -8.897    |
------------------------------------------------------------------------
------------------------------------------------------------------------
  tot |    -76.09287  |    -76.09287  |

 *** DFT reference energy = -76.09287


----------------------------------------------------------------------------------------------------------------
                                     ground-state dipole moment                                     
----------------------------------------------------------------------------------------------------------------
  MO  |             canonical             |            localized              |     atom(s)   |   bond length
----------------------------------------------------------------------------------------------------------------
      |     x     /     y     /     z     |     x     /     y     /     z     |
----------------------------------------------------------------------------------------------------------------
----------------------------------------------------------------------------------------------------------------
   0  |    0.000  /    0.000  /    0.789  |    0.000  /    0.000  /    2.853  |       O       |           
   1  |    0.000  /    0.000  /    0.571  |   -2.331  /    0.000  /   -1.100  |     H & O     |      1.700
   2  |    0.000  /    0.000  /    0.769  |    2.331  /    0.000  /   -1.100  |     O & H     |      1.700
   3  |    0.000  /    0.000  /   -0.655  |
   4  |    0.000  /    0.000  /   -0.820  |
----------------------------------------------------------------------------------------------------
----------------------------------------------------------------------------------------------------
  sum |    0.000  /    0.000  /    0.653  |    0.000  /    0.000  /    0.653  |
----------------------------------------------------------------------------------------------------
  nuc |    0.000  /    0.000  /    0.000  |    0.000  /    0.000  /    0.000  |
----------------------------------------------------------------------------------------------------
----------------------------------------------------------------------------------------------------
  tot |    0.000  /    0.000  /   -0.653  |    0.000  /    0.000  /   -0.653  |

 *** DFT reference dipole moment =    0.000  /    0.000  /   -0.653


