

 system info:
 ------------
 molecule          = h2o
 point group       = C2v
 basis set         = ccpvdz

 localization      = ibo
 assignment        = iao
 xc functional     = pbe

 electrons         = 10
 occupied orbitals = 5
 virtual orbitals  = 19
 total orbitals    = 24

 git version: 6ffb74d1558618696df1601a384a1915186eee3a




 ** hartree-fock
 ---------------

------------------------------------------------------------------------
                         ground-state energy                          
------------------------------------------------------------------------
  MO  |   canonical   |   localized   |     atom(s)   |   bond length
------------------------------------------------------------------------
------------------------------------------------------------------------
   0  |    -53.460    |    -69.171    |       O       |           
   1  |     -8.974    |     -7.410    |     O & H     |      1.100
   2  |     -7.500    |     -7.410    |     H & O     |      1.100
   3  |     -7.153    |
   4  |     -6.905    |
------------------------------------------------------------------------
------------------------------------------------------------------------
  sum |    -83.992    |    -83.992    |
------------------------------------------------------------------------
  nuc |     +8.002    |     +8.002    |
------------------------------------------------------------------------
------------------------------------------------------------------------
  tot |    -75.98975  |    -75.98975  |

 *** HF reference energy = -75.98975


----------------------------------------------------------------------------------------------------------------
                                     ground-state dipole moment                                     
----------------------------------------------------------------------------------------------------------------
  MO  |             canonical             |            localized              |     atom(s)   |   bond length
----------------------------------------------------------------------------------------------------------------
      |     x     /     y     /     z     |     x     /     y     /     z     |
----------------------------------------------------------------------------------------------------------------
----------------------------------------------------------------------------------------------------------------
   0  |    0.000  /    0.000  /    0.510  |    0.000  /    0.000  /    2.612  |       O       |           
   1  |    0.000  /    0.000  /   -0.001  |   -1.706  /    0.000  /   -0.879  |     O & H     |      1.100
   2  |    0.000  /    0.000  /    0.440  |    1.706  /    0.000  /   -0.879  |     H & O     |      1.100
   3  |    0.000  /    0.000  /    0.371  |
   4  |    0.000  /    0.000  /   -0.465  |
----------------------------------------------------------------------------------------------------------------
----------------------------------------------------------------------------------------------------------------
  sum |    0.000  /    0.000  /    0.855  |    0.000  /    0.000  /    0.855  |
----------------------------------------------------------------------------------------------------------------
  nuc |    0.000  /    0.000  /    0.000  |    0.000  /    0.000  /    0.000  |
----------------------------------------------------------------------------------------------------------------
----------------------------------------------------------------------------------------------------------------
  tot |    0.000  /    0.000  /   -0.855  |    0.000  /    0.000  /   -0.855  |

 *** HF reference dipole moment =    0.000  /    0.000  /   -0.855




 ** dft
 ------

------------------------------------------------------------------------
                         ground-state energy                          
------------------------------------------------------------------------
  MO  |   canonical   |   localized   |     atom(s)   |   bond length
------------------------------------------------------------------------
------------------------------------------------------------------------
   0  |    -48.559    |    -62.203    |       O       |           
   1  |     -7.751    |     -6.475    |     O & H     |      1.100
   2  |     -6.510    |     -6.475    |     H & O     |      1.100
   3  |     -6.257    |
   4  |     -6.077    |
------------------------------------------------------------------------
------------------------------------------------------------------------
  sum |    -75.154    |    -75.154    |
------------------------------------------------------------------------
  nuc |     +8.002    |     +8.002    |
  xc  |     -9.162    |     -9.162    |
------------------------------------------------------------------------
------------------------------------------------------------------------
  tot |    -76.31370  |    -76.31370  |

 *** DFT reference energy = -76.31370


----------------------------------------------------------------------------------------------------------------
                                     ground-state dipole moment                                     
----------------------------------------------------------------------------------------------------------------
  MO  |             canonical             |            localized              |     atom(s)   |   bond length
----------------------------------------------------------------------------------------------------------------
      |     x     /     y     /     z     |     x     /     y     /     z     |
----------------------------------------------------------------------------------------------------------------
----------------------------------------------------------------------------------------------------------------
   0  |    0.000  /    0.000  /    0.510  |    0.000  /    0.000  /    2.555  |       O       |           
   1  |    0.000  /    0.000  /   -0.187  |   -1.719  /    0.000  /   -0.907  |     O & H     |      1.100
   2  |    0.000  /    0.000  /    0.430  |    1.719  /    0.000  /   -0.907  |     H & O     |      1.100
   3  |    0.000  /    0.000  /    0.489  |
   4  |    0.000  /    0.000  /   -0.501  |
----------------------------------------------------------------------------------------------------
----------------------------------------------------------------------------------------------------
  sum |    0.000  /    0.000  /    0.741  |    0.000  /    0.000  /    0.741  |
----------------------------------------------------------------------------------------------------
  nuc |    0.000  /    0.000  /    0.000  |    0.000  /    0.000  /    0.000  |
----------------------------------------------------------------------------------------------------
----------------------------------------------------------------------------------------------------
  tot |    0.000  /    0.000  /   -0.741  |    0.000  /    0.000  /   -0.741  |

 *** DFT reference dipole moment =    0.000  /    0.000  /   -0.741


