

 system info:
 ------------
 molecule          = h2o
 point group       = C2v
 basis set         = ccpvdz

 localization      = ibo
 assignment        = iao
 xc functional     = pbe

 electrons         = 10
 occupied orbitals = 5
 virtual orbitals  = 19
 total orbitals    = 24

 git version: 6ffb74d1558618696df1601a384a1915186eee3a




 ** hartree-fock
 ---------------

------------------------------------------------------------------------
                         ground-state energy                          
------------------------------------------------------------------------
  MO  |   canonical   |   localized   |     atom(s)   |   bond length
------------------------------------------------------------------------
------------------------------------------------------------------------
   0  |    -53.586    |    -69.236    |       O       |           
   1  |     -9.204    |     -8.028    |     O & H     |      0.950
   2  |     -7.597    |     -8.028    |     H & O     |      0.950
   3  |     -7.502    |
   4  |     -7.403    |
------------------------------------------------------------------------
------------------------------------------------------------------------
  sum |    -85.292    |    -85.292    |
------------------------------------------------------------------------
  nuc |     +9.265    |     +9.265    |
------------------------------------------------------------------------
------------------------------------------------------------------------
  tot |    -76.02702  |    -76.02702  |

 *** HF reference energy = -76.02702


----------------------------------------------------------------------------------------------------------------
                                     ground-state dipole moment                                     
----------------------------------------------------------------------------------------------------------------
  MO  |             canonical             |            localized              |     atom(s)   |   bond length
----------------------------------------------------------------------------------------------------------------
      |     x     /     y     /     z     |     x     /     y     /     z     |
----------------------------------------------------------------------------------------------------------------
----------------------------------------------------------------------------------------------------------------
   0  |    0.000  /    0.000  /    0.441  |    0.000  /    0.000  /    2.379  |       O       |           
   1  |    0.000  /    0.000  /   -0.214  |    1.618  /    0.000  /   -0.785  |     O & H     |      0.950
   2  |    0.000  /    0.000  /    0.349  |   -1.618  /    0.000  /   -0.785  |     H & O     |      0.950
   3  |    0.000  /    0.000  /    0.632  |
   4  |    0.000  /    0.000  /   -0.400  |
----------------------------------------------------------------------------------------------------------------
----------------------------------------------------------------------------------------------------------------
  sum |    0.000  /    0.000  /    0.808  |    0.000  /    0.000  /    0.808  |
----------------------------------------------------------------------------------------------------------------
  nuc |    0.000  /    0.000  /    0.000  |    0.000  /    0.000  /    0.000  |
----------------------------------------------------------------------------------------------------------------
----------------------------------------------------------------------------------------------------------------
  tot |    0.000  /    0.000  /   -0.808  |    0.000  /    0.000  /   -0.808  |

 *** HF reference dipole moment =    0.000  /    0.000  /   -0.808




 ** dft
 ------

------------------------------------------------------------------------
                         ground-state energy                          
------------------------------------------------------------------------
  MO  |   canonical   |   localized   |     atom(s)   |   bond length
------------------------------------------------------------------------
------------------------------------------------------------------------
   0  |    -48.688    |    -62.291    |       O       |           
   1  |     -7.960    |     -7.010    |     H & O     |      0.950
   2  |     -6.615    |     -7.010    |     O & H     |      0.950
   3  |     -6.553    |
   4  |     -6.495    |
------------------------------------------------------------------------
------------------------------------------------------------------------
  sum |    -76.311    |    -76.311    |
------------------------------------------------------------------------
  nuc |     +9.265    |     +9.265    |
  xc  |     -9.287    |     -9.287    |
------------------------------------------------------------------------
------------------------------------------------------------------------
  tot |    -76.33284  |    -76.33284  |

 *** DFT reference energy = -76.33284


----------------------------------------------------------------------------------------------------------------
                                     ground-state dipole moment                                     
----------------------------------------------------------------------------------------------------------------
  MO  |             canonical             |            localized              |     atom(s)   |   bond length
----------------------------------------------------------------------------------------------------------------
      |     x     /     y     /     z     |     x     /     y     /     z     |
----------------------------------------------------------------------------------------------------------------
----------------------------------------------------------------------------------------------------------------
   0  |    0.000  /    0.000  /    0.441  |    0.000  /    0.000  /    2.353  |       O       |           
   1  |    0.000  /    0.000  /   -0.374  |   -1.625  /    0.000  /   -0.810  |     H & O     |      0.950
   2  |    0.000  /    0.000  /    0.341  |    1.625  /    0.000  /   -0.810  |     O & H     |      0.950
   3  |    0.000  /    0.000  /    0.753  |
   4  |    0.000  /    0.000  /   -0.426  |
----------------------------------------------------------------------------------------------------
----------------------------------------------------------------------------------------------------
  sum |    0.000  /    0.000  /    0.734  |    0.000  /    0.000  /    0.734  |
----------------------------------------------------------------------------------------------------
  nuc |    0.000  /    0.000  /    0.000  |    0.000  /    0.000  /    0.000  |
----------------------------------------------------------------------------------------------------
----------------------------------------------------------------------------------------------------
  tot |    0.000  /    0.000  /   -0.734  |    0.000  /    0.000  /   -0.734  |

 *** DFT reference dipole moment =    0.000  /    0.000  /   -0.734


