

 system info:
 ------------
 molecule          = h2o
 point group       = C2v
 basis set         = ccpvdz

 localization      = ibo
 assignment        = iao
 xc functional     = pbe

 electrons         = 10
 occupied orbitals = 5
 virtual orbitals  = 19
 total orbitals    = 24

 git version: 6ffb74d1558618696df1601a384a1915186eee3a




 ** hartree-fock
 ---------------

------------------------------------------------------------------------
                         ground-state energy                          
------------------------------------------------------------------------
  MO  |   canonical   |   localized   |     atom(s)   |   bond length
------------------------------------------------------------------------
------------------------------------------------------------------------
   0  |    -53.300    |    -69.228    |       O       |           
   1  |     -8.792    |     -6.449    |     O & H     |      1.400
   2  |     -7.409    |     -6.449    |     H & O     |      1.400
   3  |     -6.459    |
   4  |     -6.166    |
------------------------------------------------------------------------
------------------------------------------------------------------------
  sum |    -82.126    |    -82.126    |
------------------------------------------------------------------------
  nuc |     +6.287    |     +6.287    |
------------------------------------------------------------------------
------------------------------------------------------------------------
  tot |    -75.83843  |    -75.83843  |

 *** HF reference energy = -75.83843


----------------------------------------------------------------------------------------------------------------
                                     ground-state dipole moment                                     
----------------------------------------------------------------------------------------------------------------
  MO  |             canonical             |            localized              |     atom(s)   |   bond length
----------------------------------------------------------------------------------------------------------------
      |     x     /     y     /     z     |     x     /     y     /     z     |
----------------------------------------------------------------------------------------------------------------
----------------------------------------------------------------------------------------------------------------
   0  |    0.000  /    0.000  /    0.650  |    0.000  /    0.000  /    2.837  |       O       |           
   1  |    0.000  /    0.000  /    0.397  |    1.948  /    0.000  /   -0.980  |     O & H     |      1.400
   2  |    0.000  /    0.000  /    0.613  |   -1.948  /    0.000  /   -0.980  |     H & O     |      1.400
   3  |    0.000  /    0.000  /   -0.174  |
   4  |    0.000  /    0.000  /   -0.608  |
----------------------------------------------------------------------------------------------------------------
----------------------------------------------------------------------------------------------------------------
  sum |    0.000  /    0.000  /    0.878  |    0.000  /    0.000  /    0.878  |
----------------------------------------------------------------------------------------------------------------
  nuc |    0.000  /    0.000  /    0.000  |    0.000  /    0.000  /    0.000  |
----------------------------------------------------------------------------------------------------------------
----------------------------------------------------------------------------------------------------------------
  tot |    0.000  /    0.000  /   -0.878  |    0.000  /    0.000  /   -0.878  |

 *** HF reference dipole moment =    0.000  /    0.000  /   -0.878




 ** dft
 ------

------------------------------------------------------------------------
                         ground-state energy                          
------------------------------------------------------------------------
  MO  |   canonical   |   localized   |     atom(s)   |   bond length
------------------------------------------------------------------------
------------------------------------------------------------------------
   0  |    -48.389    |    -62.180    |       O       |           
   1  |     -7.590    |     -5.658    |     H & O     |      1.400
   2  |     -6.389    |     -5.658    |     O & H     |      1.400
   3  |     -5.651    |
   4  |     -5.476    |
------------------------------------------------------------------------
------------------------------------------------------------------------
  sum |    -73.496    |    -73.496    |
------------------------------------------------------------------------
  nuc |     +6.287    |     +6.287    |
  xc  |     -8.993    |     -8.993    |
------------------------------------------------------------------------
------------------------------------------------------------------------
  tot |    -76.20180  |    -76.20180  |

 *** DFT reference energy = -76.20180


----------------------------------------------------------------------------------------------------------------
                                     ground-state dipole moment                                     
----------------------------------------------------------------------------------------------------------------
  MO  |             canonical             |            localized              |     atom(s)   |   bond length
----------------------------------------------------------------------------------------------------------------
      |     x     /     y     /     z     |     x     /     y     /     z     |
----------------------------------------------------------------------------------------------------------------
----------------------------------------------------------------------------------------------------------------
   0  |    0.000  /    0.000  /    0.650  |    0.000  /    0.000  /    2.711  |       O       |           
   1  |    0.000  /    0.000  /    0.228  |   -1.984  /    0.000  /   -1.004  |     H & O     |      1.400
   2  |    0.000  /    0.000  /    0.606  |    1.984  /    0.000  /   -1.004  |     O & H     |      1.400
   3  |    0.000  /    0.000  /   -0.127  |
   4  |    0.000  /    0.000  /   -0.653  |
----------------------------------------------------------------------------------------------------
----------------------------------------------------------------------------------------------------
  sum |    0.000  /    0.000  /    0.703  |    0.000  /    0.000  /    0.703  |
----------------------------------------------------------------------------------------------------
  nuc |    0.000  /    0.000  /    0.000  |    0.000  /    0.000  /    0.000  |
----------------------------------------------------------------------------------------------------
----------------------------------------------------------------------------------------------------
  tot |    0.000  /    0.000  /   -0.703  |    0.000  /    0.000  /   -0.703  |

 *** DFT reference dipole moment =    0.000  /    0.000  /   -0.703


