

 system info:
 ------------
 molecule          = c10h8
 point group       = D2h
 basis set         = 631g

 localization      = ibo
 assignment        = iao

 electrons         = 68
 occupied orbitals = 34
 virtual orbitals  = 72
 total orbitals    = 106

 git version: 6ffb74d1558618696df1601a384a1915186eee3a




 ** hartree-fock
 ---------------

------------------------------------------------------------------------
                         ground-state energy                          
------------------------------------------------------------------------
  MO  |   canonical   |   localized   |     atom(s)   |   bond length
------------------------------------------------------------------------
------------------------------------------------------------------------
   0  |    -44.673    |    -44.686    |       C       |           
   1  |    -44.669    |    -44.686    |       C       |           
   2  |    -42.571    |    -42.716    |       C       |           
   3  |    -42.568    |    -42.716    |       C       |           
   4  |    -42.318    |    -42.716    |       C       |           
   5  |    -42.312    |    -42.716    |       C       |           
   6  |    -42.303    |    -41.885    |       C       |           
   7  |    -42.284    |    -41.885    |       C       |           
   8  |    -42.047    |    -41.885    |       C       |           
   9  |    -42.033    |    -41.885    |       C       |           
  10  |    -19.759    |    -38.705    |     C & C     |      1.434
  11  |    -18.835    |    -34.760    |     C & C     |      1.376
  12  |    -18.635    |    -34.760    |     C & C     |      1.376
  13  |    -18.583    |    -34.760    |     C & C     |      1.376
  14  |    -18.085    |    -34.760    |     C & C     |      1.376
  15  |    -17.823    |    -19.717    |     C & C     |      1.421
  16  |    -17.708    |    -19.717    |     C & C     |      1.421
  17  |    -17.638    |    -19.717    |     C & C     |      1.421
  18  |    -17.549    |    -19.717    |     C & C     |      1.421
  19  |    -17.460    |    -18.042    |     C & C     |      1.417
  20  |    -17.307    |    -18.042    |     C & C     |      1.417
  21  |    -17.016    |    -15.483    |     C & H     |      1.087
  22  |    -16.836    |    -15.483    |     C & H     |      1.087
  23  |    -16.820    |    -15.483    |     C & H     |      1.087
  24  |    -16.731    |    -15.483    |     C & H     |      1.087
  25  |    -16.652    |    -14.527    |     C & H     |      1.086
  26  |    -16.574    |    -14.527    |     C & H     |      1.086
  27  |    -16.542    |    -14.527    |     C & H     |      1.086
  28  |    -16.294    |    -14.527    |     C & H     |      1.086
  29  |    -16.116    |
  30  |    -16.068    |
  31  |    -16.050    |
  32  |    -15.979    |
  33  |    -15.673    |
------------------------------------------------------------------------
------------------------------------------------------------------------
  sum |   -840.511    |   -840.511    |
------------------------------------------------------------------------
  nuc |   +457.291    |   +457.291    |
------------------------------------------------------------------------
------------------------------------------------------------------------
  tot |   -383.22068  |   -383.22068  |

 *** HF reference energy = -383.22068


----------------------------------------------------------------------------------------------------------------
                                     ground-state dipole moment                                     
----------------------------------------------------------------------------------------------------------------
  MO  |             canonical             |            localized              |     atom(s)   |   bond length
----------------------------------------------------------------------------------------------------------------
      |     x     /     y     /     z     |     x     /     y     /     z     |
----------------------------------------------------------------------------------------------------------------
----------------------------------------------------------------------------------------------------------------
   0  |    0.000  /    0.000  /    0.000  |    0.000  /    2.710  /    0.000  |       C       |           
   1  |    0.000  /    0.000  /    0.000  |    0.000  /   -2.710  /    0.000  |       C       |           
   2  |    0.000  /    0.000  /    0.000  |   -4.704  /   -5.300  /    0.000  |       C       |           
   3  |    0.000  /    0.000  /    0.000  |    4.704  /    5.300  /    0.000  |       C       |           
   4  |    0.000  /    0.000  /    0.000  |    4.704  /   -5.300  /    0.000  |       C       |           
   5  |    0.000  /    0.000  /    0.000  |   -4.704  /    5.300  /    0.000  |       C       |           
   6  |    0.000  /    0.000  /    0.000  |    9.195  /   -2.677  /    0.000  |       C       |           
   7  |    0.000  /    0.000  /    0.000  |   -9.195  /   -2.677  /    0.000  |       C       |           
   8  |    0.000  /    0.000  /    0.000  |    9.195  /    2.677  /    0.000  |       C       |           
   9  |    0.000  /    0.000  /    0.000  |   -9.195  /    2.677  /    0.000  |       C       |           
  10  |    0.000  /    0.000  /    0.000  |   -0.000  /    0.000  /    0.000  |     C & C     |      1.434
  11  |    0.000  /    0.000  /    0.000  |  -13.550  /   -7.439  /    0.000  |     C & C     |      1.376
  12  |    0.000  /    0.000  /    0.000  |   13.550  /   -7.439  /    0.000  |     C & C     |      1.376
  13  |    0.000  /    0.000  /    0.000  |   13.550  /    7.439  /    0.000  |     C & C     |      1.376
  14  |    0.000  /    0.000  /    0.000  |  -13.550  /    7.439  /    0.000  |     C & C     |      1.376
  15  |    0.000  /    0.000  /    0.000  |    2.333  /   -4.026  /    0.000  |     C & C     |      1.421
  16  |    0.000  /    0.000  /    0.000  |   -2.333  /    4.026  /    0.000  |     C & C     |      1.421
  17  |    0.000  /    0.000  /    0.000  |   -2.333  /   -4.026  /    0.000  |     C & C     |      1.421
  18  |    0.000  /    0.000  /    0.000  |    2.333  /    4.026  /    0.000  |     C & C     |      1.421
  19  |    0.000  /    0.000  /    0.000  |    9.240  /    0.000  /    0.000  |     C & C     |      1.417
  20  |    0.000  /    0.000  /    0.000  |   -9.240  /    0.000  /    0.000  |     C & C     |      1.417
  21  |    0.000  /    0.000  /    0.000  |    4.685  /   -8.068  /    0.000  |     C & H     |      1.087
  22  |    0.000  /    0.000  /    0.000  |   -4.685  /    8.068  /    0.000  |     C & H     |      1.087
  23  |    0.000  /    0.000  /    0.000  |    4.685  /    8.068  /    0.000  |     C & H     |      1.087
  24  |    0.000  /    0.000  /    0.000  |   -4.685  /   -8.068  /    0.000  |     C & H     |      1.087
  25  |    0.000  /    0.000  /    0.000  |   11.600  /    4.036  /    0.000  |     C & H     |      1.086
  26  |    0.000  /    0.000  /    0.000  |  -11.600  /    4.036  /    0.000  |     C & H     |      1.086
  27  |    0.000  /    0.000  /    0.000  |  -11.600  /   -4.036  /    0.000  |     C & H     |      1.086
  28  |    0.000  /    0.000  /    0.000  |   11.600  /   -4.036  /    0.000  |     C & H     |      1.086
  29  |    0.000  /    0.000  /    0.000  |
  30  |    0.000  /    0.000  /    0.000  |
  31  |    0.000  /    0.000  /    0.000  |
  32  |    0.000  /    0.000  /    0.000  |
  33  |    0.000  /    0.000  /    0.000  |
----------------------------------------------------------------------------------------------------------------
----------------------------------------------------------------------------------------------------------------
  sum |    0.000  /    0.000  /    0.000  |    0.000  /    0.000  /    0.000  |
----------------------------------------------------------------------------------------------------------------
  nuc |    0.000  /    0.000  /    0.000  |    0.000  /    0.000  /    0.000  |
----------------------------------------------------------------------------------------------------------------
----------------------------------------------------------------------------------------------------------------
  tot |    0.000  /    0.000  /    0.000  |    0.000  /    0.000  /    0.000  |

 *** HF reference dipole moment =    0.000  /    0.000  /    0.000


