

 system info:
 ------------
 molecule          = h2o
 point group       = C2v
 basis set         = ccpvdz

 localization      = ibo
 assignment        = iao
 xc functional     = pbe

 electrons         = 10
 occupied orbitals = 5
 virtual orbitals  = 19
 total orbitals    = 24

 git version: 6ffb74d1558618696df1601a384a1915186eee3a




 ** hartree-fock
 ---------------

------------------------------------------------------------------------
                         ground-state energy                          
------------------------------------------------------------------------
  MO  |   canonical   |   localized   |     atom(s)   |   bond length
------------------------------------------------------------------------
------------------------------------------------------------------------
   0  |    -53.843    |    -69.674    |       O       |           
   1  |     -9.777    |     -8.975    |     O & H     |      0.750
   2  |     -8.245    |     -8.975    |     H & O     |      0.750
   3  |     -7.938    |
   4  |     -7.821    |
------------------------------------------------------------------------
------------------------------------------------------------------------
  sum |    -87.624    |    -87.624    |
------------------------------------------------------------------------
  nuc |    +11.736    |    +11.736    |
------------------------------------------------------------------------
------------------------------------------------------------------------
  tot |    -75.88812  |    -75.88812  |

 *** HF reference energy = -75.88812


----------------------------------------------------------------------------------------------------------------
                                     ground-state dipole moment                                     
----------------------------------------------------------------------------------------------------------------
  MO  |             canonical             |            localized              |     atom(s)   |   bond length
----------------------------------------------------------------------------------------------------------------
      |     x     /     y     /     z     |     x     /     y     /     z     |
----------------------------------------------------------------------------------------------------------------
----------------------------------------------------------------------------------------------------------------
   0  |    0.000  /    0.000  /    0.348  |    0.000  /    0.000  /    1.887  |       O       |           
   1  |    0.000  /    0.000  /   -0.458  |    1.510  /    0.000  /   -0.583  |     O & H     |      0.750
   2  |    0.000  /    0.000  /   -0.321  |   -1.510  /    0.000  /   -0.583  |     H & O     |      0.750
   3  |    0.000  /    0.000  /    0.921  |
   4  |    0.000  /    0.000  /    0.232  |
----------------------------------------------------------------------------------------------------------------
----------------------------------------------------------------------------------------------------------------
  sum |    0.000  /    0.000  /    0.721  |    0.000  /    0.000  /    0.721  |
----------------------------------------------------------------------------------------------------------------
  nuc |    0.000  /    0.000  /    0.000  |    0.000  /    0.000  /    0.000  |
----------------------------------------------------------------------------------------------------------------
----------------------------------------------------------------------------------------------------------------
  tot |    0.000  /    0.000  /   -0.721  |    0.000  /    0.000  /   -0.721  |

 *** HF reference dipole moment =    0.000  /    0.000  /   -0.721




 ** dft
 ------

------------------------------------------------------------------------
                         ground-state energy                          
------------------------------------------------------------------------
  MO  |   canonical   |   localized   |     atom(s)   |   bond length
------------------------------------------------------------------------
------------------------------------------------------------------------
   0  |    -48.945    |    -62.745    |       O       |           
   1  |     -8.473    |     -7.821    |     O & H     |      0.750
   2  |     -7.214    |     -7.821    |     H & O     |      0.750
   3  |     -6.920    |
   4  |     -6.835    |
------------------------------------------------------------------------
------------------------------------------------------------------------
  sum |    -78.387    |    -78.387    |
------------------------------------------------------------------------
  nuc |    +11.736    |    +11.736    |
  xc  |     -9.524    |     -9.524    |
------------------------------------------------------------------------
------------------------------------------------------------------------
  tot |    -76.17451  |    -76.17451  |

 *** DFT reference energy = -76.17451


----------------------------------------------------------------------------------------------------------------
                                     ground-state dipole moment                                     
----------------------------------------------------------------------------------------------------------------
  MO  |             canonical             |            localized              |     atom(s)   |   bond length
----------------------------------------------------------------------------------------------------------------
      |     x     /     y     /     z     |     x     /     y     /     z     |
----------------------------------------------------------------------------------------------------------------
----------------------------------------------------------------------------------------------------------------
   0  |    0.000  /    0.000  /    0.347  |    0.000  /    0.000  /    1.876  |       O       |           
   1  |    0.000  /    0.000  /   -0.563  |    1.518  /    0.000  /   -0.592  |     O & H     |      0.750
   2  |    0.000  /    0.000  /   -0.333  |   -1.518  /    0.000  /   -0.592  |     H & O     |      0.750
   3  |    0.000  /    0.000  /    1.010  |
   4  |    0.000  /    0.000  /    0.230  |
----------------------------------------------------------------------------------------------------
----------------------------------------------------------------------------------------------------
  sum |    0.000  /    0.000  /    0.692  |    0.000  /    0.000  /    0.692  |
----------------------------------------------------------------------------------------------------
  nuc |    0.000  /    0.000  /    0.000  |    0.000  /    0.000  /    0.000  |
----------------------------------------------------------------------------------------------------
----------------------------------------------------------------------------------------------------
  tot |    0.000  /    0.000  /   -0.692  |    0.000  /    0.000  /   -0.692  |

 *** DFT reference dipole moment =    0.000  /    0.000  /   -0.692


