

 system info:
 ------------
 molecule          = h2o
 point group       = C2v
 basis set         = ccpvdz

 localization      = ibo
 assignment        = iao
 xc functional     = pbe

 electrons         = 10
 occupied orbitals = 5
 virtual orbitals  = 19
 total orbitals    = 24

 git version: 6ffb74d1558618696df1601a384a1915186eee3a




 ** hartree-fock
 ---------------

------------------------------------------------------------------------
                         ground-state energy                          
------------------------------------------------------------------------
  MO  |   canonical   |   localized   |     atom(s)   |   bond length
------------------------------------------------------------------------
------------------------------------------------------------------------
   0  |    -53.231    |    -69.240    |       O       |           
   1  |     -8.750    |     -6.000    |     O & H     |      1.600
   2  |     -7.380    |     -6.000    |     H & O     |      1.600
   3  |     -6.057    |
   4  |     -5.821    |
------------------------------------------------------------------------
------------------------------------------------------------------------
  sum |    -81.239    |    -81.239    |
------------------------------------------------------------------------
  nuc |     +5.501    |     +5.501    |
------------------------------------------------------------------------
------------------------------------------------------------------------
  tot |    -75.73762  |    -75.73762  |

 *** HF reference energy = -75.73762


----------------------------------------------------------------------------------------------------------------
                                     ground-state dipole moment                                     
----------------------------------------------------------------------------------------------------------------
  MO  |             canonical             |            localized              |     atom(s)   |   bond length
----------------------------------------------------------------------------------------------------------------
      |     x     /     y     /     z     |     x     /     y     /     z     |
----------------------------------------------------------------------------------------------------------------
----------------------------------------------------------------------------------------------------------------
   0  |    0.000  /    0.000  /    0.743  |    0.000  /    0.000  /    2.935  |       O       |           
   1  |    0.000  /    0.000  /    0.602  |    2.159  /    0.000  /   -1.038  |     O & H     |      1.600
   2  |    0.000  /    0.000  /    0.720  |   -2.159  /    0.000  /   -1.038  |     H & O     |      1.600
   3  |    0.000  /    0.000  /   -0.492  |
   4  |    0.000  /    0.000  /   -0.714  |
----------------------------------------------------------------------------------------------------------------
----------------------------------------------------------------------------------------------------------------
  sum |    0.000  /    0.000  /    0.858  |    0.000  /    0.000  /    0.858  |
----------------------------------------------------------------------------------------------------------------
  nuc |    0.000  /    0.000  /    0.000  |    0.000  /    0.000  /    0.000  |
----------------------------------------------------------------------------------------------------------------
----------------------------------------------------------------------------------------------------------------
  tot |    0.000  /    0.000  /   -0.858  |    0.000  /    0.000  /   -0.858  |

 *** HF reference dipole moment =    0.000  /    0.000  /   -0.858




 ** dft
 ------

------------------------------------------------------------------------
                         ground-state energy                          
------------------------------------------------------------------------
  MO  |   canonical   |   localized   |     atom(s)   |   bond length
------------------------------------------------------------------------
------------------------------------------------------------------------
   0  |    -48.312    |    -62.127    |       O       |           
   1  |     -7.554    |     -5.289    |     H & O     |      1.600
   2  |     -6.340    |     -5.289    |     O & H     |      1.600
   3  |     -5.304    |
   4  |     -5.196    |
------------------------------------------------------------------------
------------------------------------------------------------------------
  sum |    -72.705    |    -72.705    |
------------------------------------------------------------------------
  nuc |     +5.501    |     +5.501    |
  xc  |     -8.923    |     -8.923    |
------------------------------------------------------------------------
------------------------------------------------------------------------
  tot |    -76.12660  |    -76.12660  |

 *** DFT reference energy = -76.12660


----------------------------------------------------------------------------------------------------------------
                                     ground-state dipole moment                                     
----------------------------------------------------------------------------------------------------------------
  MO  |             canonical             |            localized              |     atom(s)   |   bond length
----------------------------------------------------------------------------------------------------------------
      |     x     /     y     /     z     |     x     /     y     /     z     |
----------------------------------------------------------------------------------------------------------------
----------------------------------------------------------------------------------------------------------------
   0  |    0.000  /    0.000  /    0.743  |    0.000  /    0.000  /    2.796  |       O       |           
   1  |    0.000  /    0.000  /    0.468  |   -2.209  /    0.000  /   -1.064  |     H & O     |      1.600
   2  |    0.000  /    0.000  /    0.716  |    2.209  /    0.000  /   -1.064  |     O & H     |      1.600
   3  |    0.000  /    0.000  /   -0.497  |
   4  |    0.000  /    0.000  /   -0.761  |
----------------------------------------------------------------------------------------------------
----------------------------------------------------------------------------------------------------
  sum |    0.000  /    0.000  /    0.669  |    0.000  /    0.000  /    0.669  |
----------------------------------------------------------------------------------------------------
  nuc |    0.000  /    0.000  /    0.000  |    0.000  /    0.000  /    0.000  |
----------------------------------------------------------------------------------------------------
----------------------------------------------------------------------------------------------------
  tot |    0.000  /    0.000  /   -0.669  |    0.000  /    0.000  /   -0.669  |

 *** DFT reference dipole moment =    0.000  /    0.000  /   -0.669


