

 system info:
 ------------
 molecule          = h2o
 point group       = C2v
 basis set         = ccpvdz

 localization      = ibo
 assignment        = iao
 xc functional     = pbe

 electrons         = 10
 occupied orbitals = 5
 virtual orbitals  = 19
 total orbitals    = 24

 git version: 6ffb74d1558618696df1601a384a1915186eee3a




 ** hartree-fock
 ---------------

------------------------------------------------------------------------
                         ground-state energy                          
------------------------------------------------------------------------
  MO  |   canonical   |   localized   |     atom(s)   |   bond length
------------------------------------------------------------------------
------------------------------------------------------------------------
   0  |    -53.019    |    -68.889    |       O       |           
   1  |     -8.619    |     -4.951    |     H & O     |      2.600
   2  |     -7.249    |     -4.951    |     O & H     |      2.600
   3  |     -4.981    |
   4  |     -4.924    |
------------------------------------------------------------------------
------------------------------------------------------------------------
  sum |    -78.791    |    -78.791    |
------------------------------------------------------------------------
  nuc |     +3.385    |     +3.385    |
------------------------------------------------------------------------
------------------------------------------------------------------------
  tot |    -75.40574  |    -75.40574  |

 *** HF reference energy = -75.40574


----------------------------------------------------------------------------------------------------------------
                                     ground-state dipole moment                                     
----------------------------------------------------------------------------------------------------------------
  MO  |             canonical             |            localized              |     atom(s)   |   bond length
----------------------------------------------------------------------------------------------------------------
      |     x     /     y     /     z     |     x     /     y     /     z     |
----------------------------------------------------------------------------------------------------------------
----------------------------------------------------------------------------------------------------------------
   0  |    0.000  /    0.000  /    1.207  |    0.000  /    0.000  /    3.819  |       O       |           
   1  |    0.000  /    0.000  /    1.214  |   -3.453  /    0.000  /   -1.510  |     H & O     |      2.600
   2  |    0.000  /    0.000  /    1.204  |    3.453  /    0.000  /   -1.510  |     O & H     |      2.600
   3  |    0.000  /    0.000  /   -1.420  |
   4  |    0.000  /    0.000  /   -1.406  |
----------------------------------------------------------------------------------------------------------------
----------------------------------------------------------------------------------------------------------------
  sum |    0.000  /    0.000  /    0.799  |    0.000  /    0.000  /    0.799  |
----------------------------------------------------------------------------------------------------------------
  nuc |    0.000  /    0.000  /    0.000  |    0.000  /    0.000  /    0.000  |
----------------------------------------------------------------------------------------------------------------
----------------------------------------------------------------------------------------------------------------
  tot |    0.000  /    0.000  /   -0.799  |    0.000  /    0.000  /   -0.799  |

 *** HF reference dipole moment =    0.000  /    0.000  /   -0.799




 ** dft
 ------

------------------------------------------------------------------------
                         ground-state energy                          
------------------------------------------------------------------------
  MO  |   canonical   |   localized   |     atom(s)   |   bond length
------------------------------------------------------------------------
------------------------------------------------------------------------
   0  |    -48.075    |    -61.643    |       O       |           
   1  |     -7.403    |     -4.418    |     H & O     |      2.600
   2  |     -6.165    |     -4.418    |     O & H     |      2.600
   3  |     -4.440    |
   4  |     -4.395    |
------------------------------------------------------------------------
------------------------------------------------------------------------
  sum |    -70.479    |    -70.479    |
------------------------------------------------------------------------
  nuc |     +3.385    |     +3.385    |
  xc  |     -8.812    |     -8.812    |
------------------------------------------------------------------------
------------------------------------------------------------------------
  tot |    -75.90542  |    -75.90542  |

 *** DFT reference energy = -75.90542


----------------------------------------------------------------------------------------------------------------
                                     ground-state dipole moment                                     
----------------------------------------------------------------------------------------------------------------
  MO  |             canonical             |            localized              |     atom(s)   |   bond length
----------------------------------------------------------------------------------------------------------------
      |     x     /     y     /     z     |     x     /     y     /     z     |
----------------------------------------------------------------------------------------------------------------
----------------------------------------------------------------------------------------------------------------
   0  |    0.000  /    0.000  /    1.207  |    0.000  /    0.000  /    3.731  |       O       |           
   1  |    0.000  /    0.000  /    1.176  |   -3.543  /    0.000  /   -1.569  |     H & O     |      2.600
   2  |    0.000  /    0.000  /    1.205  |    3.543  /    0.000  /   -1.569  |     O & H     |      2.600
   3  |    0.000  /    0.000  /   -1.445  |
   4  |    0.000  /    0.000  /   -1.549  |
----------------------------------------------------------------------------------------------------
----------------------------------------------------------------------------------------------------
  sum |    0.000  /    0.000  /    0.593  |    0.000  /    0.000  /    0.593  |
----------------------------------------------------------------------------------------------------
  nuc |    0.000  /    0.000  /    0.000  |    0.000  /    0.000  /    0.000  |
----------------------------------------------------------------------------------------------------
----------------------------------------------------------------------------------------------------
  tot |    0.000  /    0.000  /   -0.593  |    0.000  /    0.000  /   -0.593  |

 *** DFT reference dipole moment =    0.000  /    0.000  /   -0.593


