/Users/janusje/anaconda3/lib/python3.5/site-packages/h5py/__init__.py:36: FutureWarning: Conversion of the second argument of issubdtype from `float` to `np.floating` is deprecated. In future, it will be treated as `np.float64 == np.dtype(float).type`.
  from ._conv import register_converters as _register_converters

 results for: anthracene with localization procedure: ibo

  MO  |       hf      |     hf-loc    |      dft      |     dft-loc
-------------------------------------------------------------------------
   0  |    -47.640    |    -47.413    |    -44.741    |    -44.506
   1  |    -47.638    |    -47.412    |    -44.741    |    -44.506
   2  |    -47.632    |    -47.412    |    -44.740    |    -44.505
   3  |    -47.628    |    -47.411    |    -44.739    |    -44.499
   4  |    -46.540    |    -46.329    |    -43.643    |    -43.426
   5  |    -46.434    |    -46.324    |    -43.630    |    -43.414
   6  |    -44.855    |    -44.776    |    -41.938    |    -41.901
   7  |    -44.823    |    -44.775    |    -41.923    |    -41.875
   8  |    -44.656    |    -44.772    |    -41.726    |    -41.873
   9  |    -44.522    |    -44.753    |    -41.702    |    -41.868
  10  |    -44.352    |    -43.637    |    -41.359    |    -40.703
  11  |    -44.350    |    -43.610    |    -41.355    |    -40.697
  12  |    -44.051    |    -43.607    |    -41.135    |    -40.690
  13  |    -44.050    |    -43.604    |    -41.135    |    -40.689
  14  |    -22.973    |    -23.847    |    -22.195    |    -23.145
  15  |    -22.022    |    -23.826    |    -21.206    |    -23.132
  16  |    -21.780    |    -23.607    |    -21.012    |    -22.584
  17  |    -21.593    |    -22.820    |    -20.732    |    -22.562
  18  |    -21.316    |    -22.449    |    -20.545    |    -22.549
  19  |    -21.045    |    -22.447    |    -20.434    |    -21.859
  20  |    -20.977    |    -22.447    |    -20.184    |    -21.740
  21  |    -20.910    |    -22.075    |    -20.122    |    -21.727
  22  |    -20.797    |    -21.960    |    -20.115    |    -21.727
  23  |    -20.791    |    -21.743    |    -20.098    |    -21.724
  24  |    -20.722    |    -21.057    |    -20.080    |    -20.323
  25  |    -20.676    |    -20.943    |    -20.004    |    -20.254
  26  |    -20.506    |    -20.840    |    -19.893    |    -20.115
  27  |    -20.230    |    -20.837    |    -19.596    |    -20.087
  28  |    -19.954    |    -20.829    |    -19.569    |    -19.862
  29  |    -19.920    |    -20.457    |    -19.261    |    -19.626
  30  |    -19.908    |    -20.149    |    -19.259    |    -19.419
  31  |    -19.759    |    -20.127    |    -19.255    |    -19.419
  32  |    -19.740    |    -19.969    |    -19.119    |    -19.109
  33  |    -19.541    |    -19.249    |    -18.877    |    -18.787
  34  |    -19.519    |    -19.154    |    -18.872    |    -18.554
  35  |    -19.426    |    -19.122    |    -18.862    |    -18.554
  36  |    -19.215    |    -19.048    |    -18.831    |    -18.539
  37  |    -19.207    |    -18.487    |    -18.675    |    -18.305
  38  |    -19.094    |    -18.480    |    -18.616    |    -18.043
  39  |    -19.079    |    -18.299    |    -18.548    |    -17.949
  40  |    -18.930    |    -18.240    |    -18.509    |    -17.843
  41  |    -18.916    |    -18.071    |    -18.497    |    -17.186
  42  |    -18.910    |    -17.794    |    -18.402    |    -17.185
  43  |    -18.758    |    -17.792    |    -18.319    |    -15.799
  44  |    -18.751    |    -16.401    |    -18.290    |    -15.797
  45  |    -18.621    |    -16.397    |    -17.956    |    -15.796
  46  |    -18.432    |    -16.394    |    -17.807    |    -15.796
-------------------------------------------------------------------------
-------------------------------------------------------------------------
  sum |  -1301.18666  |  -1301.18666  |  -1240.24556  |  -1240.24556
-------------------------------------------------------------------------
  nuc |   +765.37731  |   +765.37731  |   +765.37731  |   +765.37731
  xc  |      N/A      |      N/A      |    -64.19536  |    -64.19536
-------------------------------------------------------------------------
-------------------------------------------------------------------------
  sum |   -535.80935  |   -535.80935  |   -539.06361  |   -539.06361

 *** HF reference energy  = -535.80935
 *** DFT reference energy = -539.06361

