/Users/janusje/anaconda3/lib/python3.5/site-packages/h5py/__init__.py:36: FutureWarning: Conversion of the second argument of issubdtype from `float` to `np.floating` is deprecated. In future, it will be treated as `np.float64 == np.dtype(float).type`.
  from ._conv import register_converters as _register_converters

 results for: anthracene with localization procedure: pm

  MO  |       hf      |     hf-loc    |      dft      |     dft-loc
-------------------------------------------------------------------------
   0  |    -47.640    |    -47.639    |    -44.741    |    -44.736
   1  |    -47.638    |    -47.639    |    -44.741    |    -44.736
   2  |    -47.632    |    -47.639    |    -44.740    |    -44.736
   3  |    -47.628    |    -47.639    |    -44.739    |    -44.736
   4  |    -46.540    |    -46.555    |    -43.643    |    -43.651
   5  |    -46.434    |    -46.555    |    -43.630    |    -43.651
   6  |    -44.855    |    -45.010    |    -41.938    |    -42.107
   7  |    -44.823    |    -45.010    |    -41.923    |    -42.107
   8  |    -44.656    |    -45.010    |    -41.726    |    -42.107
   9  |    -44.522    |    -45.010    |    -41.702    |    -42.107
  10  |    -44.352    |    -43.842    |    -41.359    |    -40.940
  11  |    -44.350    |    -43.842    |    -41.355    |    -40.940
  12  |    -44.051    |    -43.842    |    -41.135    |    -40.940
  13  |    -44.050    |    -43.842    |    -41.135    |    -40.940
  14  |    -22.973    |    -23.740    |    -22.195    |    -23.022
  15  |    -22.022    |    -23.740    |    -21.206    |    -23.020
  16  |    -21.780    |    -23.145    |    -21.012    |    -22.412
  17  |    -21.593    |    -23.145    |    -20.732    |    -22.412
  18  |    -21.316    |    -23.145    |    -20.545    |    -22.412
  19  |    -21.045    |    -23.145    |    -20.434    |    -22.412
  20  |    -20.977    |    -22.303    |    -20.184    |    -21.583
  21  |    -20.910    |    -22.303    |    -20.122    |    -21.582
  22  |    -20.797    |    -22.303    |    -20.115    |    -21.582
  23  |    -20.791    |    -22.303    |    -20.098    |    -21.582
  24  |    -20.722    |    -20.826    |    -20.080    |    -20.392
  25  |    -20.676    |    -20.826    |    -20.004    |    -20.381
  26  |    -20.506    |    -20.674    |    -19.893    |    -20.248
  27  |    -20.230    |    -20.674    |    -19.596    |    -19.926
  28  |    -19.954    |    -20.674    |    -19.569    |    -19.926
  29  |    -19.920    |    -20.674    |    -19.261    |    -19.926
  30  |    -19.908    |    -20.644    |    -19.259    |    -19.925
  31  |    -19.759    |    -19.989    |    -19.255    |    -19.269
  32  |    -19.740    |    -19.989    |    -19.119    |    -19.265
  33  |    -19.541    |    -19.085    |    -18.877    |    -18.479
  34  |    -19.519    |    -19.085    |    -18.872    |    -18.479
  35  |    -19.426    |    -18.431    |    -18.862    |    -18.113
  36  |    -19.215    |    -18.431    |    -18.831    |    -17.957
  37  |    -19.207    |    -18.318    |    -18.675    |    -17.910
  38  |    -19.094    |    -18.318    |    -18.616    |    -17.684
  39  |    -19.079    |    -17.723    |    -18.548    |    -17.684
  40  |    -18.930    |    -17.723    |    -18.509    |    -17.115
  41  |    -18.916    |    -17.723    |    -18.497    |    -17.115
  42  |    -18.910    |    -17.723    |    -18.402    |    -17.115
  43  |    -18.758    |    -16.327    |    -18.319    |    -15.721
  44  |    -18.751    |    -16.327    |    -18.290    |    -15.721
  45  |    -18.621    |    -16.327    |    -17.956    |    -15.721
  46  |    -18.432    |    -16.327    |    -17.807    |    -15.719
-------------------------------------------------------------------------
-------------------------------------------------------------------------
  sum |  -1301.18666  |  -1301.18666  |  -1240.24556  |  -1240.24556
-------------------------------------------------------------------------
  nuc |   +765.37731  |   +765.37731  |   +765.37731  |   +765.37731
  xc  |      N/A      |      N/A      |    -64.19536  |    -64.19536
-------------------------------------------------------------------------
-------------------------------------------------------------------------
  sum |   -535.80935  |   -535.80935  |   -539.06361  |   -539.06361

 *** HF reference energy  = -535.80935
 *** DFT reference energy = -539.06361

