/Users/janusje/anaconda3/lib/python3.5/site-packages/h5py/__init__.py:36: FutureWarning: Conversion of the second argument of issubdtype from `float` to `np.floating` is deprecated. In future, it will be treated as `np.float64 == np.dtype(float).type`.
  from ._conv import register_converters as _register_converters

 results for: benzene with localization procedure: pm

  MO  |       hf      |     hf-loc    |      dft      |     dft-loc
-------------------------------------------------------------------------
   0  |    -38.914    |    -38.907    |    -36.011    |    -36.005
   1  |    -38.914    |    -38.907    |    -36.011    |    -36.005
   2  |    -38.914    |    -38.907    |    -36.011    |    -36.005
   3  |    -38.913    |    -38.907    |    -36.010    |    -36.005
   4  |    -38.913    |    -38.907    |    -36.010    |    -36.005
   5  |    -38.913    |    -38.907    |    -36.010    |    -36.005
   6  |    -15.456    |    -15.126    |    -14.664    |    -14.390
   7  |    -14.656    |    -15.126    |    -13.840    |    -14.390
   8  |    -14.656    |    -15.126    |    -13.840    |    -14.390
   9  |    -14.334    |    -15.126    |    -13.675    |    -14.390
  10  |    -13.628    |    -15.126    |    -12.909    |    -14.390
  11  |    -13.628    |    -15.126    |    -12.909    |    -14.390
  12  |    -13.066    |    -12.805    |    -12.627    |    -12.434
  13  |    -12.854    |    -12.805    |    -12.338    |    -12.434
  14  |    -12.854    |    -12.805    |    -12.338    |    -12.434
  15  |    -12.822    |    -11.905    |    -12.297    |    -11.296
  16  |    -12.739    |    -11.905    |    -12.297    |    -11.296
  17  |    -12.739    |    -11.905    |    -12.244    |    -11.296
  18  |    -12.675    |    -11.905    |    -12.123    |    -11.296
  19  |    -12.675    |    -11.905    |    -12.123    |    -11.296
  20  |    -11.779    |    -11.905    |    -11.170    |    -11.296
-------------------------------------------------------------------------
-------------------------------------------------------------------------
  sum |   -434.03954  |   -434.03954  |   -407.45438  |   -407.45438
-------------------------------------------------------------------------
  nuc |   +203.41610  |   +203.41610  |   +203.41610  |   +203.41610
  xc  |      N/A      |      N/A      |    -28.00591  |    -28.00591
-------------------------------------------------------------------------
-------------------------------------------------------------------------
  sum |   -230.62344  |   -230.62344  |   -232.04419  |   -232.04419

 *** HF reference energy  = -230.62344
 *** DFT reference energy = -232.04419

