

 results for: c10h8 with localization procedure: pm

 electrons         = 68
 occupied orbitals = 34
 virtual orbitals  = 72
 total orbitals    = 106


 hartree-fock

  MO  |   canonical   |   localized   |     atom(s)    |   bond length
------------------------------------------------------------------------
   0  |    -44.673    |    -42.716    |      C1       |           
   1  |    -44.669    |    -34.761    |    C1 & C2    |      1.376
   2  |    -42.318    |    -19.717    |    C1 & C6    |      1.421
   3  |    -42.303    |    -15.482    |    C1 & H1    |      1.087
   4  |    -42.568    |    -41.885    |      C2       |           
   5  |    -42.571    |    -18.042    |    C2 & C3    |      1.417
   6  |    -42.284    |    -14.525    |    C2 & H2    |      1.086
   7  |    -42.312    |    -41.885    |      C3       |           
   8  |    -42.033    |    -34.761    |    C3 & C4    |      1.376
   9  |    -42.047    |    -14.525    |    C3 & H3    |      1.086
  10  |    -19.759    |    -42.716    |      C4       |           
  11  |    -18.635    |    -19.717    |    C4 & C5    |      1.421
  12  |    -18.835    |    -15.482    |    C4 & H4    |      1.087
  13  |    -18.583    |    -44.686    |      C5       |           
  14  |    -18.085    |    -38.705    |    C5 & C6    |      1.434
  15  |    -17.549    |    -19.717    |   C5 & C10    |      1.421
  16  |    -17.708    |    -44.686    |      C6       |           
  17  |    -17.638    |    -19.717    |    C6 & C7    |      1.421
  18  |    -16.294    |    -42.716    |      C7       |           
  19  |    -16.574    |    -34.761    |    C7 & C8    |      1.376
  20  |    -16.820    |    -15.482    |    C7 & H8    |      1.087
  21  |    -15.979    |    -41.885    |      C8       |           
  22  |    -17.460    |    -18.042    |    C8 & C9    |      1.417
  23  |    -17.823    |    -14.525    |    C8 & H5    |      1.086
  24  |    -16.542    |    -41.885    |      C9       |           
  25  |    -15.673    |    -34.761    |   C9 & C10    |      1.376
  26  |    -17.307    |    -14.525    |    C9 & H6    |      1.086
  27  |    -16.068    |    -42.716    |      C10      |           
  28  |    -17.016    |    -15.482    |   C10 & H7    |      1.087
  29  |    -16.836    |
  30  |    -16.116    |
  31  |    -16.731    |
  32  |    -16.652    |
  33  |    -16.050    |
------------------------------------------------------------------------
------------------------------------------------------------------------
  sum |   -840.511    |   -840.511    |
------------------------------------------------------------------------
  nuc |   +457.291    |   +457.291    |
------------------------------------------------------------------------
------------------------------------------------------------------------
  sum |   -383.22068  |   -383.22068  |

 *** HF reference energy  = -383.22068


 dft (pbe)

  MO  |   canonical   |   localized   |     atom(s)    |   bond length
------------------------------------------------------------------------
   0  |    -41.067    |    -39.096    |      C1       |           
   1  |    -41.067    |    -33.366    |    C1 & C2    |      1.376
   2  |    -38.337    |    -18.804    |    C1 & C6    |      1.421
   3  |    -38.334    |    -14.732    |    C1 & H1    |      1.087
   4  |    -38.397    |    -38.267    |      C2       |           
   5  |    -38.391    |    -17.130    |    C2 & C3    |      1.417
   6  |    -39.018    |    -13.777    |    C2 & H2    |      1.086
   7  |    -39.029    |    -38.267    |      C3       |           
   8  |    -38.975    |    -33.365    |    C3 & C4    |      1.376
   9  |    -38.973    |    -13.777    |    C3 & H3    |      1.086
  10  |    -18.785    |    -39.096    |      C4       |           
  11  |    -17.681    |    -18.804    |    C4 & C5    |      1.421
  12  |    -17.826    |    -14.732    |    C4 & H4    |      1.087
  13  |    -17.530    |    -41.067    |      C5       |           
  14  |    -17.065    |    -37.275    |    C5 & C6    |      1.434
  15  |    -16.627    |    -18.804    |   C5 & C10    |      1.421
  16  |    -16.760    |    -41.067    |      C6       |           
  17  |    -16.783    |    -18.804    |    C6 & C7    |      1.421
  18  |    -15.807    |    -39.096    |      C7       |           
  19  |    -15.484    |    -33.365    |    C7 & C8    |      1.376
  20  |    -16.032    |    -14.732    |    C7 & H8    |      1.087
  21  |    -15.311    |    -38.267    |      C8       |           
  22  |    -16.752    |    -17.130    |    C8 & C9    |      1.417
  23  |    -15.839    |    -13.777    |    C8 & H5    |      1.086
  24  |    -17.029    |    -38.267    |      C9       |           
  25  |    -14.916    |    -33.366    |   C9 & C10    |      1.376
  26  |    -16.796    |    -13.777    |    C9 & H6    |      1.086
  27  |    -15.319    |    -39.096    |      C10      |           
  28  |    -16.194    |    -14.732    |   C10 & H7    |      1.087
  29  |    -15.595    |
  30  |    -16.003    |
  31  |    -16.324    |
  32  |    -16.128    |
  33  |    -15.659    |
------------------------------------------------------------------------
------------------------------------------------------------------------
  sum |   -785.833    |   -785.833    |
------------------------------------------------------------------------
  nuc |   +457.291    |   +457.291    |
  xc  |    -56.770    |    -56.770    |
------------------------------------------------------------------------
------------------------------------------------------------------------
  sum |   -385.31246  |   -385.31246  |

 *** DFT reference energy = -385.31246


