

 results for: c14h10 with localization procedure: ibo

 electrons         = 94
 occupied orbitals = 47
 virtual orbitals  = 99
 total orbitals    = 146


 hartree-fock

  MO  |   canonical   |   localized   |     atom(s)    |   bond length
------------------------------------------------------------------------
   0  |    -47.632    |    -46.562    |      C1       |           
   1  |    -47.640    |    -43.963    |    C1 & C2    |      1.400
   2  |    -47.628    |    -43.963    |    C1 & C6    |      1.400
   3  |    -47.638    |    -19.087    |    C1 & H1    |      1.088
   4  |    -46.540    |    -47.646    |      C2       |           
   5  |    -46.433    |    -23.732    |    C2 & C3    |      1.445
   6  |    -44.522    |    -22.294    |   C2 & C11    |      1.430
   7  |    -44.658    |    -47.646    |      C3       |           
   8  |    -44.823    |    -43.783    |    C3 & C4    |      1.400
   9  |    -44.855    |    -22.294    |   C3 & C14    |      1.430
  10  |    -44.350    |    -46.562    |      C4       |           
  11  |    -44.352    |    -23.138    |    C4 & C5    |      1.400
  12  |    -44.050    |    -19.087    |    C4 & H2    |      1.088
  13  |    -44.051    |    -47.646    |      C5       |           
  14  |    -22.973    |    -23.732    |    C5 & C6    |      1.445
  15  |    -21.780    |    -22.294    |   C5 & C10    |      1.430
  16  |    -21.316    |   -114.957    |    C6 & C7    |      1.430
  17  |    -22.022    |    -38.986    |    C7 & C8    |      1.370
  18  |    -20.977    |    -17.725    |    C7 & H6    |      1.087
  19  |    -21.593    |    -43.848    |      C8       |           
  20  |    -20.910    |    -19.988    |    C8 & C9    |      1.426
  21  |    -20.676    |    -16.328    |    C8 & H3    |      1.086
  22  |    -20.791    |    -43.848    |      C9       |           
  23  |    -20.797    |    -39.097    |   C9 & C10    |      1.370
  24  |    -19.954    |    -16.328    |    C9 & H4    |      1.086
  25  |    -19.519    |    -45.017    |      C10      |           
  26  |    -19.759    |    -17.725    |   C10 & H5    |      1.087
  27  |    -19.541    |    -45.017    |      C11      |           
  28  |    -18.621    |    -38.986    |   C11 & C12   |      1.370
  29  |    -19.207    |    -17.725    |   C11 & H10   |      1.087
  30  |    -19.094    |    -43.848    |      C12      |           
  31  |    -20.722    |    -19.988    |   C12 & C13   |      1.426
  32  |    -18.930    |    -16.328    |   C12 & H7    |      1.086
  33  |    -19.426    |    -43.848    |      C13      |           
  34  |    -21.045    |    -39.097    |   C13 & C14   |      1.370
  35  |    -19.079    |    -16.328    |   C13 & H8    |      1.086
  36  |    -20.506    |    -45.017    |      C14      |           
  37  |    -18.432    |    -17.725    |   C14 & H9    |      1.087
  38  |    -19.215    |
  39  |    -18.910    |
  40  |    -20.230    |
  41  |    -19.920    |
  42  |    -18.751    |
  43  |    -19.908    |
  44  |    -18.758    |
  45  |    -19.740    |
  46  |    -18.916    |
------------------------------------------------------------------------
------------------------------------------------------------------------
  sum |  -1301.187    |  -1301.187    |
------------------------------------------------------------------------
  nuc |   +765.377    |   +765.377    |
------------------------------------------------------------------------
------------------------------------------------------------------------
  sum |   -535.80935  |   -535.80935  |

 *** HF reference energy  = -535.80935


 dft (pbe)

  MO  |   canonical   |   localized   |     atom(s)    |   bond length
------------------------------------------------------------------------
   0  |    -44.027    |    -42.941    |      C1       |           
   1  |    -44.028    |    -22.215    |    C1 & C2    |      1.400
   2  |    -44.027    |    -42.425    |    C1 & C6    |      1.400
   3  |    -44.027    |    -18.340    |    C1 & H1    |      1.088
   4  |    -40.361    |    -44.028    |      C2       |           
   5  |    -40.360    |    -43.200    |    C2 & C3    |      1.445
   6  |    -40.453    |    -21.386    |   C2 & C11    |      1.430
   7  |    -40.457    |    -44.028    |      C3       |           
   8  |    -41.267    |    -22.215    |    C3 & C4    |      1.400
   9  |    -41.267    |    -21.386    |   C3 & C14    |      1.430
  10  |    -41.182    |    -42.941    |      C4       |           
  11  |    -41.174    |    -42.425    |    C4 & C5    |      1.400
  12  |    -42.929    |    -18.340    |    C4 & H2    |      1.088
  13  |    -42.941    |    -44.028    |      C5       |           
  14  |    -22.009    |    -22.823    |    C5 & C6    |      1.445
  15  |    -20.832    |    -21.386    |   C5 & C10    |      1.430
  16  |    -20.361    |    -44.028    |      C6       |           
  17  |    -21.007    |    -21.386    |    C6 & C7    |      1.430
  18  |    -19.992    |    -41.397    |      C7       |           
  19  |    -20.512    |    -37.657    |    C7 & C8    |      1.370
  20  |    -19.868    |    -16.975    |    C7 & H6    |      1.087
  21  |    -19.702    |    -40.230    |      C8       |           
  22  |    -19.805    |    -19.083    |    C8 & C9    |      1.426
  23  |    -19.953    |    -15.580    |    C8 & H3    |      1.086
  24  |    -19.085    |    -40.230    |      C9       |           
  25  |    -18.678    |    -37.657    |   C9 & C10    |      1.370
  26  |    -18.982    |    -15.580    |    C9 & H4    |      1.086
  27  |    -18.703    |    -41.397    |      C10      |           
  28  |    -18.526    |    -16.975    |   C10 & H5    |      1.087
  29  |    -17.795    |    -41.397    |      C11      |           
  30  |    -18.422    |    -37.662    |   C11 & C12   |      1.370
  31  |    -19.965    |    -16.975    |   C11 & H10   |      1.087
  32  |    -18.285    |    -40.230    |      C12      |           
  33  |    -18.745    |    -19.083    |   C12 & C13   |      1.426
  34  |    -20.254    |    -15.580    |   C12 & H7    |      1.086
  35  |    -19.996    |    -40.230    |      C13      |           
  36  |    -18.354    |    -37.662    |   C13 & C14   |      1.370
  37  |    -17.627    |    -15.580    |   C13 & H8    |      1.086
  38  |    -18.792    |    -41.397    |      C14      |           
  39  |    -18.110    |    -16.975    |   C14 & H9    |      1.087
  40  |    -19.401    |
  41  |    -19.055    |
  42  |    -18.193    |
  43  |    -19.472    |
  44  |    -18.439    |
  45  |    -19.106    |
  46  |    -18.522    |
------------------------------------------------------------------------
------------------------------------------------------------------------
  sum |  -1225.049    |  -1225.049    |
------------------------------------------------------------------------
  nuc |   +765.377    |   +765.377    |
  xc  |    -79.056    |    -79.056    |
------------------------------------------------------------------------
------------------------------------------------------------------------
  sum |   -538.72816  |   -538.72816  |

 *** DFT reference energy = -538.72816


