

 results for: c18h12 with localization procedure: ibo

 electrons         = 120
 occupied orbitals = 60
 virtual orbitals  = 126
 total orbitals    = 186


 hartree-fock

  MO  |   canonical   |   localized   |     atom(s)    |   bond length
------------------------------------------------------------------------
   0  |    -50.593    |    -48.875    |      C1       |           
   1  |    -49.592    |    -48.148    |    C1 & C2    |      1.393
   2  |    -49.594    |    -25.720    |    C1 & C6    |      1.410
   3  |    -50.583    |    -21.334    |    C1 & H1    |      1.088
   4  |    -49.589    |    -49.601    |      C2       |           
   5  |    -49.598    |    -25.675    |    C2 & C3    |      1.452
   6  |    -48.873    |    -24.075    |   C2 & C11    |      1.434
   7  |    -48.872    |    -49.601    |      C3       |           
   8  |    -48.885    |    -48.148    |    C3 & C4    |      1.393
   9  |    -48.880    |    -24.075    |   C3 & C14    |      1.434
  10  |    -46.086    |    -48.875    |      C4       |           
  11  |    -46.088    |    -25.720    |    C4 & C5    |      1.410
  12  |    -46.427    |    -21.334    |    C4 & H2    |      1.088
  13  |    -46.428    |    -50.605    |      C5       |           
  14  |    -45.893    |    -50.467    |    C5 & C6    |      1.453
  15  |    -45.893    |    -25.720    |   C5 & C10    |      1.410
  16  |    -45.552    |    -50.605    |      C6       |           
  17  |    -45.552    |    -25.720    |    C6 & C7    |      1.410
  18  |    -25.510    |    -48.875    |      C7       |           
  19  |    -24.291    |    -48.148    |    C7 & C8    |      1.393
  20  |    -23.811    |    -21.334    |    C7 & H4    |      1.088
  21  |    -24.543    |    -49.601    |      C8       |           
  22  |    -23.528    |    -25.675    |    C8 & C9    |      1.452
  23  |    -23.451    |    -24.075    |   C8 & C15    |      1.434
  24  |    -24.015    |    -49.601    |      C9       |           
  25  |    -23.033    |    -48.148    |   C9 & C10    |      1.393
  26  |    -23.245    |    -24.075    |   C9 & C18    |      1.434
  27  |    -23.237    |    -48.875    |      C10      |           
  28  |    -23.257    |    -21.334    |   C10 & H3    |      1.088
  29  |    -22.051    |    -46.660    |      C11      |           
  30  |    -23.542    |    -42.144    |   C11 & C12   |      1.367
  31  |    -22.311    |    -19.345    |   C11 & H8    |      1.087
  32  |    -22.036    |    -45.307    |      C12      |           
  33  |    -21.996    |    -21.438    |   C12 & C13   |      1.430
  34  |    -22.836    |    -17.694    |   C12 & H5    |      1.086
  35  |    -21.398    |    -45.307    |      C13      |           
  36  |    -20.625    |    -42.144    |   C13 & C14   |      1.367
  37  |    -21.554    |    -17.694    |   C13 & H6    |      1.086
  38  |    -20.625    |    -46.660    |      C14      |           
  39  |    -22.847    |    -19.345    |   C14 & H7    |      1.087
  40  |    -22.051    |    -46.660    |      C15      |           
  41  |    -20.936    |    -42.144    |   C15 & C16   |      1.367
  42  |    -20.723    |    -19.345    |   C15 & H12   |      1.087
  43  |    -22.517    |    -45.307    |      C16      |           
  44  |    -23.332    |    -21.438    |   C16 & C17   |      1.430
  45  |    -21.913    |    -17.694    |   C16 & H9    |      1.086
  46  |    -23.037    |    -45.307    |      C17      |           
  47  |    -20.732    |    -42.144    |   C17 & C18   |      1.367
  48  |    -21.740    |    -17.694    |   C17 & H10   |      1.086
  49  |    -21.271    |    -46.660    |      C18      |           
  50  |    -22.793    |    -19.345    |   C18 & H11   |      1.087
  51  |    -21.240    |
  52  |    -22.369    |
  53  |    -21.169    |
  54  |    -22.434    |
  55  |    -20.971    |
  56  |    -21.225    |
  57  |    -20.789    |
  58  |    -22.243    |
  59  |    -21.307    |
------------------------------------------------------------------------
------------------------------------------------------------------------
  sum |  -1801.514    |  -1801.514    |
------------------------------------------------------------------------
  nuc |  +1113.120    |  +1113.120    |
------------------------------------------------------------------------
------------------------------------------------------------------------
  sum |   -688.39389  |   -688.39389  |

 *** HF reference energy  = -688.39389


 dft (pbe)

  MO  |   canonical   |   localized   |     atom(s)    |   bond length
------------------------------------------------------------------------
   0  |    -46.986    |    -45.254    |      C1       |           
   1  |    -46.986    |    -46.698    |    C1 & C2    |      1.393
   2  |    -45.981    |    -24.803    |    C1 & C6    |      1.410
   3  |    -45.981    |    -20.588    |    C1 & H1    |      1.088
   4  |    -45.981    |    -45.981    |      C2       |           
   5  |    -45.981    |    -24.770    |    C2 & C3    |      1.452
   6  |    -41.839    |    -23.168    |   C2 & C11    |      1.434
   7  |    -41.838    |    -45.981    |      C3       |           
   8  |    -41.933    |    -46.786    |    C3 & C4    |      1.393
   9  |    -41.933    |    -23.168    |   C3 & C14    |      1.434
  10  |    -45.252    |    -45.254    |      C4       |           
  11  |    -45.254    |    -24.803    |    C4 & C5    |      1.410
  12  |    -45.254    |    -20.588    |    C4 & H2    |      1.088
  13  |    -45.254    |    -46.986    |      C5       |           
  14  |    -42.890    |    -48.942    |    C5 & C6    |      1.453
  15  |    -42.890    |    -24.803    |   C5 & C10    |      1.410
  16  |    -42.796    |    -46.986    |      C6       |           
  17  |    -42.798    |    -24.803    |    C6 & C7    |      1.410
  18  |    -24.553    |    -45.254    |      C7       |           
  19  |    -23.353    |    -46.698    |    C7 & C8    |      1.393
  20  |    -22.855    |    -20.588    |    C7 & H4    |      1.088
  21  |    -22.573    |    -24.770    |    C8 & C9    |      1.452
  22  |    -23.525    |    -91.236    |   C8 & C10    |      2.454
  23  |    -22.465    |    -23.168    |   C8 & C15    |      1.434
  24  |    -22.912    |    -45.981    |      C9       |           
  25  |    -22.049    |    -46.786    |   C9 & C10    |      1.393
  26  |    -22.179    |    -23.168    |   C9 & C18    |      1.434
  27  |    -22.227    |    -20.588    |   C10 & H3    |      1.088
  28  |    -22.244    |    -43.040    |      C11      |           
  29  |    -21.717    |    -40.733    |   C11 & C12   |      1.367
  30  |    -22.157    |    -18.594    |   C11 & H8    |      1.087
  31  |    -21.461    |    -41.688    |      C12      |           
  32  |    -21.174    |    -20.535    |   C12 & C13   |      1.430
  33  |    -21.184    |    -16.947    |   C12 & H5    |      1.086
  34  |    -22.037    |    -41.688    |      C13      |           
  35  |    -19.906    |    -40.852    |   C13 & C14   |      1.367
  36  |    -20.577    |    -16.947    |   C13 & H6    |      1.086
  37  |    -22.276    |    -43.040    |      C14      |           
  38  |    -20.887    |    -18.594    |   C14 & H7    |      1.087
  39  |    -19.854    |    -43.040    |      C15      |           
  40  |    -21.125    |    -40.733    |   C15 & C16   |      1.367
  41  |    -20.264    |    -18.594    |   C15 & H12   |      1.087
  42  |    -20.132    |    -41.688    |      C16      |           
  43  |    -21.693    |    -20.535    |   C16 & C17   |      1.430
  44  |    -22.526    |    -16.947    |   C16 & H9    |      1.086
  45  |    -22.153    |    -41.688    |      C17      |           
  46  |    -21.558    |    -40.852    |   C17 & C18   |      1.367
  47  |    -21.309    |    -16.947    |   C17 & H10   |      1.086
  48  |    -19.921    |    -43.040    |      C18      |           
  49  |    -20.503    |    -18.594    |   C18 & H11   |      1.087
  50  |    -20.789    |
  51  |    -20.405    |
  52  |    -21.968    |
  53  |    -21.478    |
  54  |    -21.978    |
  55  |    -20.345    |
  56  |    -20.871    |
  57  |    -21.504    |
  58  |    -20.503    |
  59  |    -20.904    |
------------------------------------------------------------------------
------------------------------------------------------------------------
  sum |  -1703.921    |  -1703.921    |
------------------------------------------------------------------------
  nuc |  +1113.120    |  +1113.120    |
  xc  |   -101.341    |   -101.341    |
------------------------------------------------------------------------
------------------------------------------------------------------------
  sum |   -692.14178  |   -692.14178  |

 *** DFT reference energy = -692.14178


