

 results for: c22h14 with localization procedure: ibo

 electrons         = 146
 occupied orbitals = 73
 virtual orbitals  = 153
 total orbitals    = 226


 hartree-fock

  MO  |   canonical   |   localized   |     atom(s)    |   bond length
------------------------------------------------------------------------
   0  |    -52.544    |    -50.523    |      C1       |           
   1  |    -52.553    |    -51.301    |    C1 & C2    |      1.389
   2  |    -52.538    |    -27.500    |    C1 & C6    |      1.415
   3  |    -51.047    |    -22.957    |    C1 & H1    |      1.088
   4  |    -51.047    |    -51.054    |      C2       |           
   5  |    -52.548    |    -27.123    |    C2 & C3    |      1.455
   6  |    -51.047    |    -25.431    |   C2 & C11    |      1.436
   7  |    -51.048    |    -51.054    |      C3       |           
   8  |    -51.191    |    -51.231    |    C3 & C4    |      1.389
   9  |    -51.193    |    -25.431    |   C3 & C14    |      1.436
  10  |    -50.527    |    -50.523    |      C4       |           
  11  |    -50.541    |    -27.500    |    C4 & C5    |      1.415
  12  |    -50.525    |    -22.957    |    C4 & H2    |      1.088
  13  |    -50.534    |    -52.559    |      C5       |           
  14  |    -47.299    |    -28.638    |    C5 & C6    |      1.457
  15  |    -47.299    |    -53.502    |   C5 & C10    |      1.402
  16  |    -47.670    |    -52.559    |      C6       |           
  17  |    -47.670    |    -27.870    |    C6 & C7    |      1.402
  18  |    -47.114    |    -51.194    |      C7       |           
  19  |    -47.114    |    -53.238    |    C7 & C8    |      1.402
  20  |    -46.744    |    -23.584    |    C7 & H4    |      1.087
  21  |    -46.744    |    -52.559    |      C8       |           
  22  |    -27.595    |    -28.638    |    C8 & C9    |      1.457
  23  |    -26.366    |    -27.500    |   C8 & C15    |      1.415
  24  |    -25.887    |    -52.559    |      C9       |           
  25  |    -25.608    |    -53.502    |   C9 & C10    |      1.402
  26  |    -26.622    |    -27.500    |   C9 & C18    |      1.415
  27  |    -25.392    |    -51.194    |      C10      |           
  28  |    -25.510    |    -23.584    |   C10 & H3    |      1.087
  29  |    -25.051    |    -47.935    |      C11      |           
  30  |    -26.035    |    -44.606    |   C11 & C12   |      1.365
  31  |    -24.843    |    -20.609    |   C11 & H8    |      1.087
  32  |    -25.227    |    -46.466    |      C12      |           
  33  |    -25.380    |    -22.592    |   C12 & C13   |      1.433
  34  |    -25.308    |    -18.794    |   C12 & H5    |      1.086
  35  |    -24.334    |    -46.466    |      C13      |           
  36  |    -25.113    |    -44.564    |   C13 & C14   |      1.365
  37  |    -24.408    |    -18.794    |   C13 & H6    |      1.086
  38  |    -24.256    |    -47.935    |      C14      |           
  39  |    -24.101    |    -20.609    |   C14 & H7    |      1.087
  40  |    -23.595    |    -50.523    |      C15      |           
  41  |    -24.272    |    -51.301    |   C15 & C16   |      1.389
  42  |    -23.929    |    -22.957    |   C15 & H10   |      1.088
  43  |    -23.133    |    -51.054    |      C16      |           
  44  |    -23.785    |    -27.123    |   C16 & C17   |      1.455
  45  |    -22.916    |    -25.431    |   C16 & C19   |      1.436
  46  |    -23.616    |    -51.054    |      C17      |           
  47  |    -22.578    |    -51.231    |   C17 & C18   |      1.389
  48  |    -24.964    |    -25.431    |   C17 & C22   |      1.436
  49  |    -23.936    |    -50.523    |      C18      |           
  50  |    -22.799    |    -22.957    |   C18 & H9    |      1.088
  51  |    -22.638    |    -47.935    |      C19      |           
  52  |    -24.054    |    -44.606    |   C19 & C20   |      1.365
  53  |    -23.442    |    -20.609    |   C19 & H14   |      1.087
  54  |    -25.904    |    -46.466    |      C20      |           
  55  |    -23.410    |    -22.592    |   C20 & C21   |      1.433
  56  |    -25.121    |    -18.794    |   C20 & H11   |      1.086
  57  |    -23.830    |    -46.466    |      C21      |           
  58  |    -23.265    |    -44.564    |   C21 & C22   |      1.365
  59  |    -22.714    |    -18.794    |   C21 & H12   |      1.086
  60  |    -23.177    |    -47.935    |      C22      |           
  61  |    -23.266    |    -20.609    |   C22 & H13   |      1.087
  62  |    -24.920    |
  63  |    -23.187    |
  64  |    -24.391    |
  65  |    -22.925    |
  66  |    -24.518    |
  67  |    -23.301    |
  68  |    -22.876    |
  69  |    -22.779    |
  70  |    -24.337    |
  71  |    -22.604    |
  72  |    -23.341    |
------------------------------------------------------------------------
------------------------------------------------------------------------
  sum |  -2333.096    |  -2333.096    |
------------------------------------------------------------------------
  nuc |  +1492.120    |  +1492.120    |
------------------------------------------------------------------------
------------------------------------------------------------------------
  sum |   -840.97621  |   -840.97621  |

 *** HF reference energy  = -840.97621


 dft (pbe)

  MO  |   canonical   |   localized   |     atom(s)    |   bond length
------------------------------------------------------------------------
   0  |    -48.939    |    -46.902    |      C1       |           
   1  |    -48.940    |    -49.919    |    C1 & C2    |      1.389
   2  |    -48.939    |    -26.586    |    C1 & C6    |      1.415
   3  |    -48.939    |    -22.210    |    C1 & H1    |      1.088
   4  |    -47.435    |    -47.435    |      C2       |           
   5  |    -47.435    |    -26.219    |    C2 & C3    |      1.455
   6  |    -47.435    |    -24.525    |   C2 & C11    |      1.436
   7  |    -47.435    |    -47.435    |      C3       |           
   8  |    -43.007    |    -49.795    |    C3 & C4    |      1.389
   9  |    -43.007    |    -24.525    |   C3 & C14    |      1.436
  10  |    -47.571    |    -46.902    |      C4       |           
  11  |    -47.573    |    -26.585    |    C4 & C5    |      1.415
  12  |    -43.099    |    -22.211    |    C4 & H2    |      1.088
  13  |    -43.100    |    -48.940    |      C5       |           
  14  |    -46.902    |    -27.732    |    C5 & C6    |      1.457
  15  |    -46.901    |    -52.047    |   C5 & C10    |      1.402
  16  |    -46.903    |    -48.940    |      C6       |           
  17  |    -46.902    |    -26.950    |    C6 & C7    |      1.402
  18  |    -44.155    |    -47.573    |      C7       |           
  19  |    -44.156    |    -51.833    |    C7 & C8    |      1.402
  20  |    -44.065    |    -22.839    |    C7 & H4    |      1.087
  21  |    -44.065    |    -48.940    |      C8       |           
  22  |    -26.644    |    -27.725    |    C8 & C9    |      1.457
  23  |    -25.438    |    -26.587    |   C8 & C15    |      1.415
  24  |    -24.935    |    -48.940    |      C9       |           
  25  |    -24.648    |    -74.893    |   C9 & C10    |      1.402
  26  |    -25.602    |    -48.804    |   C9 & C18    |      1.415
  27  |    -24.438    |    -47.573    |      C10      |           
  28  |    -24.519    |    -44.315    |      C11      |           
  29  |    -24.071    |    -43.289    |   C11 & C12   |      1.365
  30  |    -24.917    |    -19.859    |   C11 & H8    |      1.087
  31  |    -23.854    |    -42.847    |      C12      |           
  32  |    -24.137    |    -21.691    |   C12 & C13   |      1.433
  33  |    -24.340    |    -18.048    |   C12 & H5    |      1.086
  34  |    -24.275    |    -42.847    |      C13      |           
  35  |    -23.403    |    -43.192    |   C13 & C14   |      1.365
  36  |    -24.341    |    -18.048    |   C13 & H6    |      1.086
  37  |    -23.612    |    -44.315    |      C14      |           
  38  |    -23.302    |    -19.859    |   C14 & H7    |      1.087
  39  |    -23.225    |    -46.902    |      C15      |           
  40  |    -23.493    |    -49.919    |   C15 & C16   |      1.389
  41  |    -23.068    |    -22.211    |   C15 & H10   |      1.088
  42  |    -22.760    |    -47.435    |      C16      |           
  43  |    -22.379    |    -26.216    |   C16 & C17   |      1.455
  44  |    -23.094    |    -24.525    |   C16 & C19   |      1.436
  45  |    -22.032    |    -47.435    |      C17      |           
  46  |    -22.988    |    -49.795    |   C17 & C18   |      1.389
  47  |    -24.204    |    -24.524    |   C17 & C22   |      1.436
  48  |    -21.877    |    -46.902    |      C18      |           
  49  |    -23.175    |    -44.315    |      C19      |           
  50  |    -22.239    |    -43.289    |   C19 & C20   |      1.365
  51  |    -22.029    |    -19.858    |   C19 & H14   |      1.087
  52  |    -23.260    |    -42.847    |      C20      |           
  53  |    -24.610    |    -21.691    |   C20 & C21   |      1.433
  54  |    -22.729    |    -18.048    |   C20 & H11   |      1.086
  55  |    -25.083    |    -42.847    |      C21      |           
  56  |    -22.536    |    -43.192    |   C21 & C22   |      1.365
  57  |    -23.388    |    -18.048    |   C21 & H12   |      1.086
  58  |    -22.512    |    -44.315    |      C22      |           
  59  |    -22.880    |    -19.859    |   C22 & H13   |      1.087
  60  |    -21.898    |
  61  |    -22.390    |
  62  |    -24.101    |
  63  |    -22.322    |
  64  |    -22.562    |
  65  |    -23.476    |
  66  |    -24.051    |
  67  |    -22.914    |
  68  |    -22.164    |
  69  |    -22.470    |
  70  |    -23.507    |
  71  |    -22.328    |
  72  |    -22.928    |
------------------------------------------------------------------------
------------------------------------------------------------------------
  sum |  -2214.049    |  -2214.049    |
------------------------------------------------------------------------
  nuc |  +1492.120    |  +1492.120    |
  xc  |   -123.626    |   -123.626    |
------------------------------------------------------------------------
------------------------------------------------------------------------
  sum |   -845.55451  |   -845.55451  |

 *** DFT reference energy = -845.55451


