

 system info:
 ------------
 molecule          = c22h14
 point group       = D2h
 basis set         = ccpvdz

 localization      = ibo
 assignment        = iao

 electrons         = 146
 occupied orbitals = 73
 virtual orbitals  = 305
 total orbitals    = 378

 git version: ffc51912ea6f850cc1dccb535e7438b23db31a62


 ** hartree-fock

  MO  |   canonical   |   localized   |     atom(s)    |   bond length
------------------------------------------------------------------------
   0  |    -52.531    |    -50.525    |       C       |
   1  |    -52.547    |    -51.345    |     C & C     |      1.389
   2  |    -52.520    |    -27.517    |     C & C     |      1.415
   3  |    -51.043    |    -22.955    |     C & H     |      1.088
   4  |    -51.042    |    -51.054    |       C       |
   5  |    -52.538    |    -27.141    |     C & C     |      1.455
   6  |    -51.041    |    -25.453    |     C & C     |      1.436
   7  |    -51.043    |    -51.054    |       C       |
   8  |    -51.195    |    -51.238    |     C & C     |      1.389
   9  |    -51.197    |    -25.453    |     C & C     |      1.436
  10  |    -50.526    |    -50.525    |       C       |
  11  |    -50.497    |    -27.517    |     C & C     |      1.415
  12  |    -50.547    |    -22.955    |     C & H     |      1.088
  13  |    -50.509    |    -52.559    |       C       |
  14  |    -47.119    |    -28.657    |     C & C     |      1.457
  15  |    -47.121    |    -53.456    |     C & C     |      1.402
  16  |    -47.557    |    -52.559    |       C       |
  17  |    -47.557    |    -53.174    |     C & C     |      1.402
  18  |    -47.338    |    -51.196    |       C       |
  19  |    -47.338    |    -27.883    |     C & C     |      1.402
  20  |    -46.878    |    -23.582    |     C & H     |      1.087
  21  |    -46.878    |    -52.559    |       C       |
  22  |    -27.616    |    -28.657    |     C & C     |      1.457
  23  |    -26.385    |    -27.517    |     C & C     |      1.415
  24  |    -25.896    |    -52.559    |       C       |
  25  |    -25.609    |    -53.456    |     C & C     |      1.402
  26  |    -26.644    |    -27.517    |     C & C     |      1.415
  27  |    -25.532    |    -51.196    |       C       |
  28  |    -25.355    |    -23.582    |     C & H     |      1.087
  29  |    -25.068    |    -47.937    |       C       |
  30  |    -26.024    |    -44.700    |     C & C     |      1.365
  31  |    -24.856    |    -20.608    |     C & H     |      1.087
  32  |    -25.225    |    -46.469    |       C       |
  33  |    -25.377    |    -22.603    |     C & C     |      1.433
  34  |    -25.287    |    -18.790    |     C & H     |      1.086
  35  |    -24.338    |    -46.469    |       C       |
  36  |    -25.081    |    -44.549    |     C & C     |      1.365
  37  |    -24.435    |    -18.790    |     C & H     |      1.086
  38  |    -24.327    |    -47.937    |       C       |
  39  |    -24.070    |    -20.608    |     C & H     |      1.087
  40  |    -23.594    |    -50.525    |       C       |
  41  |    -24.259    |    -51.345    |     C & C     |      1.389
  42  |    -23.918    |    -22.955    |     C & H     |      1.088
  43  |    -23.131    |    -51.054    |       C       |
  44  |    -23.792    |    -27.141    |     C & C     |      1.455
  45  |    -22.933    |    -25.453    |     C & C     |      1.436
  46  |    -23.593    |    -51.054    |       C       |
  47  |    -22.568    |    -51.238    |     C & C     |      1.389
  48  |    -24.952    |    -25.453    |     C & C     |      1.436
  49  |    -23.965    |    -50.525    |       C       |
  50  |    -22.805    |    -22.955    |     C & H     |      1.088
  51  |    -22.625    |    -47.937    |       C       |
  52  |    -24.034    |    -44.700    |     C & C     |      1.365
  53  |    -23.416    |    -20.608    |     C & H     |      1.087
  54  |    -25.921    |    -46.469    |       C       |
  55  |    -23.445    |    -22.603    |     C & C     |      1.433
  56  |    -25.086    |    -18.790    |     C & H     |      1.086
  57  |    -23.274    |    -46.469    |       C       |
  58  |    -23.801    |    -44.549    |     C & C     |      1.365
  59  |    -22.775    |    -18.790    |     C & H     |      1.086
  60  |    -23.208    |    -47.937    |       C       |
  61  |    -23.256    |    -20.608    |     C & H     |      1.087
  62  |    -24.975    |
  63  |    -23.241    |
  64  |    -24.441    |
  65  |    -22.946    |
  66  |    -24.488    |
  67  |    -23.279    |
  68  |    -22.947    |
  69  |    -22.767    |
  70  |    -24.362    |
  71  |    -22.602    |
  72  |    -23.368    |
------------------------------------------------------------------------
------------------------------------------------------------------------
  sum |  -2333.454    |  -2333.454    |
------------------------------------------------------------------------
  nuc |  +1492.120    |  +1492.120    |
------------------------------------------------------------------------
------------------------------------------------------------------------
  sum |   -841.33369  |   -841.33369  |

 *** HF reference energy = -841.33369


