

 results for: c6h6 with localization procedure: pm

 electrons         = 42
 occupied orbitals = 21
 virtual orbitals  = 45
 total orbitals    = 66


 hartree-fock

  MO  |   canonical   |   localized   |     atom(s)    |   bond length
------------------------------------------------------------------------
   0  |    -38.914    |    -38.907    |      C1       |           
   1  |    -38.914    |    -27.930    |    C1 & C2    |      1.395
   2  |    -38.914    |    -15.126    |    C1 & C6    |      1.395
   3  |    -38.913    |    -11.905    |    C1 & H1    |      1.087
   4  |    -38.913    |    -38.907    |      C2       |           
   5  |    -38.913    |    -15.126    |    C2 & C3    |      1.395
   6  |    -15.456    |    -11.905    |    C2 & H2    |      1.087
   7  |    -14.656    |    -38.907    |      C3       |           
   8  |    -14.656    |    -27.930    |    C3 & C4    |      1.395
   9  |    -13.628    |    -11.905    |    C3 & H3    |      1.087
  10  |    -13.628    |    -38.907    |      C4       |           
  11  |    -12.822    |    -15.126    |    C4 & C5    |      1.395
  12  |    -11.779    |    -11.905    |    C4 & H4    |      1.087
  13  |    -14.334    |    -38.907    |      C5       |           
  14  |    -12.854    |    -27.930    |    C5 & C6    |      1.395
  15  |    -12.854    |    -11.905    |    C5 & H5    |      1.087
  16  |    -13.066    |    -38.907    |      C6       |           
  17  |    -12.739    |    -11.905    |    C6 & H6    |      1.087
  18  |    -12.739    |
  19  |    -12.675    |
  20  |    -12.675    |
------------------------------------------------------------------------
------------------------------------------------------------------------
  sum |   -434.040    |   -434.040    |
------------------------------------------------------------------------
  nuc |   +203.416    |   +203.416    |
------------------------------------------------------------------------
------------------------------------------------------------------------
  sum |   -230.62344  |   -230.62344  |

 *** HF reference energy  = -230.62344


 dft (pbe)

  MO  |   canonical   |   localized   |     atom(s)    |   bond length
------------------------------------------------------------------------
   0  |    -35.295    |    -35.290    |      C1       |           
   1  |    -35.295    |    -14.197    |    C1 & C2    |      1.395
   2  |    -35.295    |    -26.526    |    C1 & C6    |      1.395
   3  |    -35.295    |    -11.152    |    C1 & H1    |      1.087
   4  |    -35.295    |    -35.290    |      C2       |           
   5  |    -35.294    |    -26.526    |    C2 & C3    |      1.395
   6  |    -14.471    |    -11.152    |    C2 & H2    |      1.087
   7  |    -13.637    |    -35.290    |      C3       |           
   8  |    -13.636    |    -14.197    |    C3 & C4    |      1.395
   9  |    -12.732    |    -11.152    |    C3 & H3    |      1.087
  10  |    -12.732    |    -35.290    |      C4       |           
  11  |    -12.108    |    -26.526    |    C4 & C5    |      1.395
  12  |    -11.025    |    -11.152    |    C4 & H4    |      1.087
  13  |    -13.493    |    -35.290    |      C5       |           
  14  |    -12.162    |    -14.197    |    C5 & C6    |      1.395
  15  |    -12.162    |    -11.152    |    C5 & H5    |      1.087
  16  |    -12.505    |    -35.290    |      C6       |           
  17  |    -11.955    |    -11.152    |    C6 & H6    |      1.087
  18  |    -11.955    |
  19  |    -12.240    |
  20  |    -12.240    |
------------------------------------------------------------------------
------------------------------------------------------------------------
  sum |   -400.823    |   -400.823    |
------------------------------------------------------------------------
  nuc |   +203.416    |   +203.416    |
  xc  |    -34.485    |    -34.485    |
------------------------------------------------------------------------
------------------------------------------------------------------------
  sum |   -231.89094  |   -231.89094  |

 *** DFT reference energy = -231.89094


