/Users/janusje/anaconda3/lib/python3.5/site-packages/h5py/__init__.py:36: FutureWarning: Conversion of the second argument of issubdtype from `float` to `np.floating` is deprecated. In future, it will be treated as `np.float64 == np.dtype(float).type`.
  from ._conv import register_converters as _register_converters

 results for: naphthalene with localization procedure: ibo

  MO  |       hf      |     hf-loc    |      dft      |     dft-loc
-------------------------------------------------------------------------
   0  |    -44.673    |    -44.453    |    -41.780    |    -41.547
   1  |    -44.669    |    -44.453    |    -41.779    |    -41.547
   2  |    -42.571    |    -42.475    |    -39.705    |    -39.570
   3  |    -42.568    |    -42.475    |    -39.699    |    -39.570
   4  |    -42.318    |    -42.475    |    -39.544    |    -39.570
   5  |    -42.312    |    -42.475    |    -39.543    |    -39.570
   6  |    -42.303    |    -41.644    |    -39.251    |    -38.739
   7  |    -42.284    |    -41.644    |    -39.251    |    -38.739
   8  |    -42.047    |    -41.644    |    -39.095    |    -38.739
   9  |    -42.033    |    -41.644    |    -39.091    |    -38.739
  10  |    -19.759    |    -20.935    |    -18.975    |    -20.212
  11  |    -18.835    |    -19.874    |    -18.025    |    -19.151
  12  |    -18.635    |    -19.874    |    -17.864    |    -19.151
  13  |    -18.583    |    -19.874    |    -17.742    |    -19.151
  14  |    -18.085    |    -19.874    |    -17.268    |    -19.151
  15  |    -17.823    |    -18.717    |    -17.204    |    -17.972
  16  |    -17.708    |    -18.717    |    -16.949    |    -17.972
  17  |    -17.638    |    -18.717    |    -16.948    |    -17.972
  18  |    -17.549    |    -18.717    |    -16.903    |    -17.972
  19  |    -17.460    |    -18.199    |    -16.901    |    -17.475
  20  |    -17.307    |    -18.199    |    -16.807    |    -17.475
  21  |    -17.016    |    -17.790    |    -16.414    |    -17.365
  22  |    -16.836    |    -16.426    |    -16.381    |    -16.111
  23  |    -16.820    |    -16.426    |    -16.251    |    -16.111
  24  |    -16.731    |    -16.107    |    -16.193    |    -15.718
  25  |    -16.652    |    -16.107    |    -16.180    |    -15.718
  26  |    -16.574    |    -15.550    |    -15.977    |    -14.945
  27  |    -16.542    |    -15.550    |    -15.953    |    -14.945
  28  |    -16.294    |    -15.550    |    -15.750    |    -14.945
  29  |    -16.116    |    -15.550    |    -15.708    |    -14.945
  30  |    -16.068    |    -14.594    |    -15.633    |    -13.990
  31  |    -16.050    |    -14.594    |    -15.475    |    -13.990
  32  |    -15.979    |    -14.594    |    -15.440    |    -13.990
  33  |    -15.673    |    -14.594    |    -15.069    |    -13.990
-------------------------------------------------------------------------
-------------------------------------------------------------------------
  sum |   -840.51136  |   -840.51136  |   -796.74754  |   -796.74754
-------------------------------------------------------------------------
  nuc |   +457.29068  |   +457.29068  |   +457.29068  |   +457.29068
  xc  |      N/A      |      N/A      |    -46.10020  |    -46.10020
-------------------------------------------------------------------------
-------------------------------------------------------------------------
  sum |   -383.22068  |   -383.22068  |   -385.55706  |   -385.55706

 *** HF reference energy  = -383.22068
 *** DFT reference energy = -385.55706

