/Users/janusje/anaconda3/lib/python3.5/site-packages/h5py/__init__.py:36: FutureWarning: Conversion of the second argument of issubdtype from `float` to `np.floating` is deprecated. In future, it will be treated as `np.float64 == np.dtype(float).type`.
  from ._conv import register_converters as _register_converters

 results for: naphthalene with localization procedure: pm

  MO  |       hf      |     hf-loc    |      dft      |     dft-loc
-------------------------------------------------------------------------
   0  |    -44.673    |    -44.678    |    -41.780    |    -41.776
   1  |    -44.669    |    -44.678    |    -41.779    |    -41.776
   2  |    -42.571    |    -42.709    |    -39.705    |    -39.807
   3  |    -42.568    |    -42.709    |    -39.699    |    -39.807
   4  |    -42.318    |    -42.709    |    -39.544    |    -39.807
   5  |    -42.312    |    -42.709    |    -39.543    |    -39.807
   6  |    -42.303    |    -41.879    |    -39.251    |    -38.977
   7  |    -42.284    |    -41.879    |    -39.251    |    -38.977
   8  |    -42.047    |    -41.879    |    -39.095    |    -38.977
   9  |    -42.033    |    -41.879    |    -39.091    |    -38.977
  10  |    -19.759    |    -20.796    |    -18.975    |    -20.073
  11  |    -18.835    |    -19.722    |    -18.025    |    -18.997
  12  |    -18.635    |    -19.722    |    -17.864    |    -18.997
  13  |    -18.583    |    -19.722    |    -17.742    |    -18.997
  14  |    -18.085    |    -19.722    |    -17.268    |    -18.997
  15  |    -17.823    |    -18.531    |    -17.204    |    -17.786
  16  |    -17.708    |    -18.531    |    -16.949    |    -17.786
  17  |    -17.638    |    -18.531    |    -16.948    |    -17.786
  18  |    -17.549    |    -18.531    |    -16.903    |    -17.786
  19  |    -17.460    |    -18.047    |    -16.901    |    -17.511
  20  |    -17.307    |    -18.047    |    -16.807    |    -17.322
  21  |    -17.016    |    -17.913    |    -16.414    |    -17.322
  22  |    -16.836    |    -16.236    |    -16.381    |    -15.878
  23  |    -16.820    |    -16.236    |    -16.251    |    -15.878
  24  |    -16.731    |    -16.236    |    -16.193    |    -15.878
  25  |    -16.652    |    -16.236    |    -16.180    |    -15.878
  26  |    -16.574    |    -15.484    |    -15.977    |    -14.876
  27  |    -16.542    |    -15.484    |    -15.953    |    -14.876
  28  |    -16.294    |    -15.484    |    -15.750    |    -14.876
  29  |    -16.116    |    -15.484    |    -15.708    |    -14.876
  30  |    -16.068    |    -14.527    |    -15.633    |    -13.920
  31  |    -16.050    |    -14.527    |    -15.475    |    -13.920
  32  |    -15.979    |    -14.527    |    -15.440    |    -13.920
  33  |    -15.673    |    -14.527    |    -15.069    |    -13.920
-------------------------------------------------------------------------
-------------------------------------------------------------------------
  sum |   -840.51136  |   -840.51136  |   -796.74754  |   -796.74754
-------------------------------------------------------------------------
  nuc |   +457.29068  |   +457.29068  |   +457.29068  |   +457.29068
  xc  |      N/A      |      N/A      |    -46.10020  |    -46.10020
-------------------------------------------------------------------------
-------------------------------------------------------------------------
  sum |   -383.22068  |   -383.22068  |   -385.55706  |   -385.55706

 *** HF reference energy  = -383.22068
 *** DFT reference energy = -385.55706

