

 system info:
 ------------
 molecule          = h2o
 point group       = C2v
 basis set         = ccpvdz

 localization      = ibo
 assignment        = iao
 xc functional     = pbe

 electrons         = 10
 occupied orbitals = 5
 virtual orbitals  = 19
 total orbitals    = 24

 git version: 6ffb74d1558618696df1601a384a1915186eee3a




 ** hartree-fock
 ---------------

------------------------------------------------------------------------
                         ground-state energy                          
------------------------------------------------------------------------
  MO  |   canonical   |   localized   |     atom(s)   |   bond length
------------------------------------------------------------------------
------------------------------------------------------------------------
   0  |    -53.934    |    -69.894    |       O       |           
   1  |     -9.979    |     -9.228    |     O & H     |      0.700
   2  |     -8.494    |     -9.228    |     H & O     |      0.700
   3  |     -8.043    |
   4  |     -7.899    |
------------------------------------------------------------------------
------------------------------------------------------------------------
  sum |    -88.350    |    -88.350    |
------------------------------------------------------------------------
  nuc |    +12.574    |    +12.574    |
------------------------------------------------------------------------
------------------------------------------------------------------------
  tot |    -75.77584  |    -75.77584  |

 *** HF reference energy = -75.77584


----------------------------------------------------------------------------------------------------------------
                                     ground-state dipole moment                                     
----------------------------------------------------------------------------------------------------------------
  MO  |             canonical             |            localized              |     atom(s)   |   bond length
----------------------------------------------------------------------------------------------------------------
      |     x     /     y     /     z     |     x     /     y     /     z     |
----------------------------------------------------------------------------------------------------------------
----------------------------------------------------------------------------------------------------------------
   0  |    0.000  /    0.000  /    0.324  |    0.000  /    0.000  /    1.733  |       O       |           
   1  |    0.000  /    0.000  /   -0.507  |    1.480  /    0.000  /   -0.517  |     O & H     |      0.700
   2  |    0.000  /    0.000  /   -0.301  |   -1.480  /    0.000  /   -0.517  |     H & O     |      0.700
   3  |    0.000  /    0.000  /    0.979  |
   4  |    0.000  /    0.000  /    0.205  |
----------------------------------------------------------------------------------------------------------------
----------------------------------------------------------------------------------------------------------------
  sum |    0.000  /    0.000  /    0.700  |    0.000  /    0.000  /    0.700  |
----------------------------------------------------------------------------------------------------------------
  nuc |    0.000  /    0.000  /    0.000  |    0.000  /    0.000  /    0.000  |
----------------------------------------------------------------------------------------------------------------
----------------------------------------------------------------------------------------------------------------
  tot |    0.000  /    0.000  /   -0.700  |    0.000  /    0.000  /   -0.700  |

 *** HF reference dipole moment =    0.000  /    0.000  /   -0.700




 ** dft
 ------

------------------------------------------------------------------------
                         ground-state energy                          
------------------------------------------------------------------------
  MO  |   canonical   |   localized   |     atom(s)   |   bond length
------------------------------------------------------------------------
------------------------------------------------------------------------
   0  |    -49.035    |    -62.960    |       O       |           
   1  |     -8.652    |     -8.036    |     H & O     |      0.700
   2  |     -7.428    |     -8.036    |     O & H     |      0.700
   3  |     -7.011    |
   4  |     -6.908    |
------------------------------------------------------------------------
------------------------------------------------------------------------
  sum |    -79.033    |    -79.033    |
------------------------------------------------------------------------
  nuc |    +12.574    |    +12.574    |
  xc  |     -9.600    |     -9.600    |
------------------------------------------------------------------------
------------------------------------------------------------------------
  tot |    -76.05840  |    -76.05840  |

 *** DFT reference energy = -76.05840


----------------------------------------------------------------------------------------------------------------
                                     ground-state dipole moment                                     
----------------------------------------------------------------------------------------------------------------
  MO  |             canonical             |            localized              |     atom(s)   |   bond length
----------------------------------------------------------------------------------------------------------------
      |     x     /     y     /     z     |     x     /     y     /     z     |
----------------------------------------------------------------------------------------------------------------
----------------------------------------------------------------------------------------------------------------
   0  |    0.000  /    0.000  /    0.324  |    0.000  /    0.000  /    1.723  |       O       |           
   1  |    0.000  /    0.000  /   -0.599  |   -1.488  /    0.000  /   -0.522  |     H & O     |      0.700
   2  |    0.000  /    0.000  /   -0.310  |    1.488  /    0.000  /   -0.522  |     O & H     |      0.700
   3  |    0.000  /    0.000  /    1.060  |
   4  |    0.000  /    0.000  /    0.205  |
----------------------------------------------------------------------------------------------------
----------------------------------------------------------------------------------------------------
  sum |    0.000  /    0.000  /    0.680  |    0.000  /    0.000  /    0.680  |
----------------------------------------------------------------------------------------------------
  nuc |    0.000  /    0.000  /    0.000  |    0.000  /    0.000  /    0.000  |
----------------------------------------------------------------------------------------------------
----------------------------------------------------------------------------------------------------
  tot |    0.000  /    0.000  /   -0.680  |    0.000  /    0.000  /   -0.680  |

 *** DFT reference dipole moment =    0.000  /    0.000  /   -0.680


