

 system info:
 ------------
 molecule          = c6h6
 point group       = D2h
 basis set         = 631g

 localization      = pm
 assignment        = mulliken

 electrons         = 42
 occupied orbitals = 21
 virtual orbitals  = 45
 total orbitals    = 66

 git version: ebdce016cf723524ee074cb4082635535bfada32


 ** hartree-fock

  MO  |   canonical   |   localized   |     atom(s)    |   bond length
------------------------------------------------------------------------
   0  |    -38.914    |    -38.913    |       C       |           
   1  |    -38.914    |    -38.913    |       C       |           
   2  |    -38.914    |    -38.913    |       C       |           
   3  |    -38.913    |    -38.913    |       C       |           
   4  |    -38.913    |    -38.913    |       C       |           
   5  |    -38.913    |    -38.913    |       C       |           
   6  |    -15.456    |    -27.926    |     C & C     |      1.395
   7  |    -14.656    |    -27.926    |     C & C     |      1.395
   8  |    -14.656    |    -27.926    |     C & C     |      1.395
   9  |    -14.334    |    -15.121    |     C & C     |      1.395
  10  |    -13.628    |    -15.121    |     C & C     |      1.395
  11  |    -13.628    |    -15.121    |     C & C     |      1.395
  12  |    -13.066    |    -11.903    |     C & H     |      1.087
  13  |    -12.854    |    -11.903    |     C & H     |      1.087
  14  |    -12.854    |    -11.903    |     C & H     |      1.087
  15  |    -12.822    |    -11.903    |     C & H     |      1.087
  16  |    -12.739    |    -11.903    |     C & H     |      1.087
  17  |    -12.739    |    -11.903    |     C & H     |      1.087
  18  |    -12.675    |
  19  |    -12.675    |
  20  |    -11.779    |
------------------------------------------------------------------------
------------------------------------------------------------------------
  sum |   -434.040    |   -434.040    |
------------------------------------------------------------------------
  nuc |   +203.416    |   +203.416    |
------------------------------------------------------------------------
------------------------------------------------------------------------
  sum |   -230.62344  |   -230.62344  |

 *** HF reference energy = -230.62344


