

 system info:
 ------------
 molecule          = c22h14
 point group       = D2h
 basis set         = 631g

 localization      = ibo
 assignment        = iao

 electrons         = 146
 occupied orbitals = 73
 virtual orbitals  = 153
 total orbitals    = 226

 git version: 23d65a36c0953ba2c2f203e791c4e1a9fa75f3fd


 ** hartree-fock

  MO  |   canonical   |   localized   |     atom(s)    |   bond length
------------------------------------------------------------------------
   0  |    -52.541    |    -51.051    |       C       |           
   1  |    -52.550    |    -27.112    |     C & C     |      1.456
   2  |    -52.535    |    -51.333    |     C & C     |      1.389
   3  |    -51.044    |    -25.431    |     C & C     |      1.436
   4  |    -51.044    |    -51.051    |       C       |           
   5  |    -52.545    |    -51.223    |     C & C     |      1.389
   6  |    -51.044    |    -25.431    |     C & C     |      1.436
   7  |    -51.045    |    -50.521    |       C       |           
   8  |    -51.189    |    -27.498    |     C & C     |      1.415
   9  |    -51.191    |    -22.957    |     C & H     |      1.088
  10  |    -50.524    |    -52.556    |       C       |           
  11  |    -50.538    |    -28.627    |     C & C     |      1.457
  12  |    -50.521    |    -53.155    |     C & C     |      1.402
  13  |    -50.531    |    -52.556    |       C       |           
  14  |    -47.282    |    -27.498    |     C & C     |      1.415
  15  |    -47.282    |    -53.451    |     C & C     |      1.402
  16  |    -47.660    |    -50.521    |       C       |           
  17  |    -47.660    |    -22.957    |     C & H     |      1.088
  18  |    -47.125    |    -51.191    |       C       |           
  19  |    -47.125    |    -27.866    |     C & C     |      1.402
  20  |    -46.747    |    -23.584    |     C & H     |      1.088
  21  |    -46.747    |    -52.556    |       C       |           
  22  |    -27.593    |    -28.627    |     C & C     |      1.457
  23  |    -26.364    |    -27.498    |     C & C     |      1.415
  24  |    -25.884    |    -52.556    |       C       |           
  25  |    -25.605    |    -53.451    |     C & C     |      1.402
  26  |    -26.620    |    -27.498    |     C & C     |      1.415
  27  |    -25.387    |    -51.191    |       C       |           
  28  |    -25.508    |    -23.584    |     C & H     |      1.088
  29  |    -25.049    |    -50.521    |       C       |           
  30  |    -26.032    |    -51.333    |     C & C     |      1.389
  31  |    -24.841    |    -22.957    |     C & H     |      1.088
  32  |    -25.223    |    -51.051    |       C       |           
  33  |    -25.379    |    -27.112    |     C & C     |      1.456
  34  |    -25.305    |    -25.431    |     C & C     |      1.436
  35  |    -24.333    |    -51.051    |       C       |           
  36  |    -25.108    |    -51.223    |     C & C     |      1.389
  37  |    -24.405    |    -25.431    |     C & C     |      1.436
  38  |    -24.256    |    -50.521    |       C       |           
  39  |    -24.100    |    -22.957    |     C & H     |      1.088
  40  |    -23.595    |    -47.932    |       C       |           
  41  |    -24.271    |    -44.677    |     C & C     |      1.366
  42  |    -23.930    |    -20.609    |     C & H     |      1.088
  43  |    -23.128    |    -46.462    |       C       |           
  44  |    -23.781    |    -22.575    |     C & C     |      1.433
  45  |    -22.917    |    -18.798    |     C & H     |      1.087
  46  |    -23.611    |    -46.462    |       C       |           
  47  |    -22.573    |    -44.504    |     C & C     |      1.366
  48  |    -24.957    |    -18.798    |     C & H     |      1.087
  49  |    -23.927    |    -47.932    |       C       |           
  50  |    -22.792    |    -20.609    |     C & H     |      1.088
  51  |    -22.632    |    -47.932    |       C       |           
  52  |    -24.049    |    -44.504    |     C & C     |      1.366
  53  |    -23.435    |    -20.609    |     C & H     |      1.088
  54  |    -25.896    |    -46.462    |       C       |           
  55  |    -23.410    |    -22.575    |     C & C     |      1.433
  56  |    -25.118    |    -18.798    |     C & H     |      1.087
  57  |    -23.828    |    -46.462    |       C       |           
  58  |    -23.257    |    -44.677    |     C & C     |      1.366
  59  |    -22.705    |    -18.798    |     C & H     |      1.087
  60  |    -23.168    |    -47.932    |       C       |           
  61  |    -23.263    |    -20.609    |     C & H     |      1.088
  62  |    -24.909    |
  63  |    -23.184    |
  64  |    -24.389    |
  65  |    -22.921    |
  66  |    -24.515    |
  67  |    -23.298    |
  68  |    -22.872    |
  69  |    -22.777    |
  70  |    -24.334    |
  71  |    -22.601    |
  72  |    -23.338    |
------------------------------------------------------------------------
------------------------------------------------------------------------
  sum |  -2332.841    |  -2332.841    |
------------------------------------------------------------------------
  nuc |  +1491.865    |  +1491.865    |
------------------------------------------------------------------------
------------------------------------------------------------------------
  sum |   -840.97595  |   -840.97595  |

 *** HF reference energy = -840.97595


