

 system info:
 ------------
 molecule          = h2o
 point group       = C2v
 basis set         = ccpvdz

 localization      = ibo
 assignment        = iao
 xc functional     = pbe

 electrons         = 10
 occupied orbitals = 5
 virtual orbitals  = 19
 total orbitals    = 24

 git version: 6ffb74d1558618696df1601a384a1915186eee3a




 ** hartree-fock
 ---------------

------------------------------------------------------------------------
                         ground-state energy                          
------------------------------------------------------------------------
  MO  |   canonical   |   localized   |     atom(s)   |   bond length
------------------------------------------------------------------------
------------------------------------------------------------------------
   0  |    -54.176    |    -70.548    |       O       |           
   1  |    -10.460    |     -9.740    |     H & O     |      0.600
   2  |     -9.041    |     -9.740    |     O & H     |      0.600
   3  |     -8.259    |
   4  |     -8.090    |
------------------------------------------------------------------------
------------------------------------------------------------------------
  sum |    -90.027    |    -90.027    |
------------------------------------------------------------------------
  nuc |    +14.670    |    +14.670    |
------------------------------------------------------------------------
------------------------------------------------------------------------
  tot |    -75.35661  |    -75.35661  |

 *** HF reference energy = -75.35661


----------------------------------------------------------------------------------------------------------------
                                     ground-state dipole moment                                     
----------------------------------------------------------------------------------------------------------------
  MO  |             canonical             |            localized              |     atom(s)   |   bond length
----------------------------------------------------------------------------------------------------------------
      |     x     /     y     /     z     |     x     /     y     /     z     |
----------------------------------------------------------------------------------------------------------------
----------------------------------------------------------------------------------------------------------------
   0  |    0.000  /    0.000  /    0.278  |    0.000  /    0.000  /    1.394  |       O       |           
   1  |    0.000  /    0.000  /   -0.588  |   -1.412  /    0.000  /   -0.365  |     H & O     |      0.600
   2  |    0.000  /    0.000  /   -0.261  |    1.412  /    0.000  /   -0.365  |     O & H     |      0.600
   3  |    0.000  /    0.000  /    1.080  |
   4  |    0.000  /    0.000  /    0.155  |
----------------------------------------------------------------------------------------------------------------
----------------------------------------------------------------------------------------------------------------
  sum |    0.000  /    0.000  /    0.664  |    0.000  /    0.000  /    0.664  |
----------------------------------------------------------------------------------------------------------------
  nuc |    0.000  /    0.000  /    0.000  |    0.000  /    0.000  /    0.000  |
----------------------------------------------------------------------------------------------------------------
----------------------------------------------------------------------------------------------------------------
  tot |    0.000  /    0.000  /   -0.664  |    0.000  /    0.000  /   -0.664  |

 *** HF reference dipole moment =    0.000  /    0.000  /   -0.664




 ** dft
 ------

------------------------------------------------------------------------
                         ground-state energy                          
------------------------------------------------------------------------
  MO  |   canonical   |   localized   |     atom(s)   |   bond length
------------------------------------------------------------------------
------------------------------------------------------------------------
   0  |    -49.272    |    -63.585    |       O       |           
   1  |     -9.074    |     -8.470    |     H & O     |      0.600
   2  |     -7.900    |     -8.470    |     O & H     |      0.600
   3  |     -7.197    |
   4  |     -7.082    |
------------------------------------------------------------------------
------------------------------------------------------------------------
  sum |    -80.525    |    -80.525    |
------------------------------------------------------------------------
  nuc |    +14.670    |    +14.670    |
  xc  |     -9.779    |     -9.779    |
------------------------------------------------------------------------
------------------------------------------------------------------------
  tot |    -75.63289  |    -75.63289  |

 *** DFT reference energy = -75.63289


----------------------------------------------------------------------------------------------------------------
                                     ground-state dipole moment                                     
----------------------------------------------------------------------------------------------------------------
  MO  |             canonical             |            localized              |     atom(s)   |   bond length
----------------------------------------------------------------------------------------------------------------
      |     x     /     y     /     z     |     x     /     y     /     z     |
----------------------------------------------------------------------------------------------------------------
----------------------------------------------------------------------------------------------------------------
   0  |    0.000  /    0.000  /    0.277  |    0.000  /    0.000  /    1.387  |       O       |           
   1  |    0.000  /    0.000  /   -0.657  |   -1.422  /    0.000  /   -0.363  |     H & O     |      0.600
   2  |    0.000  /    0.000  /   -0.264  |    1.422  /    0.000  /   -0.363  |     O & H     |      0.600
   3  |    0.000  /    0.000  /    1.145  |
   4  |    0.000  /    0.000  /    0.159  |
----------------------------------------------------------------------------------------------------
----------------------------------------------------------------------------------------------------
  sum |    0.000  /    0.000  /    0.660  |    0.000  /    0.000  /    0.660  |
----------------------------------------------------------------------------------------------------
  nuc |    0.000  /    0.000  /    0.000  |    0.000  /    0.000  /    0.000  |
----------------------------------------------------------------------------------------------------
----------------------------------------------------------------------------------------------------
  tot |    0.000  /    0.000  /   -0.660  |    0.000  /    0.000  /   -0.660  |

 *** DFT reference dipole moment =    0.000  /    0.000  /   -0.660


