

 system info:
 ------------
 molecule          = c6h6
 point group       = D2h
 basis set         = 631g

 localization      = ibo
 assignment        = iao

 electrons         = 42
 occupied orbitals = 21
 virtual orbitals  = 45
 total orbitals    = 66

 git version: 6ffb74d1558618696df1601a384a1915186eee3a




 ** hartree-fock
 ---------------

------------------------------------------------------------------------
                         ground-state energy                          
------------------------------------------------------------------------
  MO  |   canonical   |   localized   |     atom(s)   |   bond length
------------------------------------------------------------------------
------------------------------------------------------------------------
   0  |    -38.914    |    -38.913    |       C       |           
   1  |    -38.914    |    -38.913    |       C       |           
   2  |    -38.914    |    -38.913    |       C       |           
   3  |    -38.913    |    -38.913    |       C       |           
   4  |    -38.913    |    -38.913    |       C       |           
   5  |    -38.913    |    -38.913    |       C       |           
   6  |    -15.456    |    -27.925    |     C & C     |      1.395
   7  |    -14.656    |    -27.925    |     C & C     |      1.395
   8  |    -14.656    |    -27.925    |     C & C     |      1.395
   9  |    -14.334    |    -15.120    |     C & C     |      1.395
  10  |    -13.628    |    -15.120    |     C & C     |      1.395
  11  |    -13.628    |    -15.120    |     C & C     |      1.395
  12  |    -13.066    |    -11.904    |     C & H     |      1.087
  13  |    -12.854    |    -11.904    |     C & H     |      1.087
  14  |    -12.854    |    -11.904    |     C & H     |      1.087
  15  |    -12.822    |    -11.904    |     C & H     |      1.087
  16  |    -12.739    |    -11.904    |     C & H     |      1.087
  17  |    -12.739    |    -11.904    |     C & H     |      1.087
  18  |    -12.675    |
  19  |    -12.675    |
  20  |    -11.779    |
------------------------------------------------------------------------
------------------------------------------------------------------------
  sum |   -434.040    |   -434.040    |
------------------------------------------------------------------------
  nuc |   +203.416    |   +203.416    |
------------------------------------------------------------------------
------------------------------------------------------------------------
  tot |   -230.62344  |   -230.62344  |

 *** HF reference energy = -230.62344


----------------------------------------------------------------------------------------------------------------
                                     ground-state dipole moment                                     
----------------------------------------------------------------------------------------------------------------
  MO  |             canonical             |            localized              |     atom(s)   |   bond length
----------------------------------------------------------------------------------------------------------------
      |     x     /     y     /     z     |     x     /     y     /     z     |
----------------------------------------------------------------------------------------------------------------
----------------------------------------------------------------------------------------------------------------
   0  |    0.000  /    0.000  /   -0.000  |   -2.636  /   -4.565  /   -0.000  |       C       |           
   1  |    0.000  /    0.000  /   -0.000  |    2.636  /    4.565  /   -0.000  |       C       |           
   2  |    0.000  /    0.000  /    0.000  |    2.636  /   -4.565  /   -0.000  |       C       |           
   3  |    0.000  /    0.000  /   -0.000  |   -5.272  /   -0.000  /    0.000  |       C       |           
   4  |    0.000  /    0.000  /    0.000  |   -2.636  /    4.565  /   -0.000  |       C       |           
   5  |    0.000  /    0.000  /   -0.000  |    5.272  /    0.000  /    0.000  |       C       |           
   6  |   -0.000  /   -0.000  /   -0.000  |    1.645  /   -7.809  /   -0.000  |     C & C     |      1.395
   7  |   -0.000  /    0.000  /    0.000  |   -7.585  /    2.480  /    0.000  |     C & C     |      1.395
   8  |   -0.000  /   -0.000  /   -0.000  |    5.940  /    5.329  /    0.000  |     C & C     |      1.395
   9  |    0.000  /    0.000  /   -0.000  |   -3.995  /   -2.306  /    0.000  |     C & C     |      1.395
  10  |    0.000  /   -0.000  /    0.000  |   -0.000  /    4.613  /   -0.000  |     C & C     |      1.395
  11  |   -0.000  /    0.000  /   -0.000  |    3.995  /   -2.306  /   -0.000  |     C & C     |      1.395
  12  |    0.000  /    0.000  /   -0.000  |   -4.019  /   -6.961  /    0.000  |     C & H     |      1.087
  13  |   -0.000  /   -0.000  /   -0.000  |    4.019  /    6.961  /   -0.000  |     C & H     |      1.087
  14  |   -0.000  /   -0.000  /    0.000  |   -8.038  /   -0.000  /    0.000  |     C & H     |      1.087
  15  |   -0.000  /   -0.000  /    0.000  |    4.019  /   -6.961  /   -0.000  |     C & H     |      1.087
  16  |    0.000  /    0.000  /    0.000  |   -4.019  /    6.961  /   -0.000  |     C & H     |      1.087
  17  |    0.000  /   -0.000  /   -0.000  |    8.038  /    0.000  /    0.000  |     C & H     |      1.087
  18  |    0.000  /    0.000  /   -0.000  |
  19  |    0.000  /    0.000  /    0.000  |
  20  |   -0.000  /   -0.000  /    0.000  |
----------------------------------------------------------------------------------------------------------------
----------------------------------------------------------------------------------------------------------------
  sum |   -0.000  /   -0.000  /   -0.000  |    0.000  /    0.000  /   -0.000  |
----------------------------------------------------------------------------------------------------------------
  nuc |    0.000  /    0.000  /    0.000  |    0.000  /    0.000  /    0.000  |
----------------------------------------------------------------------------------------------------------------
----------------------------------------------------------------------------------------------------------------
  tot |    0.000  /    0.000  /    0.000  |   -0.000  /   -0.000  /    0.000  |

 *** HF reference dipole moment =    0.000  /    0.000  /    0.000


