

 system info:
 ------------
 molecule          = h2o
 point group       = C2v
 basis set         = ccpvdz

 localization      = ibo
 assignment        = iao
 xc functional     = pbe

 electrons         = 10
 occupied orbitals = 5
 virtual orbitals  = 19
 total orbitals    = 24

 git version: 6ffb74d1558618696df1601a384a1915186eee3a




 ** hartree-fock
 ---------------

------------------------------------------------------------------------
                         ground-state energy                          
------------------------------------------------------------------------
  MO  |   canonical   |   localized   |     atom(s)   |   bond length
------------------------------------------------------------------------
------------------------------------------------------------------------
   0  |    -53.003    |    -68.848    |       O       |           
   1  |     -8.607    |     -4.899    |     O & H     |      2.700
   2  |     -7.235    |     -4.899    |     H & O     |      2.700
   3  |     -4.921    |
   4  |     -4.879    |
------------------------------------------------------------------------
------------------------------------------------------------------------
  sum |    -78.645    |    -78.645    |
------------------------------------------------------------------------
  nuc |     +3.260    |     +3.260    |
------------------------------------------------------------------------
------------------------------------------------------------------------
  tot |    -75.38531  |    -75.38531  |

 *** HF reference energy = -75.38531


----------------------------------------------------------------------------------------------------------------
                                     ground-state dipole moment                                     
----------------------------------------------------------------------------------------------------------------
  MO  |             canonical             |            localized              |     atom(s)   |   bond length
----------------------------------------------------------------------------------------------------------------
      |     x     /     y     /     z     |     x     /     y     /     z     |
----------------------------------------------------------------------------------------------------------------
----------------------------------------------------------------------------------------------------------------
   0  |    0.000  /    0.000  /    1.254  |    0.000  /    0.000  /    3.935  |       O       |           
   1  |    0.000  /    0.000  /    1.262  |    3.590  /    0.000  /   -1.567  |     O & H     |      2.700
   2  |    0.000  /    0.000  /    1.250  |   -3.590  /    0.000  /   -1.567  |     H & O     |      2.700
   3  |    0.000  /    0.000  /   -1.493  |
   4  |    0.000  /    0.000  /   -1.472  |
----------------------------------------------------------------------------------------------------------------
----------------------------------------------------------------------------------------------------------------
  sum |    0.000  /    0.000  /    0.801  |    0.000  /    0.000  /    0.801  |
----------------------------------------------------------------------------------------------------------------
  nuc |    0.000  /    0.000  /    0.000  |    0.000  /    0.000  /    0.000  |
----------------------------------------------------------------------------------------------------------------
----------------------------------------------------------------------------------------------------------------
  tot |    0.000  /    0.000  /   -0.801  |    0.000  /    0.000  /   -0.801  |

 *** HF reference dipole moment =    0.000  /    0.000  /   -0.801




 ** dft
 ------

------------------------------------------------------------------------
                         ground-state energy                          
------------------------------------------------------------------------
  MO  |   canonical   |   localized   |     atom(s)   |   bond length
------------------------------------------------------------------------
------------------------------------------------------------------------
   0  |    -48.060    |    -61.599    |       O       |           
   1  |     -7.389    |     -4.372    |     O & H     |      2.700
   2  |     -6.151    |     -4.372    |     H & O     |      2.700
   3  |     -4.394    |
   4  |     -4.350    |
------------------------------------------------------------------------
------------------------------------------------------------------------
  sum |    -70.343    |    -70.343    |
------------------------------------------------------------------------
  nuc |     +3.260    |     +3.260    |
  xc  |     -8.811    |     -8.811    |
------------------------------------------------------------------------
------------------------------------------------------------------------
  tot |    -75.89443  |    -75.89443  |

 *** DFT reference energy = -75.89443


----------------------------------------------------------------------------------------------------------------
                                     ground-state dipole moment                                     
----------------------------------------------------------------------------------------------------------------
  MO  |             canonical             |            localized              |     atom(s)   |   bond length
----------------------------------------------------------------------------------------------------------------
      |     x     /     y     /     z     |     x     /     y     /     z     |
----------------------------------------------------------------------------------------------------------------
----------------------------------------------------------------------------------------------------------------
   0  |    0.000  /    0.000  /    1.254  |    0.000  /    0.000  /    3.853  |       O       |           
   1  |    0.000  /    0.000  /    1.228  |    3.685  /    0.000  /   -1.630  |     O & H     |      2.700
   2  |    0.000  /    0.000  /    1.252  |   -3.685  /    0.000  /   -1.630  |     H & O     |      2.700
   3  |    0.000  /    0.000  /   -1.520  |
   4  |    0.000  /    0.000  /   -1.620  |
----------------------------------------------------------------------------------------------------
----------------------------------------------------------------------------------------------------
  sum |    0.000  /    0.000  /    0.593  |    0.000  /    0.000  /    0.593  |
----------------------------------------------------------------------------------------------------
  nuc |    0.000  /    0.000  /    0.000  |    0.000  /    0.000  /    0.000  |
----------------------------------------------------------------------------------------------------
----------------------------------------------------------------------------------------------------
  tot |    0.000  /    0.000  /   -0.593  |    0.000  /    0.000  /   -0.593  |

 *** DFT reference dipole moment =    0.000  /    0.000  /   -0.593


