

 system info:
 ------------
 molecule          = c10h8
 point group       = D2h
 basis set         = 631g

 localization      = ibo
 assignment        = iao

 electrons         = 68
 occupied orbitals = 34
 virtual orbitals  = 72
 total orbitals    = 106

 git version: ebdce016cf723524ee074cb4082635535bfada32


 ** hartree-fock

  MO  |   canonical   |   localized   |     atom(s)    |   bond length
------------------------------------------------------------------------
   0  |    -44.673    |    -44.686    |       C       |           
   1  |    -44.669    |    -44.686    |       C       |           
   2  |    -42.318    |    -42.716    |       C       |           
   3  |    -42.303    |    -42.716    |       C       |           
   4  |    -42.568    |    -42.716    |       C       |           
   5  |    -42.571    |    -42.716    |       C       |           
   6  |    -42.284    |    -41.885    |       C       |           
   7  |    -42.312    |    -41.885    |       C       |           
   8  |    -42.033    |    -41.885    |       C       |           
   9  |    -42.047    |    -41.885    |       C       |           
  10  |    -19.759    |    -38.572    |     C & C     |      1.434
  11  |    -18.635    |    -34.944    |     C & C     |      1.376
  12  |    -18.835    |    -34.944    |     C & C     |      1.376
  13  |    -18.583    |    -34.625    |     C & C     |      1.376
  14  |    -18.085    |    -34.625    |     C & C     |      1.376
  15  |    -17.549    |    -19.715    |     C & C     |      1.421
  16  |    -17.708    |    -19.715    |     C & C     |      1.421
  17  |    -17.638    |    -19.715    |     C & C     |      1.421
  18  |    -16.294    |    -19.715    |     C & C     |      1.421
  19  |    -16.574    |    -18.036    |     C & C     |      1.417
  20  |    -16.820    |    -18.036    |     C & C     |      1.417
  21  |    -15.979    |    -15.490    |     C & H     |      1.087
  22  |    -17.460    |    -15.490    |     C & H     |      1.087
  23  |    -17.823    |    -15.490    |     C & H     |      1.087
  24  |    -16.542    |    -15.490    |     C & H     |      1.087
  25  |    -15.673    |    -14.534    |     C & H     |      1.086
  26  |    -17.307    |    -14.534    |     C & H     |      1.086
  27  |    -16.068    |    -14.534    |     C & H     |      1.086
  28  |    -17.016    |    -14.534    |     C & H     |      1.086
  29  |    -16.836    |
  30  |    -16.116    |
  31  |    -16.731    |
  32  |    -16.652    |
  33  |    -16.050    |
------------------------------------------------------------------------
------------------------------------------------------------------------
  sum |   -840.511    |   -840.511    |
------------------------------------------------------------------------
  nuc |   +457.291    |   +457.291    |
------------------------------------------------------------------------
------------------------------------------------------------------------
  sum |   -383.22068  |   -383.22068  |

 *** HF reference energy = -383.22068


