

 system info:
 ------------
 molecule          = c14h10
 point group       = D2h
 basis set         = 631g

 localization      = ibo
 assignment        = iao

 electrons         = 94
 occupied orbitals = 47
 virtual orbitals  = 99
 total orbitals    = 146

 git version: ebdce016cf723524ee074cb4082635535bfada32


 ** hartree-fock

  MO  |   canonical   |   localized   |     atom(s)    |   bond length
------------------------------------------------------------------------
   0  |    -47.632    |    -47.646    |       C       |           
   1  |    -47.640    |    -47.646    |       C       |           
   2  |    -47.628    |    -47.646    |       C       |           
   3  |    -47.638    |    -47.646    |       C       |           
   4  |    -46.540    |    -46.562    |       C       |           
   5  |    -46.433    |    -46.562    |       C       |           
   6  |    -44.522    |    -45.017    |       C       |           
   7  |    -44.658    |    -45.017    |       C       |           
   8  |    -44.823    |    -45.017    |       C       |           
   9  |    -44.855    |    -45.017    |       C       |           
  10  |    -44.350    |    -43.932    |     C & C     |      1.400
  11  |    -44.352    |    -43.932    |     C & C     |      1.400
  12  |    -44.050    |    -43.848    |       C       |           
  13  |    -44.051    |    -43.848    |       C       |           
  14  |    -22.973    |    -43.848    |       C       |           
  15  |    -21.780    |    -43.848    |       C       |           
  16  |    -21.316    |    -43.730    |     C & C     |      1.400
  17  |    -22.022    |    -39.193    |     C & C     |      1.370
  18  |    -20.977    |    -39.193    |     C & C     |      1.370
  19  |    -21.593    |    -38.931    |     C & C     |      1.370
  20  |    -20.910    |    -38.931    |     C & C     |      1.370
  21  |    -20.676    |    -23.727    |     C & C     |      1.445
  22  |    -20.791    |    -23.727    |     C & C     |      1.445
  23  |    -20.797    |    -23.138    |     C & C     |      1.400
  24  |    -19.954    |    -22.297    |     C & C     |      1.430
  25  |    -19.519    |    -22.297    |     C & C     |      1.430
  26  |    -19.759    |    -22.297    |     C & C     |      1.430
  27  |    -19.541    |    -22.297    |     C & C     |      1.430
  28  |    -18.621    |    -19.978    |     C & C     |      1.426
  29  |    -19.207    |    -19.978    |     C & C     |      1.426
  30  |    -19.094    |    -19.091    |     C & H     |      1.088
  31  |    -20.722    |    -19.091    |     C & H     |      1.088
  32  |    -18.930    |    -17.729    |     C & H     |      1.087
  33  |    -19.426    |    -17.729    |     C & H     |      1.087
  34  |    -21.045    |    -17.729    |     C & H     |      1.087
  35  |    -19.079    |    -17.729    |     C & H     |      1.087
  36  |    -20.506    |    -16.335    |     C & H     |      1.086
  37  |    -18.432    |    -16.335    |     C & H     |      1.086
  38  |    -19.215    |    -16.335    |     C & H     |      1.086
  39  |    -18.910    |    -16.335    |     C & H     |      1.086
  40  |    -20.230    |
  41  |    -19.920    |
  42  |    -18.751    |
  43  |    -19.908    |
  44  |    -18.758    |
  45  |    -19.740    |
  46  |    -18.916    |
------------------------------------------------------------------------
------------------------------------------------------------------------
  sum |  -1301.187    |  -1301.187    |
------------------------------------------------------------------------
  nuc |   +765.377    |   +765.377    |
------------------------------------------------------------------------
------------------------------------------------------------------------
  sum |   -535.80935  |   -535.80935  |

 *** HF reference energy = -535.80935


