

 system info:
 ------------
 molecule          = c18h12
 point group       = D2h
 basis set         = 631g

 localization      = ibo
 assignment        = iao

 electrons         = 120
 occupied orbitals = 60
 virtual orbitals  = 126
 total orbitals    = 186

 git version: ebdce016cf723524ee074cb4082635535bfada32


 ** hartree-fock

  MO  |   canonical   |   localized   |     atom(s)    |   bond length
------------------------------------------------------------------------
   0  |    -50.593    |    -50.605    |       C       |           
   1  |    -49.592    |    -50.605    |       C       |           
   2  |    -49.594    |    -49.601    |       C       |           
   3  |    -50.583    |    -49.601    |       C       |           
   4  |    -49.589    |    -49.601    |       C       |           
   5  |    -49.598    |    -49.601    |       C       |           
   6  |    -48.873    |    -49.338    |     C & C     |      1.410
   7  |    -48.872    |    -48.875    |       C       |           
   8  |    -48.885    |    -48.875    |       C       |           
   9  |    -48.880    |    -48.875    |       C       |           
  10  |    -46.086    |    -48.875    |       C       |           
  11  |    -46.088    |    -48.179    |     C & C     |      1.393
  12  |    -46.427    |    -48.179    |     C & C     |      1.393
  13  |    -46.428    |    -48.136    |     C & C     |      1.393
  14  |    -45.893    |    -48.136    |     C & C     |      1.393
  15  |    -45.893    |    -46.660    |       C       |           
  16  |    -45.552    |    -46.660    |       C       |           
  17  |    -45.552    |    -46.660    |       C       |           
  18  |    -25.510    |    -46.660    |       C       |           
  19  |    -24.291    |    -45.307    |       C       |           
  20  |    -23.811    |    -45.307    |       C       |           
  21  |    -24.543    |    -45.307    |       C       |           
  22  |    -23.528    |    -45.307    |       C       |           
  23  |    -23.451    |    -42.268    |     C & C     |      1.367
  24  |    -24.015    |    -42.268    |     C & C     |      1.367
  25  |    -23.033    |    -42.061    |     C & C     |      1.367
  26  |    -23.245    |    -42.061    |     C & C     |      1.367
  27  |    -23.237    |    -26.683    |     C & C     |      1.453
  28  |    -23.257    |    -25.721    |     C & C     |      1.410
  29  |    -22.051    |    -25.721    |     C & C     |      1.410
  30  |    -23.542    |    -25.721    |     C & C     |      1.410
  31  |    -22.311    |    -25.669    |     C & C     |      1.452
  32  |    -22.036    |    -25.669    |     C & C     |      1.452
  33  |    -21.996    |    -24.078    |     C & C     |      1.434
  34  |    -22.836    |    -24.078    |     C & C     |      1.434
  35  |    -21.398    |    -24.078    |     C & C     |      1.434
  36  |    -20.625    |    -24.078    |     C & C     |      1.434
  37  |    -21.554    |    -21.426    |     C & C     |      1.430
  38  |    -20.625    |    -21.426    |     C & C     |      1.430
  39  |    -22.847    |    -21.338    |     C & H     |      1.088
  40  |    -22.051    |    -21.338    |     C & H     |      1.088
  41  |    -20.936    |    -21.338    |     C & H     |      1.088
  42  |    -20.723    |    -21.338    |     C & H     |      1.088
  43  |    -22.517    |    -19.349    |     C & H     |      1.087
  44  |    -23.332    |    -19.349    |     C & H     |      1.087
  45  |    -21.913    |    -19.349    |     C & H     |      1.087
  46  |    -23.037    |    -19.349    |     C & H     |      1.087
  47  |    -20.732    |    -17.702    |     C & H     |      1.086
  48  |    -21.740    |    -17.702    |     C & H     |      1.086
  49  |    -21.271    |    -17.702    |     C & H     |      1.086
  50  |    -22.793    |    -17.702    |     C & H     |      1.086
  51  |    -21.240    |
  52  |    -22.369    |
  53  |    -21.169    |
  54  |    -22.434    |
  55  |    -20.971    |
  56  |    -21.225    |
  57  |    -20.789    |
  58  |    -22.243    |
  59  |    -21.307    |
------------------------------------------------------------------------
------------------------------------------------------------------------
  sum |  -1801.514    |  -1801.514    |
------------------------------------------------------------------------
  nuc |  +1113.120    |  +1113.120    |
------------------------------------------------------------------------
------------------------------------------------------------------------
  sum |   -688.39389  |   -688.39389  |

 *** HF reference energy = -688.39389


