

 system info:
 ------------
 molecule          = c18h12
 point group       = D2h
 basis set         = 631g

 localization      = pm
 assignment        = meta_lowdin

 electrons         = 120
 occupied orbitals = 60
 virtual orbitals  = 126
 total orbitals    = 186

 git version: 23d65a36c0953ba2c2f203e791c4e1a9fa75f3fd


 ** hartree-fock

  MO  |   canonical   |   localized   |     atom(s)    |   bond length
------------------------------------------------------------------------
   0  |    -50.593    |    -48.875    |       C       |           
   1  |    -49.592    |    -48.146    |     C & C     |      1.393
   2  |    -49.594    |    -25.722    |     C & C     |      1.410
   3  |    -50.583    |    -21.330    |     C & H     |      1.088
   4  |    -49.589    |    -49.601    |       C       |           
   5  |    -49.598    |    -25.679    |     C & C     |      1.452
   6  |    -48.873    |    -24.080    |     C & C     |      1.434
   7  |    -48.872    |    -49.601    |       C       |           
   8  |    -48.885    |    -48.158    |     C & C     |      1.393
   9  |    -48.880    |    -24.079    |     C & C     |      1.434
  10  |    -46.086    |    -48.875    |       C       |           
  11  |    -46.088    |    -25.722    |     C & C     |      1.410
  12  |    -46.427    |    -21.330    |     C & H     |      1.088
  13  |    -46.428    |    -50.605    |       C       |           
  14  |    -45.893    |    -50.463    |     C & C     |      1.453
  15  |    -45.893    |    -25.722    |     C & C     |      1.410
  16  |    -45.552    |    -50.605    |       C       |           
  17  |    -45.552    |    -25.722    |     C & C     |      1.410
  18  |    -25.510    |    -48.875    |       C       |           
  19  |    -24.291    |    -48.146    |     C & C     |      1.393
  20  |    -23.811    |    -21.330    |     C & H     |      1.088
  21  |    -24.543    |    -49.601    |       C       |           
  22  |    -23.528    |    -25.679    |     C & C     |      1.452
  23  |    -23.451    |    -24.080    |     C & C     |      1.434
  24  |    -24.015    |    -49.601    |       C       |           
  25  |    -23.033    |    -48.158    |     C & C     |      1.393
  26  |    -23.245    |    -24.080    |     C & C     |      1.434
  27  |    -23.237    |    -48.875    |       C       |           
  28  |    -23.257    |    -21.330    |     C & H     |      1.088
  29  |    -22.051    |    -46.660    |       C       |           
  30  |    -23.542    |    -42.138    |     C & C     |      1.367
  31  |    -22.311    |    -19.340    |     C & H     |      1.087
  32  |    -22.036    |    -45.307    |       C       |           
  33  |    -21.996    |    -21.433    |     C & C     |      1.430
  34  |    -22.836    |    -17.692    |     C & H     |      1.086
  35  |    -21.398    |    -45.307    |       C       |           
  36  |    -20.625    |    -42.154    |     C & C     |      1.367
  37  |    -21.554    |    -17.692    |     C & H     |      1.086
  38  |    -20.625    |    -46.660    |       C       |           
  39  |    -22.847    |    -19.340    |     C & H     |      1.087
  40  |    -22.051    |    -46.660    |       C       |           
  41  |    -20.936    |    -42.137    |     C & C     |      1.367
  42  |    -20.723    |    -19.340    |     C & H     |      1.087
  43  |    -22.517    |    -45.307    |       C       |           
  44  |    -23.332    |    -21.433    |     C & C     |      1.430
  45  |    -21.913    |    -17.692    |     C & H     |      1.086
  46  |    -23.037    |    -45.307    |       C       |           
  47  |    -20.732    |    -42.154    |     C & C     |      1.367
  48  |    -21.740    |    -17.692    |     C & H     |      1.086
  49  |    -21.271    |    -46.660    |       C       |           
  50  |    -22.793    |    -19.340    |     C & H     |      1.087
  51  |    -21.240    |
  52  |    -22.369    |
  53  |    -21.169    |
  54  |    -22.434    |
  55  |    -20.971    |
  56  |    -21.225    |
  57  |    -20.789    |
  58  |    -22.243    |
  59  |    -21.307    |
------------------------------------------------------------------------
------------------------------------------------------------------------
  sum |  -1801.514    |  -1801.514    |
------------------------------------------------------------------------
  nuc |  +1113.120    |  +1113.120    |
------------------------------------------------------------------------
------------------------------------------------------------------------
  sum |   -688.39389  |   -688.39389  |

 *** HF reference energy = -688.39389


