

 system info:
 ------------
 molecule          = c22h14
 point group       = D2h
 basis set         = 631g

 localization      = ibo
 assignment        = iao

 electrons         = 146
 occupied orbitals = 73
 virtual orbitals  = 153
 total orbitals    = 226

 git version: 23d65a36c0953ba2c2f203e791c4e1a9fa75f3fd


 ** hartree-fock

  MO  |   canonical   |   localized   |     atom(s)    |   bond length
------------------------------------------------------------------------
   0  |    -52.544    |    -50.523    |       C       |           
   1  |    -52.553    |    -51.339    |     C & C     |      1.389
   2  |    -52.538    |    -27.502    |     C & C     |      1.415
   3  |    -51.047    |    -22.962    |     C & H     |      1.088
   4  |    -51.047    |    -51.054    |       C       |           
   5  |    -52.548    |    -27.116    |     C & C     |      1.455
   6  |    -51.047    |    -25.434    |     C & C     |      1.436
   7  |    -51.048    |    -51.054    |       C       |           
   8  |    -51.191    |    -51.229    |     C & C     |      1.389
   9  |    -51.193    |    -25.434    |     C & C     |      1.436
  10  |    -50.527    |    -50.523    |       C       |           
  11  |    -50.541    |    -27.502    |     C & C     |      1.415
  12  |    -50.525    |    -22.962    |     C & H     |      1.088
  13  |    -50.534    |    -52.559    |       C       |           
  14  |    -47.299    |    -28.631    |     C & C     |      1.457
  15  |    -47.299    |    -53.458    |     C & C     |      1.402
  16  |    -47.670    |    -52.559    |       C       |           
  17  |    -47.670    |    -53.161    |     C & C     |      1.402
  18  |    -47.114    |    -51.194    |       C       |           
  19  |    -47.114    |    -27.869    |     C & C     |      1.402
  20  |    -46.744    |    -23.589    |     C & H     |      1.087
  21  |    -46.744    |    -52.559    |       C       |           
  22  |    -27.595    |    -28.631    |     C & C     |      1.457
  23  |    -26.366    |    -27.502    |     C & C     |      1.415
  24  |    -25.887    |    -52.559    |       C       |           
  25  |    -25.608    |    -53.458    |     C & C     |      1.402
  26  |    -26.622    |    -27.502    |     C & C     |      1.415
  27  |    -25.392    |    -51.194    |       C       |           
  28  |    -25.510    |    -23.589    |     C & H     |      1.087
  29  |    -25.051    |    -47.935    |       C       |           
  30  |    -26.035    |    -44.684    |     C & C     |      1.365
  31  |    -24.843    |    -20.614    |     C & H     |      1.087
  32  |    -25.227    |    -46.466    |       C       |           
  33  |    -25.380    |    -22.580    |     C & C     |      1.433
  34  |    -25.308    |    -18.803    |     C & H     |      1.086
  35  |    -24.334    |    -46.466    |       C       |           
  36  |    -25.113    |    -44.511    |     C & C     |      1.365
  37  |    -24.408    |    -18.803    |     C & H     |      1.086
  38  |    -24.256    |    -47.935    |       C       |           
  39  |    -24.101    |    -20.614    |     C & H     |      1.087
  40  |    -23.595    |    -50.523    |       C       |           
  41  |    -24.272    |    -51.339    |     C & C     |      1.389
  42  |    -23.929    |    -22.962    |     C & H     |      1.088
  43  |    -23.133    |    -51.054    |       C       |           
  44  |    -23.785    |    -27.116    |     C & C     |      1.455
  45  |    -22.916    |    -25.434    |     C & C     |      1.436
  46  |    -23.616    |    -51.054    |       C       |           
  47  |    -22.578    |    -51.229    |     C & C     |      1.389
  48  |    -24.964    |    -25.434    |     C & C     |      1.436
  49  |    -23.936    |    -50.523    |       C       |           
  50  |    -22.799    |    -22.962    |     C & H     |      1.088
  51  |    -22.638    |    -47.935    |       C       |           
  52  |    -24.054    |    -44.684    |     C & C     |      1.365
  53  |    -23.442    |    -20.614    |     C & H     |      1.087
  54  |    -25.904    |    -46.466    |       C       |           
  55  |    -23.410    |    -22.580    |     C & C     |      1.433
  56  |    -25.121    |    -18.803    |     C & H     |      1.086
  57  |    -23.830    |    -46.466    |       C       |           
  58  |    -23.265    |    -44.511    |     C & C     |      1.365
  59  |    -22.714    |    -18.803    |     C & H     |      1.086
  60  |    -23.177    |    -47.935    |       C       |           
  61  |    -23.266    |    -20.614    |     C & H     |      1.087
  62  |    -24.920    |
  63  |    -23.187    |
  64  |    -24.391    |
  65  |    -22.925    |
  66  |    -24.518    |
  67  |    -23.301    |
  68  |    -22.876    |
  69  |    -22.779    |
  70  |    -24.337    |
  71  |    -22.604    |
  72  |    -23.341    |
------------------------------------------------------------------------
------------------------------------------------------------------------
  sum |  -2333.096    |  -2333.096    |
------------------------------------------------------------------------
  nuc |  +1492.120    |  +1492.120    |
------------------------------------------------------------------------
------------------------------------------------------------------------
  sum |   -840.97621  |   -840.97621  |

 *** HF reference energy = -840.97621


