

 system info:
 ------------
 molecule          = c26h16
 point group       = D2h
 basis set         = 631g

 localization      = ibo
 assignment        = iao

 electrons         = 172
 occupied orbitals = 86
 virtual orbitals  = 180
 total orbitals    = 266

 git version: d326bf8c498e3630e9c26b36a464faf8ddae30c4


 ** hartree-fock

  MO  |   canonical   |   localized   |     atom(s)    |   bond length
------------------------------------------------------------------------
   0  |    -54.485    |    -57.136    |     C & C     |      1.407
   1  |    -54.461    |    -56.482    |     C & C     |      1.401
   2  |    -54.025    |    -56.482    |     C & C     |      1.401
   3  |    -54.008    |    -56.346    |     C & C     |      1.401
   4  |    -53.998    |    -56.346    |     C & C     |      1.401
   5  |    -53.993    |    -54.506    |       C       |           
   6  |    -52.850    |    -54.506    |       C       |           
   7  |    -52.847    |    -54.008    |       C       |           
   8  |    -52.838    |    -54.008    |       C       |           
   9  |    -52.838    |    -54.008    |       C       |           
  10  |    -52.203    |    -54.008    |       C       |           
  11  |    -52.202    |    -53.784    |     C & C     |      1.390
  12  |    -52.202    |    -53.784    |     C & C     |      1.390
  13  |    -52.202    |    -53.644    |     C & C     |      1.390
  14  |    -51.808    |    -53.644    |     C & C     |      1.390
  15  |    -51.808    |    -52.836    |       C       |           
  16  |    -51.806    |    -52.836    |       C       |           
  17  |    -51.805    |    -52.836    |       C       |           
  18  |    -48.691    |    -52.836    |       C       |           
  19  |    -48.691    |    -52.209    |       C       |           
  20  |    -48.290    |    -52.209    |       C       |           
  21  |    -48.290    |    -52.209    |       C       |           
  22  |    -48.124    |    -52.209    |       C       |           
  23  |    -48.124    |    -51.799    |       C       |           
  24  |    -47.724    |    -51.799    |       C       |           
  25  |    -47.724    |    -51.799    |       C       |           
  26  |    -29.340    |    -51.799    |       C       |           
  27  |    -28.381    |    -48.978    |       C       |           
  28  |    -28.120    |    -48.978    |       C       |           
  29  |    -27.722    |    -48.978    |       C       |           
  30  |    -27.663    |    -48.978    |       C       |           
  31  |    -27.657    |    -47.426    |       C       |           
  32  |    -27.385    |    -47.426    |       C       |           
  33  |    -27.260    |    -47.426    |       C       |           
  34  |    -27.235    |    -47.426    |       C       |           
  35  |    -27.214    |    -46.680    |     C & C     |      1.366
  36  |    -27.007    |    -46.680    |     C & C     |      1.366
  37  |    -26.980    |    -46.518    |     C & C     |      1.366
  38  |    -26.947    |    -46.518    |     C & C     |      1.366
  39  |    -26.935    |    -30.575    |     C & C     |      1.461
  40  |    -26.912    |    -30.079    |     C & C     |      1.459
  41  |    -26.872    |    -30.079    |     C & C     |      1.459
  42  |    -26.787    |    -29.644    |     C & C     |      1.407
  43  |    -26.750    |    -29.644    |     C & C     |      1.407
  44  |    -26.725    |    -29.644    |     C & C     |      1.407
  45  |    -26.528    |    -28.862    |     C & C     |      1.415
  46  |    -26.460    |    -28.862    |     C & C     |      1.415
  47  |    -26.287    |    -28.862    |     C & C     |      1.415
  48  |    -26.274    |    -28.862    |     C & C     |      1.415
  49  |    -26.207    |    -28.275    |     C & C     |      1.455
  50  |    -26.123    |    -28.275    |     C & C     |      1.455
  51  |    -26.098    |    -26.535    |     C & C     |      1.435
  52  |    -25.864    |    -26.535    |     C & C     |      1.435
  53  |    -25.835    |    -26.535    |     C & C     |      1.435
  54  |    -25.750    |    -26.535    |     C & C     |      1.435
  55  |    -25.717    |    -25.209    |     C & H     |      1.087
  56  |    -25.710    |    -25.209    |     C & H     |      1.087
  57  |    -25.598    |    -25.209    |     C & H     |      1.087
  58  |    -25.586    |    -25.209    |     C & H     |      1.087
  59  |    -25.441    |    -24.227    |     C & H     |      1.087
  60  |    -25.297    |    -24.227    |     C & H     |      1.087
  61  |    -25.286    |    -24.227    |     C & H     |      1.087
  62  |    -25.103    |    -24.227    |     C & H     |      1.087
  63  |    -25.071    |    -23.543    |     C & C     |      1.432
  64  |    -25.062    |    -23.543    |     C & C     |      1.432
  65  |    -25.005    |    -21.650    |     C & H     |      1.087
  66  |    -24.980    |    -21.650    |     C & H     |      1.087
  67  |    -24.940    |    -21.650    |     C & H     |      1.087
  68  |    -24.939    |    -21.650    |     C & H     |      1.087
  69  |    -24.917    |    -19.722    |     C & H     |      1.086
  70  |    -24.914    |    -19.722    |     C & H     |      1.086
  71  |    -24.860    |    -19.722    |     C & H     |      1.086
  72  |    -24.848    |    -19.722    |     C & H     |      1.086
  73  |    -24.816    |
  74  |    -24.724    |
  75  |    -24.715    |
  76  |    -24.534    |
  77  |    -24.524    |
  78  |    -24.513    |
  79  |    -24.501    |
  80  |    -24.441    |
  81  |    -24.260    |
  82  |    -24.234    |
  83  |    -24.230    |
  84  |    -24.208    |
  85  |    -23.873    |
------------------------------------------------------------------------
------------------------------------------------------------------------
  sum |  -2890.202    |  -2890.202    |
------------------------------------------------------------------------
  nuc |  +1896.646    |  +1896.646    |
------------------------------------------------------------------------
------------------------------------------------------------------------
  sum |   -993.55619  |   -993.55619  |

 *** HF reference energy = -993.55619


