

 system info:
 ------------
 molecule          = h2o
 point group       = C2v
 basis set         = ccpvdz

 localization      = ibo
 assignment        = iao
 xc functional     = pbe

 electrons         = 10
 occupied orbitals = 5
 virtual orbitals  = 19
 total orbitals    = 24

 git version: 6ffb74d1558618696df1601a384a1915186eee3a




 ** hartree-fock
 ---------------

------------------------------------------------------------------------
                         ground-state energy                          
------------------------------------------------------------------------
  MO  |   canonical   |   localized   |     atom(s)   |   bond length
------------------------------------------------------------------------
------------------------------------------------------------------------
   0  |    -53.426    |    -69.173    |       O       |           
   1  |     -8.924    |     -7.224    |     H & O     |      1.150
   2  |     -7.477    |     -7.224    |     O & H     |      1.150
   3  |     -7.035    |
   4  |     -6.760    |
------------------------------------------------------------------------
------------------------------------------------------------------------
  sum |    -83.622    |    -83.622    |
------------------------------------------------------------------------
  nuc |     +7.654    |     +7.654    |
------------------------------------------------------------------------
------------------------------------------------------------------------
  tot |    -75.96775  |    -75.96775  |

 *** HF reference energy = -75.96775


----------------------------------------------------------------------------------------------------------------
                                     ground-state dipole moment                                     
----------------------------------------------------------------------------------------------------------------
  MO  |             canonical             |            localized              |     atom(s)   |   bond length
----------------------------------------------------------------------------------------------------------------
      |     x     /     y     /     z     |     x     /     y     /     z     |
----------------------------------------------------------------------------------------------------------------
----------------------------------------------------------------------------------------------------------------
   0  |    0.000  /    0.000  /    0.534  |    0.000  /    0.000  /    2.667  |       O       |           
   1  |    0.000  /    0.000  /    0.071  |   -1.740  /    0.000  /   -0.901  |     H & O     |      1.150
   2  |    0.000  /    0.000  /    0.469  |    1.740  /    0.000  /   -0.901  |     O & H     |      1.150
   3  |    0.000  /    0.000  /    0.279  |
   4  |    0.000  /    0.000  /   -0.488  |
----------------------------------------------------------------------------------------------------------------
----------------------------------------------------------------------------------------------------------------
  sum |    0.000  /    0.000  /    0.865  |    0.000  /    0.000  /    0.865  |
----------------------------------------------------------------------------------------------------------------
  nuc |    0.000  /    0.000  /    0.000  |    0.000  /    0.000  /    0.000  |
----------------------------------------------------------------------------------------------------------------
----------------------------------------------------------------------------------------------------------------
  tot |    0.000  /    0.000  /   -0.865  |    0.000  /    0.000  /   -0.865  |

 *** HF reference dipole moment =    0.000  /    0.000  /   -0.865




 ** dft
 ------

------------------------------------------------------------------------
                         ground-state energy                          
------------------------------------------------------------------------
  MO  |   canonical   |   localized   |     atom(s)   |   bond length
------------------------------------------------------------------------
------------------------------------------------------------------------
   0  |    -48.524    |    -62.196    |       O       |           
   1  |     -7.706    |     -6.315    |     O & H     |      1.150
   2  |     -6.483    |     -6.315    |     H & O     |      1.150
   3  |     -6.154    |
   4  |     -5.957    |
------------------------------------------------------------------------
------------------------------------------------------------------------
  sum |    -74.825    |    -74.825    |
------------------------------------------------------------------------
  nuc |     +7.654    |     +7.654    |
  xc  |     -9.127    |     -9.127    |
------------------------------------------------------------------------
------------------------------------------------------------------------
  tot |    -76.29814  |    -76.29814  |

 *** DFT reference energy = -76.29814


----------------------------------------------------------------------------------------------------------------
                                     ground-state dipole moment                                     
----------------------------------------------------------------------------------------------------------------
  MO  |             canonical             |            localized              |     atom(s)   |   bond length
----------------------------------------------------------------------------------------------------------------
      |     x     /     y     /     z     |     x     /     y     /     z     |
----------------------------------------------------------------------------------------------------------------
----------------------------------------------------------------------------------------------------------------
   0  |    0.000  /    0.000  /    0.534  |    0.000  /    0.000  /    2.596  |       O       |           
   1  |    0.000  /    0.000  /   -0.119  |    1.755  /    0.000  /   -0.929  |     O & H     |      1.150
   2  |    0.000  /    0.000  /    0.459  |   -1.755  /    0.000  /   -0.929  |     H & O     |      1.150
   3  |    0.000  /    0.000  /    0.390  |
   4  |    0.000  /    0.000  /   -0.526  |
----------------------------------------------------------------------------------------------------
----------------------------------------------------------------------------------------------------
  sum |    0.000  /    0.000  /    0.738  |    0.000  /    0.000  /    0.738  |
----------------------------------------------------------------------------------------------------
  nuc |    0.000  /    0.000  /    0.000  |    0.000  /    0.000  /    0.000  |
----------------------------------------------------------------------------------------------------
----------------------------------------------------------------------------------------------------
  tot |    0.000  /    0.000  /   -0.738  |    0.000  /    0.000  /   -0.738  |

 *** DFT reference dipole moment =    0.000  /    0.000  /   -0.738


