

 system info:
 ------------
 molecule          = c10h22
 point group       = C1
 basis set         = 631g

 localization      = ibo
 assignment        = iao

 electrons         = 82
 occupied orbitals = 41
 virtual orbitals  = 93
 total orbitals    = 134

 git version: fafabb1a06b23cfb5efc7de7920321bdfea09cfd


 ** hartree-fock

  MO  |   canonical   |   localized   |     atom(s)    |   bond length
------------------------------------------------------------------------
   0  |    -42.952    |    -43.128    |       C       |           
   1  |    -42.942    |    -43.128    |       C       |           
   2  |    -42.701    |    -42.867    |       C       |           
   3  |    -42.685    |    -42.867    |       C       |           
   4  |    -42.647    |    -42.306    |       C       |           
   5  |    -42.641    |    -42.306    |       C       |           
   6  |    -41.188    |    -41.175    |       C       |           
   7  |    -41.188    |    -41.175    |       C       |           
   8  |    -39.216    |    -39.212    |       C       |           
   9  |    -39.216    |    -39.212    |       C       |           
  10  |    -18.357    |    -18.933    |     C & C     |      1.522
  11  |    -17.535    |    -18.806    |     C & C     |      1.522
  12  |    -17.308    |    -18.806    |     C & C     |      1.522
  13  |    -17.175    |    -18.399    |     C & C     |      1.522
  14  |    -16.945    |    -18.399    |     C & C     |      1.522
  15  |    -16.896    |    -17.582    |     C & C     |      1.523
  16  |    -16.625    |    -17.582    |     C & C     |      1.523
  17  |    -16.360    |    -16.669    |     C & H     |      1.092
  18  |    -16.333    |    -16.669    |     C & H     |      1.092
  19  |    -16.264    |    -16.669    |     C & H     |      1.092
  20  |    -16.137    |    -16.669    |     C & H     |      1.092
  21  |    -16.036    |    -16.412    |     C & H     |      1.092
  22  |    -16.006    |    -16.412    |     C & H     |      1.092
  23  |    -15.992    |    -16.412    |     C & H     |      1.092
  24  |    -15.909    |    -16.412    |     C & H     |      1.092
  25  |    -15.741    |    -16.047    |     C & C     |      1.522
  26  |    -15.631    |    -16.047    |     C & C     |      1.522
  27  |    -15.599    |    -15.889    |     C & H     |      1.092
  28  |    -15.576    |    -15.889    |     C & H     |      1.092
  29  |    -15.574    |    -15.889    |     C & H     |      1.092
  30  |    -15.526    |    -15.889    |     C & H     |      1.092
  31  |    -15.377    |    -14.814    |     C & H     |      1.091
  32  |    -15.363    |    -14.814    |     C & H     |      1.091
  33  |    -15.353    |    -14.814    |     C & H     |      1.091
  34  |    -15.273    |    -14.814    |     C & H     |      1.091
  35  |    -15.082    |    -13.212    |     C & H     |      1.089
  36  |    -14.999    |    -13.212    |     C & H     |      1.089
  37  |    -14.933    |    -13.212    |     C & H     |      1.089
  38  |    -14.792    |    -13.212    |     C & H     |      1.089
  39  |    -14.685    |    -12.740    |     C & H     |      1.088
  40  |    -14.680    |    -12.740    |     C & H     |      1.088
------------------------------------------------------------------------
------------------------------------------------------------------------
  sum |   -911.436    |   -911.436    |
------------------------------------------------------------------------
  nuc |   +520.092    |   +520.092    |
------------------------------------------------------------------------
------------------------------------------------------------------------
  sum |   -391.34457  |   -391.34457  |

 *** HF reference energy = -391.34457


