

 system info:
 ------------
 molecule          = c11h24
 point group       = C1
 basis set         = 631g

 localization      = ibo
 assignment        = iao

 electrons         = 90
 occupied orbitals = 45
 virtual orbitals  = 102
 total orbitals    = 147

 git version: fafabb1a06b23cfb5efc7de7920321bdfea09cfd


 ** hartree-fock

  MO  |   canonical   |   localized   |     atom(s)    |   bond length
------------------------------------------------------------------------
   0  |    -43.572    |    -43.768    |       C       |           
   1  |    -43.497    |    -43.670    |       C       |           
   2  |    -43.280    |    -43.670    |       C       |           
   3  |    -43.233    |    -43.331    |       C       |           
   4  |    -43.202    |    -43.331    |       C       |           
   5  |    -43.195    |    -42.715    |       C       |           
   6  |    -43.185    |    -42.715    |       C       |           
   7  |    -41.552    |    -41.538    |       C       |           
   8  |    -41.552    |    -41.538    |       C       |           
   9  |    -39.544    |    -39.540    |       C       |           
  10  |    -39.544    |    -39.540    |       C       |           
  11  |    -18.969    |    -19.523    |     C & C     |      1.522
  12  |    -18.155    |    -19.523    |     C & C     |      1.522
  13  |    -17.974    |    -19.307    |     C & C     |      1.522
  14  |    -17.812    |    -19.307    |     C & C     |      1.522
  15  |    -17.557    |    -18.834    |     C & C     |      1.522
  16  |    -17.314    |    -18.834    |     C & C     |      1.522
  17  |    -17.061    |    -17.967    |     C & C     |      1.523
  18  |    -17.006    |    -17.967    |     C & C     |      1.523
  19  |    -16.965    |    -17.297    |     C & H     |      1.092
  20  |    -16.832    |    -17.297    |     C & H     |      1.092
  21  |    -16.804    |    -17.208    |     C & H     |      1.092
  22  |    -16.770    |    -17.208    |     C & H     |      1.092
  23  |    -16.749    |    -17.208    |     C & H     |      1.092
  24  |    -16.745    |    -17.208    |     C & H     |      1.092
  25  |    -16.517    |    -16.872    |     C & H     |      1.092
  26  |    -16.479    |    -16.872    |     C & H     |      1.092
  27  |    -16.413    |    -16.872    |     C & H     |      1.092
  28  |    -16.389    |    -16.872    |     C & H     |      1.092
  29  |    -16.213    |    -16.392    |     C & C     |      1.522
  30  |    -16.197    |    -16.392    |     C & C     |      1.522
  31  |    -16.180    |    -16.297    |     C & H     |      1.092
  32  |    -16.173    |    -16.297    |     C & H     |      1.092
  33  |    -16.114    |    -16.297    |     C & H     |      1.092
  34  |    -16.035    |    -16.297    |     C & H     |      1.092
  35  |    -15.934    |    -15.175    |     C & H     |      1.091
  36  |    -15.882    |    -15.175    |     C & H     |      1.091
  37  |    -15.865    |    -15.175    |     C & H     |      1.091
  38  |    -15.697    |    -15.175    |     C & H     |      1.091
  39  |    -15.607    |    -13.539    |     C & H     |      1.089
  40  |    -15.551    |    -13.539    |     C & H     |      1.089
  41  |    -15.420    |    -13.539    |     C & H     |      1.089
  42  |    -15.291    |    -13.539    |     C & H     |      1.089
  43  |    -15.224    |    -13.053    |     C & H     |      1.088
  44  |    -15.213    |    -13.053    |     C & H     |      1.088
------------------------------------------------------------------------
------------------------------------------------------------------------
  sum |  -1026.467    |  -1026.467    |
------------------------------------------------------------------------
  nuc |   +596.104    |   +596.104    |
------------------------------------------------------------------------
------------------------------------------------------------------------
  sum |   -430.36293  |   -430.36293  |

 *** HF reference energy = -430.36293


