

 system info:
 ------------
 molecule          = c12h26
 point group       = C1
 basis set         = 631g

 localization      = ibo
 assignment        = iao

 electrons         = 98
 occupied orbitals = 49
 virtual orbitals  = 111
 total orbitals    = 160

 git version: 530720869e1e2db8c8d514cd348e1ad7be7c8dcd


 ** hartree-fock

  MO  |   canonical   |   localized   |     atom(s)    |   bond length
------------------------------------------------------------------------
   0  |    -44.148    |    -44.310    |       C       |           
   1  |    -43.980    |    -44.310    |       C       |           
   2  |    -43.828    |    -44.134    |       C       |           
   3  |    -43.740    |    -44.134    |       C       |           
   4  |    -43.722    |    -43.740    |       C       |           
   5  |    -43.696    |    -43.740    |       C       |           
   6  |    -43.695    |    -43.078    |       C       |           
   7  |    -43.678    |    -43.078    |       C       |           
   8  |    -41.881    |    -41.867    |       C       |           
   9  |    -41.881    |    -41.867    |       C       |           
  10  |    -39.843    |    -39.839    |       C       |           
  11  |    -39.843    |    -39.839    |       C       |           
  12  |    -19.530    |    -20.112    |     C & C     |      1.522
  13  |    -18.722    |    -20.024    |     C & C     |      1.522
  14  |    -18.584    |    -20.024    |     C & C     |      1.522
  15  |    -18.393    |    -19.742    |     C & C     |      1.522
  16  |    -18.157    |    -19.742    |     C & C     |      1.522
  17  |    -17.938    |    -19.219    |     C & C     |      1.522
  18  |    -17.713    |    -19.219    |     C & C     |      1.522
  19  |    -17.523    |    -18.312    |     C & C     |      1.523
  20  |    -17.520    |    -18.312    |     C & C     |      1.523
  21  |    -17.475    |    -17.837    |     C & H     |      1.092
  22  |    -17.465    |    -17.837    |     C & H     |      1.092
  23  |    -17.425    |    -17.837    |     C & H     |      1.092
  24  |    -17.345    |    -17.837    |     C & H     |      1.092
  25  |    -17.230    |    -17.668    |     C & H     |      1.092
  26  |    -17.210    |    -17.668    |     C & H     |      1.092
  27  |    -17.168    |    -17.668    |     C & H     |      1.092
  28  |    -17.020    |    -17.668    |     C & H     |      1.092
  29  |    -16.956    |    -17.280    |     C & H     |      1.092
  30  |    -16.816    |    -17.280    |     C & H     |      1.092
  31  |    -16.777    |    -17.280    |     C & H     |      1.092
  32  |    -16.764    |    -17.280    |     C & H     |      1.092
  33  |    -16.741    |    -16.705    |     C & C     |      1.522
  34  |    -16.737    |    -16.705    |     C & C     |      1.522
  35  |    -16.723    |    -16.658    |     C & H     |      1.092
  36  |    -16.498    |    -16.658    |     C & H     |      1.092
  37  |    -16.490    |    -16.658    |     C & H     |      1.092
  38  |    -16.489    |    -16.658    |     C & H     |      1.092
  39  |    -16.457    |    -15.503    |     C & H     |      1.091
  40  |    -16.443    |    -15.503    |     C & H     |      1.091
  41  |    -16.262    |    -15.503    |     C & H     |      1.091
  42  |    -16.175    |    -15.503    |     C & H     |      1.091
  43  |    -16.122    |    -13.836    |     C & H     |      1.089
  44  |    -15.997    |    -13.836    |     C & H     |      1.089
  45  |    -15.872    |    -13.836    |     C & H     |      1.089
  46  |    -15.761    |    -13.836    |     C & H     |      1.089
  47  |    -15.717    |    -13.340    |     C & H     |      1.088
  48  |    -15.705    |    -13.340    |     C & H     |      1.088
------------------------------------------------------------------------
------------------------------------------------------------------------
  sum |  -1143.853    |  -1143.853    |
------------------------------------------------------------------------
  nuc |   +674.472    |   +674.472    |
------------------------------------------------------------------------
------------------------------------------------------------------------
  sum |   -469.38128  |   -469.38128  |

 *** HF reference energy = -469.38128


