

 system info:
 ------------
 molecule          = c13h28
 point group       = C1
 basis set         = 631g

 localization      = ibo
 assignment        = iao

 electrons         = 106
 occupied orbitals = 53
 virtual orbitals  = 120
 total orbitals    = 173

 git version: 530720869e1e2db8c8d514cd348e1ad7be7c8dcd


 ** hartree-fock

  MO  |   canonical   |   localized   |     atom(s)    |   bond length
------------------------------------------------------------------------
   0  |    -44.680    |    -44.853    |       C       |           
   1  |    -44.392    |    -44.774    |       C       |           
   2  |    -44.355    |    -44.774    |       C       |           
   3  |    -44.264    |    -44.543    |       C       |           
   4  |    -44.167    |    -44.543    |       C       |           
   5  |    -44.156    |    -44.103    |       C       |           
   6  |    -44.152    |    -44.103    |       C       |           
   7  |    -44.151    |    -43.406    |       C       |           
   8  |    -44.149    |    -43.406    |       C       |           
   9  |    -42.179    |    -42.165    |       C       |           
  10  |    -42.179    |    -42.165    |       C       |           
  11  |    -40.117    |    -40.113    |       C       |           
  12  |    -40.117    |    -40.113    |       C       |           
  13  |    -20.048    |    -20.613    |     C & C     |      1.522
  14  |    -19.246    |    -20.613    |     C & C     |      1.522
  15  |    -19.145    |    -20.459    |     C & C     |      1.522
  16  |    -18.926    |    -20.459    |     C & C     |      1.522
  17  |    -18.707    |    -20.128    |     C & C     |      1.522
  18  |    -18.508    |    -20.128    |     C & C     |      1.522
  19  |    -18.306    |    -19.565    |     C & C     |      1.522
  20  |    -18.203    |    -19.565    |     C & C     |      1.522
  21  |    -18.128    |    -18.625    |     C & C     |      1.523
  22  |    -18.089    |    -18.625    |     C & C     |      1.523
  23  |    -18.046    |    -18.377    |     C & H     |      1.092
  24  |    -18.034    |    -18.377    |     C & H     |      1.092
  25  |    -17.838    |    -18.296    |     C & H     |      1.092
  26  |    -17.797    |    -18.296    |     C & H     |      1.092
  27  |    -17.649    |    -18.296    |     C & H     |      1.092
  28  |    -17.585    |    -18.296    |     C & H     |      1.092
  29  |    -17.525    |    -18.076    |     C & H     |      1.092
  30  |    -17.524    |    -18.076    |     C & H     |      1.092
  31  |    -17.478    |    -18.076    |     C & H     |      1.092
  32  |    -17.390    |    -18.076    |     C & H     |      1.092
  33  |    -17.320    |    -17.640    |     C & H     |      1.092
  34  |    -17.305    |    -17.640    |     C & H     |      1.092
  35  |    -17.266    |    -17.640    |     C & H     |      1.092
  36  |    -17.257    |    -17.640    |     C & H     |      1.092
  37  |    -17.252    |    -16.991    |     C & C     |      1.522
  38  |    -17.083    |    -16.991    |     C & C     |      1.522
  39  |    -17.011    |    -16.986    |     C & H     |      1.092
  40  |    -17.004    |    -16.986    |     C & H     |      1.092
  41  |    -16.961    |    -16.986    |     C & H     |      1.092
  42  |    -16.912    |    -16.986    |     C & H     |      1.092
  43  |    -16.888    |    -15.800    |     C & H     |      1.091
  44  |    -16.786    |    -15.800    |     C & H     |      1.091
  45  |    -16.712    |    -15.800    |     C & H     |      1.091
  46  |    -16.650    |    -15.800    |     C & H     |      1.091
  47  |    -16.531    |    -14.109    |     C & H     |      1.089
  48  |    -16.416    |    -14.109    |     C & H     |      1.089
  49  |    -16.297    |    -14.109    |     C & H     |      1.089
  50  |    -16.206    |    -14.109    |     C & H     |      1.089
  51  |    -16.164    |    -13.604    |     C & H     |      1.088
  52  |    -16.161    |    -13.604    |     C & H     |      1.088
------------------------------------------------------------------------
------------------------------------------------------------------------
  sum |  -1263.411    |  -1263.411    |
------------------------------------------------------------------------
  nuc |   +755.011    |   +755.011    |
------------------------------------------------------------------------
------------------------------------------------------------------------
  sum |   -508.39964  |   -508.39964  |

 *** HF reference energy = -508.39964


