

 system info:
 ------------
 molecule          = c6h14
 point group       = C1
 basis set         = 631g

 localization      = ibo
 assignment        = iao

 electrons         = 50
 occupied orbitals = 25
 virtual orbitals  = 57
 total orbitals    = 82

 git version: 10e1aea34ba03e68787f22806d22a297be1e874e


 ** hartree-fock

  MO  |   canonical   |   localized   |     atom(s)    |   bond length
------------------------------------------------------------------------
   0  |    -39.847    |    -39.857    |       C       |           
   1  |    -39.843    |    -39.857    |       C       |           
   2  |    -39.131    |    -39.121    |       C       |           
   3  |    -39.127    |    -39.121    |       C       |           
   4  |    -37.436    |    -37.433    |       C       |           
   5  |    -37.436    |    -37.433    |       C       |           
   6  |    -15.146    |    -15.683    |     C & C     |      1.522
   7  |    -14.255    |    -15.339    |     C & C     |      1.523
   8  |    -13.793    |    -15.339    |     C & C     |      1.523
   9  |    -13.766    |    -14.136    |     C & C     |      1.522
  10  |    -13.519    |    -14.136    |     C & C     |      1.522
  11  |    -13.328    |    -13.465    |     C & H     |      1.092
  12  |    -13.211    |    -13.465    |     C & H     |      1.092
  13  |    -13.151    |    -13.465    |     C & H     |      1.092
  14  |    -13.053    |    -13.465    |     C & H     |      1.092
  15  |    -12.943    |    -12.778    |     C & H     |      1.091
  16  |    -12.800    |    -12.778    |     C & H     |      1.091
  17  |    -12.732    |    -12.778    |     C & H     |      1.091
  18  |    -12.451    |    -12.778    |     C & H     |      1.091
  19  |    -12.449    |    -11.447    |     C & H     |      1.089
  20  |    -12.439    |    -11.447    |     C & H     |      1.089
  21  |    -12.402    |    -11.447    |     C & H     |      1.089
  22  |    -12.144    |    -11.447    |     C & H     |      1.089
  23  |    -11.980    |    -11.066    |     C & H     |      1.088
  24  |    -11.962    |    -11.066    |     C & H     |      1.088
------------------------------------------------------------------------
------------------------------------------------------------------------
  sum |   -480.347    |   -480.347    |
------------------------------------------------------------------------
  nuc |   +245.076    |   +245.076    |
------------------------------------------------------------------------
------------------------------------------------------------------------
  sum |   -235.27115  |   -235.27115  |

 *** HF reference energy = -235.27115


