

 system info:
 ------------
 molecule          = c7h16
 point group       = C1
 basis set         = 631g

 localization      = ibo
 assignment        = iao

 electrons         = 58
 occupied orbitals = 29
 virtual orbitals  = 66
 total orbitals    = 95

 git version: fafabb1a06b23cfb5efc7de7920321bdfea09cfd


 ** hartree-fock

  MO  |   canonical   |   localized   |     atom(s)    |   bond length
------------------------------------------------------------------------
   0  |    -40.764    |    -40.882    |       C       |           
   1  |    -40.763    |    -40.660    |       C       |           
   2  |    -40.646    |    -40.660    |       C       |           
   3  |    -39.772    |    -39.761    |       C       |           
   4  |    -39.771    |    -39.761    |       C       |           
   5  |    -37.979    |    -37.975    |       C       |           
   6  |    -37.979    |    -37.975    |       C       |           
   7  |    -16.101    |    -16.591    |     C & C     |      1.522
   8  |    -15.236    |    -16.591    |     C & C     |      1.522
   9  |    -14.844    |    -16.056    |     C & C     |      1.523
  10  |    -14.789    |    -16.056    |     C & C     |      1.523
  11  |    -14.481    |    -14.725    |     C & C     |      1.522
  12  |    -14.404    |    -14.725    |     C & C     |      1.522
  13  |    -14.141    |    -14.448    |     C & H     |      1.092
  14  |    -14.016    |    -14.448    |     C & H     |      1.092
  15  |    -14.002    |    -14.261    |     C & H     |      1.092
  16  |    -13.905    |    -14.261    |     C & H     |      1.092
  17  |    -13.887    |    -14.261    |     C & H     |      1.092
  18  |    -13.840    |    -14.261    |     C & H     |      1.092
  19  |    -13.650    |    -13.407    |     C & H     |      1.091
  20  |    -13.442    |    -13.407    |     C & H     |      1.091
  21  |    -13.360    |    -13.407    |     C & H     |      1.091
  22  |    -13.324    |    -13.407    |     C & H     |      1.091
  23  |    -13.319    |    -11.986    |     C & H     |      1.089
  24  |    -13.164    |    -11.986    |     C & H     |      1.089
  25  |    -13.053    |    -11.986    |     C & H     |      1.089
  26  |    -12.866    |    -11.986    |     C & H     |      1.089
  27  |    -12.845    |    -11.570    |     C & H     |      1.088
  28  |    -12.725    |    -11.569    |     C & H     |      1.088
------------------------------------------------------------------------
------------------------------------------------------------------------
  sum |   -583.068    |   -583.068    |
------------------------------------------------------------------------
  nuc |   +308.778    |   +308.778    |
------------------------------------------------------------------------
------------------------------------------------------------------------
  sum |   -274.28950  |   -274.28950  |

 *** HF reference energy = -274.28950


