

 system info:
 ------------
 molecule          = c8h18
 point group       = C1
 basis set         = 631g

 localization      = ibo
 assignment        = iao

 electrons         = 66
 occupied orbitals = 33
 virtual orbitals  = 75
 total orbitals    = 108

 git version: fafabb1a06b23cfb5efc7de7920321bdfea09cfd


 ** hartree-fock

  MO  |   canonical   |   localized   |     atom(s)    |   bond length
------------------------------------------------------------------------
   0  |    -41.585    |    -41.685    |       C       |           
   1  |    -41.563    |    -41.685    |       C       |           
   2  |    -41.406    |    -41.300    |       C       |           
   3  |    -41.385    |    -41.300    |       C       |           
   4  |    -40.314    |    -40.303    |       C       |           
   5  |    -40.314    |    -40.303    |       C       |           
   6  |    -38.443    |    -38.439    |       C       |           
   7  |    -38.443    |    -38.439    |       C       |           
   8  |    -16.938    |    -17.500    |     C & C     |      1.522
   9  |    -16.092    |    -17.308    |     C & C     |      1.522
  10  |    -15.758    |    -17.308    |     C & C     |      1.522
  11  |    -15.682    |    -16.645    |     C & C     |      1.523
  12  |    -15.358    |    -16.645    |     C & C     |      1.523
  13  |    -15.337    |    -15.244    |     C & H     |      1.092
  14  |    -14.986    |    -15.244    |     C & H     |      1.092
  15  |    -14.962    |    -15.244    |     C & H     |      1.092
  16  |    -14.871    |    -15.244    |     C & H     |      1.092
  17  |    -14.701    |    -15.226    |     C & C     |      1.522
  18  |    -14.603    |    -15.226    |     C & C     |      1.522
  19  |    -14.544    |    -14.890    |     C & H     |      1.092
  20  |    -14.507    |    -14.890    |     C & H     |      1.092
  21  |    -14.439    |    -14.890    |     C & H     |      1.092
  22  |    -14.410    |    -14.890    |     C & H     |      1.092
  23  |    -14.178    |    -13.947    |     C & H     |      1.091
  24  |    -14.158    |    -13.947    |     C & H     |      1.091
  25  |    -14.147    |    -13.947    |     C & H     |      1.091
  26  |    -14.143    |    -13.947    |     C & H     |      1.091
  27  |    -14.032    |    -12.444    |     C & H     |      1.089
  28  |    -13.869    |    -12.444    |     C & H     |      1.089
  29  |    -13.676    |    -12.444    |     C & H     |      1.089
  30  |    -13.628    |    -12.444    |     C & H     |      1.089
  31  |    -13.517    |    -12.007    |     C & H     |      1.088
  32  |    -13.432    |    -12.007    |     C & H     |      1.088
------------------------------------------------------------------------
------------------------------------------------------------------------
  sum |   -689.423    |   -689.423    |
------------------------------------------------------------------------
  nuc |   +376.116    |   +376.116    |
------------------------------------------------------------------------
------------------------------------------------------------------------
  sum |   -313.30786  |   -313.30786  |

 *** HF reference energy = -313.30786


