

 system info:
 ------------
 molecule          = c9h20
 point group       = C1
 basis set         = 631g

 localization      = ibo
 assignment        = iao

 electrons         = 74
 occupied orbitals = 37
 virtual orbitals  = 84
 total orbitals    = 121

 git version: fafabb1a06b23cfb5efc7de7920321bdfea09cfd


 ** hartree-fock

  MO  |   canonical   |   localized   |     atom(s)    |   bond length
------------------------------------------------------------------------
   0  |    -42.309    |    -42.488    |       C       |           
   1  |    -42.284    |    -42.325    |       C       |           
   2  |    -42.076    |    -42.325    |       C       |           
   3  |    -42.075    |    -41.842    |       C       |           
   4  |    -42.045    |    -41.842    |       C       |           
   5  |    -40.779    |    -40.766    |       C       |           
   6  |    -40.779    |    -40.766    |       C       |           
   7  |    -38.852    |    -38.849    |       C       |           
   8  |    -38.852    |    -38.849    |       C       |           
   9  |    -17.685    |    -18.216    |     C & C     |      1.522
  10  |    -16.852    |    -18.216    |     C & C     |      1.522
  11  |    -16.574    |    -17.897    |     C & C     |      1.522
  12  |    -16.471    |    -17.897    |     C & C     |      1.522
  13  |    -16.203    |    -17.146    |     C & C     |      1.523
  14  |    -16.161    |    -17.146    |     C & C     |      1.523
  15  |    -15.856    |    -16.040    |     C & H     |      1.092
  16  |    -15.696    |    -16.040    |     C & H     |      1.092
  17  |    -15.574    |    -15.873    |     C & H     |      1.092
  18  |    -15.515    |    -15.873    |     C & H     |      1.092
  19  |    -15.442    |    -15.872    |     C & H     |      1.092
  20  |    -15.334    |    -15.872    |     C & H     |      1.092
  21  |    -15.269    |    -15.661    |     C & C     |      1.522
  22  |    -15.202    |    -15.661    |     C & C     |      1.522
  23  |    -15.113    |    -15.430    |     C & H     |      1.092
  24  |    -15.035    |    -15.430    |     C & H     |      1.092
  25  |    -14.948    |    -15.430    |     C & H     |      1.092
  26  |    -14.911    |    -15.430    |     C & H     |      1.092
  27  |    -14.892    |    -14.406    |     C & H     |      1.091
  28  |    -14.860    |    -14.406    |     C & H     |      1.091
  29  |    -14.852    |    -14.406    |     C & H     |      1.091
  30  |    -14.682    |    -14.406    |     C & H     |      1.091
  31  |    -14.605    |    -12.851    |     C & H     |      1.089
  32  |    -14.411    |    -12.851    |     C & H     |      1.089
  33  |    -14.343    |    -12.851    |     C & H     |      1.089
  34  |    -14.259    |    -12.851    |     C & H     |      1.089
  35  |    -14.120    |    -12.393    |     C & H     |      1.088
  36  |    -14.084    |    -12.393    |     C & H     |      1.088
------------------------------------------------------------------------
------------------------------------------------------------------------
  sum |   -799.000    |   -799.000    |
------------------------------------------------------------------------
  nuc |   +446.674    |   +446.674    |
------------------------------------------------------------------------
------------------------------------------------------------------------
  sum |   -352.32621  |   -352.32621  |

 *** HF reference energy = -352.32621


