

 system info:
 ------------
 molecule          = h2o
 point group       = C2v
 basis set         = ccpvdz

 localization      = ibo
 assignment        = iao
 xc functional     = pbe

 electrons         = 10
 occupied orbitals = 5
 virtual orbitals  = 19
 total orbitals    = 24

 git version: 6ffb74d1558618696df1601a384a1915186eee3a




 ** hartree-fock
 ---------------

------------------------------------------------------------------------
                         ground-state energy                          
------------------------------------------------------------------------
  MO  |   canonical   |   localized   |     atom(s)   |   bond length
------------------------------------------------------------------------
------------------------------------------------------------------------
   0  |    -53.152    |    -69.178    |       O       |           
   1  |     -8.710    |     -5.532    |     O & H     |      1.900
   2  |     -7.344    |     -5.532    |     H & O     |      1.900
   3  |     -5.563    |
   4  |     -5.473    |
------------------------------------------------------------------------
------------------------------------------------------------------------
  sum |    -80.242    |    -80.242    |
------------------------------------------------------------------------
  nuc |     +4.633    |     +4.633    |
------------------------------------------------------------------------
------------------------------------------------------------------------
  tot |    -75.60894  |    -75.60894  |

 *** HF reference energy = -75.60894


----------------------------------------------------------------------------------------------------------------
                                     ground-state dipole moment                                     
----------------------------------------------------------------------------------------------------------------
  MO  |             canonical             |            localized              |     atom(s)   |   bond length
----------------------------------------------------------------------------------------------------------------
      |     x     /     y     /     z     |     x     /     y     /     z     |
----------------------------------------------------------------------------------------------------------------
----------------------------------------------------------------------------------------------------------------
   0  |    0.000  /    0.000  /    0.882  |    0.000  /    0.000  /    3.122  |       O       |           
   1  |    0.000  /    0.000  /    0.834  |    2.522  /    0.000  /   -1.151  |     O & H     |      1.900
   2  |    0.000  /    0.000  /    0.870  |   -2.522  /    0.000  /   -1.151  |     H & O     |      1.900
   3  |    0.000  /    0.000  /   -0.892  |
   4  |    0.000  /    0.000  /   -0.874  |
----------------------------------------------------------------------------------------------------------------
----------------------------------------------------------------------------------------------------------------
  sum |    0.000  /    0.000  /    0.820  |    0.000  /    0.000  /    0.820  |
----------------------------------------------------------------------------------------------------------------
  nuc |    0.000  /    0.000  /    0.000  |    0.000  /    0.000  /    0.000  |
----------------------------------------------------------------------------------------------------------------
----------------------------------------------------------------------------------------------------------------
  tot |    0.000  /    0.000  /   -0.820  |    0.000  /    0.000  /   -0.820  |

 *** HF reference dipole moment =    0.000  /    0.000  /   -0.820




 ** dft
 ------

------------------------------------------------------------------------
                         ground-state energy                          
------------------------------------------------------------------------
  MO  |   canonical   |   localized   |     atom(s)   |   bond length
------------------------------------------------------------------------
------------------------------------------------------------------------
   0  |    -48.221    |    -61.990    |       O       |           
   1  |     -7.509    |     -4.909    |     O & H     |      1.900
   2  |     -6.280    |     -4.909    |     H & O     |      1.900
   3  |     -4.909    |
   4  |     -4.889    |
------------------------------------------------------------------------
------------------------------------------------------------------------
  sum |    -71.808    |    -71.808    |
------------------------------------------------------------------------
  nuc |     +4.633    |     +4.633    |
  xc  |     -8.858    |     -8.858    |
------------------------------------------------------------------------
------------------------------------------------------------------------
  tot |    -76.03400  |    -76.03400  |

 *** DFT reference energy = -76.03400


----------------------------------------------------------------------------------------------------------------
                                     ground-state dipole moment                                     
----------------------------------------------------------------------------------------------------------------
  MO  |             canonical             |            localized              |     atom(s)   |   bond length
----------------------------------------------------------------------------------------------------------------
      |     x     /     y     /     z     |     x     /     y     /     z     |
----------------------------------------------------------------------------------------------------------------
----------------------------------------------------------------------------------------------------------------
   0  |    0.000  /    0.000  /    0.882  |    0.000  /    0.000  /    2.998  |       O       |           
   1  |    0.000  /    0.000  /    0.744  |    2.585  /    0.000  /   -1.185  |     O & H     |      1.900
   2  |    0.000  /    0.000  /    0.870  |   -2.585  /    0.000  /   -1.185  |     H & O     |      1.900
   3  |    0.000  /    0.000  /   -0.922  |
   4  |    0.000  /    0.000  /   -0.947  |
----------------------------------------------------------------------------------------------------
----------------------------------------------------------------------------------------------------
  sum |    0.000  /    0.000  /    0.628  |    0.000  /    0.000  /    0.628  |
----------------------------------------------------------------------------------------------------
  nuc |    0.000  /    0.000  /    0.000  |    0.000  /    0.000  /    0.000  |
----------------------------------------------------------------------------------------------------
----------------------------------------------------------------------------------------------------
  tot |    0.000  /    0.000  /   -0.628  |    0.000  /    0.000  /   -0.628  |

 *** DFT reference dipole moment =    0.000  /    0.000  /   -0.628


