

 system info:
 ------------
 molecule          = h2o
 point group       = C2v
 basis set         = ccpvdz

 localization      = ibo
 assignment        = iao
 xc functional     = pbe

 electrons         = 10
 occupied orbitals = 5
 virtual orbitals  = 19
 total orbitals    = 24

 git version: 6ffb74d1558618696df1601a384a1915186eee3a




 ** hartree-fock
 ---------------

------------------------------------------------------------------------
                         ground-state energy                          
------------------------------------------------------------------------
  MO  |   canonical   |   localized   |     atom(s)   |   bond length
------------------------------------------------------------------------
------------------------------------------------------------------------
   0  |    -53.344    |    -69.206    |       O       |           
   1  |     -8.827    |     -6.728    |     O & H     |      1.300
   2  |     -7.430    |     -6.728    |     H & O     |      1.300
   3  |     -6.682    |
   4  |     -6.380    |
------------------------------------------------------------------------
------------------------------------------------------------------------
  sum |    -82.662    |    -82.662    |
------------------------------------------------------------------------
  nuc |     +6.771    |     +6.771    |
------------------------------------------------------------------------
------------------------------------------------------------------------
  tot |    -75.89147  |    -75.89147  |

 *** HF reference energy = -75.89147


----------------------------------------------------------------------------------------------------------------
                                     ground-state dipole moment                                     
----------------------------------------------------------------------------------------------------------------
  MO  |             canonical             |            localized              |     atom(s)   |   bond length
----------------------------------------------------------------------------------------------------------------
      |     x     /     y     /     z     |     x     /     y     /     z     |
----------------------------------------------------------------------------------------------------------------
----------------------------------------------------------------------------------------------------------------
   0  |    0.000  /    0.000  /    0.603  |    0.000  /    0.000  /    2.784  |       O       |           
   1  |    0.000  /    0.000  /    0.275  |    1.856  /    0.000  /   -0.952  |     O & H     |      1.300
   2  |    0.000  /    0.000  /    0.557  |   -1.856  /    0.000  /   -0.952  |     H & O     |      1.300
   3  |    0.000  /    0.000  /    0.003  |
   4  |    0.000  /    0.000  /   -0.559  |
----------------------------------------------------------------------------------------------------------------
----------------------------------------------------------------------------------------------------------------
  sum |    0.000  /    0.000  /    0.880  |    0.000  /    0.000  /    0.880  |
----------------------------------------------------------------------------------------------------------------
  nuc |    0.000  /    0.000  /    0.000  |    0.000  /    0.000  /    0.000  |
----------------------------------------------------------------------------------------------------------------
----------------------------------------------------------------------------------------------------------------
  tot |    0.000  /    0.000  /   -0.880  |    0.000  /    0.000  /   -0.880  |

 *** HF reference dipole moment =    0.000  /    0.000  /   -0.880




 ** dft
 ------

------------------------------------------------------------------------
                         ground-state energy                          
------------------------------------------------------------------------
  MO  |   canonical   |   localized   |     atom(s)   |   bond length
------------------------------------------------------------------------
------------------------------------------------------------------------
   0  |    -48.437    |    -62.189    |       O       |           
   1  |     -7.621    |     -5.892    |     H & O     |      1.300
   2  |     -6.420    |     -5.892    |     O & H     |      1.300
   3  |     -5.847    |
   4  |     -5.647    |
------------------------------------------------------------------------
------------------------------------------------------------------------
  sum |    -73.973    |    -73.973    |
------------------------------------------------------------------------
  nuc |     +6.771    |     +6.771    |
  xc  |     -9.040    |     -9.040    |
------------------------------------------------------------------------
------------------------------------------------------------------------
  tot |    -76.24166  |    -76.24166  |

 *** DFT reference energy = -76.24166


----------------------------------------------------------------------------------------------------------------
                                     ground-state dipole moment                                     
----------------------------------------------------------------------------------------------------------------
  MO  |             canonical             |            localized              |     atom(s)   |   bond length
----------------------------------------------------------------------------------------------------------------
      |     x     /     y     /     z     |     x     /     y     /     z     |
----------------------------------------------------------------------------------------------------------------
----------------------------------------------------------------------------------------------------------------
   0  |    0.000  /    0.000  /    0.603  |    0.000  /    0.000  /    2.674  |       O       |           
   1  |    0.000  /    0.000  /    0.092  |   -1.884  /    0.000  /   -0.977  |     H & O     |      1.300
   2  |    0.000  /    0.000  /    0.548  |    1.884  /    0.000  /   -0.977  |     O & H     |      1.300
   3  |    0.000  /    0.000  /    0.078  |
   4  |    0.000  /    0.000  /   -0.602  |
----------------------------------------------------------------------------------------------------
----------------------------------------------------------------------------------------------------
  sum |    0.000  /    0.000  /    0.720  |    0.000  /    0.000  /    0.720  |
----------------------------------------------------------------------------------------------------
  nuc |    0.000  /    0.000  /    0.000  |    0.000  /    0.000  /    0.000  |
----------------------------------------------------------------------------------------------------
----------------------------------------------------------------------------------------------------
  tot |    0.000  /    0.000  /   -0.720  |    0.000  /    0.000  /   -0.720  |

 *** DFT reference dipole moment =    0.000  /    0.000  /   -0.720


