

 system info:
 ------------
 molecule          = c10h8
 point group       = D2h
 basis set         = ccpvdz

 localization      = ibo
 assignment        = iao

 electrons         = 68
 occupied orbitals = 34
 virtual orbitals  = 146
 total orbitals    = 180

 git version: 6ffb74d1558618696df1601a384a1915186eee3a




 ** hartree-fock
 ---------------

------------------------------------------------------------------------
                         ground-state energy                          
------------------------------------------------------------------------
  MO  |   canonical   |   localized   |     atom(s)   |   bond length
------------------------------------------------------------------------
------------------------------------------------------------------------
   0  |    -44.658    |    -44.685    |       C       |           
   1  |    -44.645    |    -44.685    |       C       |           
   2  |    -42.537    |    -42.718    |       C       |           
   3  |    -42.525    |    -42.718    |       C       |           
   4  |    -42.413    |    -42.718    |       C       |           
   5  |    -42.371    |    -42.718    |       C       |           
   6  |    -42.235    |    -41.887    |       C       |           
   7  |    -42.219    |    -41.887    |       C       |           
   8  |    -42.108    |    -41.887    |       C       |           
   9  |    -42.080    |    -41.887    |       C       |           
  10  |    -19.769    |    -38.704    |     C & C     |      1.434
  11  |    -18.852    |    -34.786    |     C & C     |      1.376
  12  |    -18.624    |    -34.786    |     C & C     |      1.376
  13  |    -18.585    |    -34.786    |     C & C     |      1.376
  14  |    -18.087    |    -34.786    |     C & C     |      1.376
  15  |    -17.838    |    -19.733    |     C & C     |      1.421
  16  |    -17.708    |    -19.733    |     C & C     |      1.421
  17  |    -17.647    |    -19.733    |     C & C     |      1.421
  18  |    -17.555    |    -19.733    |     C & C     |      1.421
  19  |    -17.443    |    -18.062    |     C & C     |      1.417
  20  |    -17.297    |    -18.062    |     C & C     |      1.417
  21  |    -17.060    |    -15.477    |     C & H     |      1.087
  22  |    -16.879    |    -15.477    |     C & H     |      1.087
  23  |    -16.829    |    -15.477    |     C & H     |      1.087
  24  |    -16.713    |    -15.477    |     C & H     |      1.087
  25  |    -16.655    |    -14.517    |     C & H     |      1.086
  26  |    -16.566    |    -14.517    |     C & H     |      1.086
  27  |    -16.532    |    -14.517    |     C & H     |      1.086
  28  |    -16.283    |    -14.517    |     C & H     |      1.086
  29  |    -16.158    |
  30  |    -16.076    |
  31  |    -16.061    |
  32  |    -15.954    |
  33  |    -15.713    |
------------------------------------------------------------------------
------------------------------------------------------------------------
  sum |   -840.674    |   -840.674    |
------------------------------------------------------------------------
  nuc |   +457.291    |   +457.291    |
------------------------------------------------------------------------
------------------------------------------------------------------------
  tot |   -383.38368  |   -383.38368  |

 *** HF reference energy = -383.38368


----------------------------------------------------------------------------------------------------------------
                                     ground-state dipole moment                                     
----------------------------------------------------------------------------------------------------------------
  MO  |             canonical             |            localized              |     atom(s)   |   bond length
----------------------------------------------------------------------------------------------------------------
      |     x     /     y     /     z     |     x     /     y     /     z     |
----------------------------------------------------------------------------------------------------------------
----------------------------------------------------------------------------------------------------------------
   0  |    0.000  /    0.000  /    0.000  |    0.000  /   -2.710  /    0.000  |       C       |           
   1  |    0.000  /    0.000  /    0.000  |    0.000  /    2.710  /    0.000  |       C       |           
   2  |    0.000  /    0.000  /    0.000  |   -4.704  /   -5.300  /    0.000  |       C       |           
   3  |    0.000  /    0.000  /    0.000  |   -4.704  /    5.300  /    0.000  |       C       |           
   4  |    0.000  /    0.000  /    0.000  |    4.704  /   -5.300  /    0.000  |       C       |           
   5  |    0.000  /    0.000  /    0.000  |    4.704  /    5.300  /    0.000  |       C       |           
   6  |    0.000  /    0.000  /    0.000  |    9.196  /   -2.677  /    0.000  |       C       |           
   7  |    0.000  /    0.000  /    0.000  |    9.196  /    2.677  /    0.000  |       C       |           
   8  |    0.000  /    0.000  /    0.000  |   -9.196  /    2.677  /    0.000  |       C       |           
   9  |    0.000  /    0.000  /    0.000  |   -9.196  /   -2.677  /    0.000  |       C       |           
  10  |    0.000  /    0.000  /    0.000  |    0.000  /   -0.000  /    0.000  |     C & C     |      1.434
  11  |    0.000  /    0.000  /    0.000  |  -13.534  /    7.415  /    0.000  |     C & C     |      1.376
  12  |    0.000  /    0.000  /    0.000  |   13.534  /    7.415  /    0.000  |     C & C     |      1.376
  13  |    0.000  /    0.000  /    0.000  |   13.534  /   -7.415  /    0.000  |     C & C     |      1.376
  14  |    0.000  /    0.000  /    0.000  |  -13.534  /   -7.415  /    0.000  |     C & C     |      1.376
  15  |    0.000  /    0.000  /    0.000  |    2.334  /    4.029  /    0.000  |     C & C     |      1.421
  16  |    0.000  /    0.000  /    0.000  |   -2.334  /   -4.029  /    0.000  |     C & C     |      1.421
  17  |    0.000  /    0.000  /    0.000  |   -2.334  /    4.029  /    0.000  |     C & C     |      1.421
  18  |    0.000  /    0.000  /    0.000  |    2.334  /   -4.029  /    0.000  |     C & C     |      1.421
  19  |    0.000  /    0.000  /    0.000  |    9.243  /    0.000  /    0.000  |     C & C     |      1.417
  20  |    0.000  /    0.000  /    0.000  |   -9.243  /    0.000  /    0.000  |     C & C     |      1.417
  21  |    0.000  /    0.000  /    0.000  |   -4.685  /   -8.090  /    0.000  |     C & H     |      1.087
  22  |    0.000  /    0.000  /    0.000  |    4.685  /   -8.090  /    0.000  |     C & H     |      1.087
  23  |    0.000  /    0.000  /    0.000  |    4.685  /    8.090  /    0.000  |     C & H     |      1.087
  24  |    0.000  /    0.000  /    0.000  |   -4.685  /    8.090  /    0.000  |     C & H     |      1.087
  25  |    0.000  /    0.000  /    0.000  |   11.621  /    4.046  /    0.000  |     C & H     |      1.086
  26  |    0.000  /    0.000  /    0.000  |  -11.621  /    4.046  /    0.000  |     C & H     |      1.086
  27  |    0.000  /    0.000  /    0.000  |   11.621  /   -4.046  /    0.000  |     C & H     |      1.086
  28  |    0.000  /    0.000  /    0.000  |  -11.621  /   -4.046  /    0.000  |     C & H     |      1.086
  29  |    0.000  /    0.000  /    0.000  |
  30  |    0.000  /    0.000  /    0.000  |
  31  |    0.000  /    0.000  /    0.000  |
  32  |    0.000  /    0.000  /    0.000  |
  33  |    0.000  /    0.000  /    0.000  |
----------------------------------------------------------------------------------------------------------------
----------------------------------------------------------------------------------------------------------------
  sum |    0.000  /    0.000  /    0.000  |    0.000  /    0.000  /    0.000  |
----------------------------------------------------------------------------------------------------------------
  nuc |    0.000  /    0.000  /    0.000  |    0.000  /    0.000  /    0.000  |
----------------------------------------------------------------------------------------------------------------
----------------------------------------------------------------------------------------------------------------
  tot |    0.000  /    0.000  /    0.000  |    0.000  /    0.000  /    0.000  |

 *** HF reference dipole moment =    0.000  /    0.000  /    0.000


